2025-06-20 14:13:36.291 [info] [main] Log level: Info
2025-06-20 14:13:36.291 [info] [main] Validating found git in: "git"
2025-06-20 14:13:36.291 [info] [main] Using git "2.50.0" from "git"
2025-06-20 14:13:36.291 [info] [Model][doInitialScan] Initial repository scan started
2025-06-20 14:13:36.291 [info] > git rev-parse --show-toplevel [2ms]
2025-06-20 14:13:36.291 [info] > git rev-parse --git-dir --git-common-dir [2ms]
2025-06-20 14:13:36.291 [info] [Model][openRepository] Opened repository (path): /home/dan/Documents/projects/quest
2025-06-20 14:13:36.291 [info] [Model][openRepository] Opened repository (real path): /home/dan/Documents/projects/quest
2025-06-20 14:13:36.291 [info] > git rev-parse --show-toplevel [11ms]
2025-06-20 14:13:36.291 [info] > git config --get commit.template [16ms]
2025-06-20 14:13:36.291 [info] > git rev-parse --show-toplevel [18ms]
2025-06-20 14:13:36.291 [info] [Model][doInitialScan] Initial repository scan completed - repositories (1), closed repositories (0), parent repositories (0), unsafe repositories (0)
2025-06-20 14:13:36.291 [info] > git for-each-ref --format=%(refname)%00%(upstream:short)%00%(objectname)%00%(upstream:track)%00%(upstream:remotename)%00%(upstream:remoteref) refs/heads/main refs/remotes/main [11ms]
2025-06-20 14:13:36.291 [warning] [Git][revParse] Unable to read file: ENOENT: no such file or directory, open '/home/dan/Documents/projects/quest/.git/refs/remotes/origin/main'
2025-06-20 14:13:36.291 [info] > git rev-parse refs/remotes/origin/main [1ms]
2025-06-20 14:13:36.292 [info] > git status -z -uall [9ms]
2025-06-20 14:13:36.293 [info] > git for-each-ref --sort -committerdate --format %(refname)%00%(objectname)%00%(*objectname) [3ms]
2025-06-20 14:13:37.038 [info] > git config --get commit.template [715ms]
2025-06-20 14:13:37.038 [info] > git for-each-ref --format=%(refname)%00%(upstream:short)%00%(objectname)%00%(upstream:track)%00%(upstream:remotename)%00%(upstream:remoteref) refs/heads/main refs/remotes/main [723ms]
2025-06-20 14:13:37.154 [info] > git check-ignore -v -z --stdin [99ms]
2025-06-20 14:13:37.164 [info] > git config --get --local branch.main.vscode-merge-base [117ms]
2025-06-20 14:13:37.316 [info] > git for-each-ref --format=%(refname)%00%(upstream:short)%00%(objectname)%00%(upstream:track)%00%(upstream:remotename)%00%(upstream:remoteref) refs/heads/origin/main refs/remotes/origin/main [143ms]
2025-06-20 14:13:37.346 [info] > git merge-base refs/heads/main refs/remotes/origin/main [20ms]
2025-06-20 14:13:37.355 [info] > git for-each-ref --format=%(refname)%00%(upstream:short)%00%(objectname)%00%(upstream:track)%00%(upstream:remotename)%00%(upstream:remoteref) refs/heads/main refs/remotes/main [41ms]
2025-06-20 14:13:37.365 [warning] [Git][revParse] Unable to read file: ENOENT: no such file or directory, open '/home/dan/Documents/projects/quest/.git/refs/remotes/origin/main'
2025-06-20 14:13:37.366 [info] > git diff --name-status -z --diff-filter=ADMR 36f212a9031bca0b2433185739ea635533011070...refs/remotes/origin/main [11ms]
2025-06-20 14:13:37.372 [info] > git rev-parse refs/remotes/origin/main [7ms]
2025-06-20 14:13:37.399 [info] > git status -z -uall [20ms]
2025-06-20 14:13:37.415 [info] > git for-each-ref --sort -committerdate --format %(refname)%00%(objectname)%00%(*objectname) [28ms]
