2025-06-19 11:57:38.141 [info] ComputeTargetPlatform: linux-x64
2025-06-19 11:57:40.097 [info] ComputeTargetPlatform: linux-x64
2025-06-19 11:58:03.576 [info] Getting Manifest... yoavbls.pretty-ts-errors
2025-06-19 11:58:04.308 [info] Installing extension: yoavbls.pretty-ts-errors {"isMachineScoped":false,"installPreReleaseVersion":false,"pinned":false,"profileLocation":{"$mid":1,"external":"vscode-userdata:/home/dan/.vscode-oss/extensions/extensions.json","path":"/home/dan/.vscode-oss/extensions/extensions.json","scheme":"vscode-userdata"},"isApplicationScoped":false,"productVersion":{"version":"1.101.03933","date":"2025-06-12T21:31:35.492Z"}}
2025-06-19 11:58:05.298 [info] Extracted extension to file:///home/dan/.vscode-oss/extensions/yoavbls.pretty-ts-errors-0.5.3-universal: yoavbls.pretty-ts-errors
2025-06-19 11:58:05.304 [info] Renamed to /home/dan/.vscode-oss/extensions/yoavbls.pretty-ts-errors-0.5.3-universal
2025-06-19 11:58:05.321 [info] Extension installed successfully: yoavbls.pretty-ts-errors vscode-userdata:/home/dan/.vscode-oss/extensions/extensions.json
2025-06-19 11:58:18.698 [info] Getting Manifest... mattpocock.ts-error-translator
2025-06-19 11:58:18.949 [info] Installing extension: mattpocock.ts-error-translator {"isMachineScoped":false,"installPreReleaseVersion":false,"pinned":false,"profileLocation":{"$mid":1,"external":"vscode-userdata:/home/dan/.vscode-oss/extensions/extensions.json","path":"/home/dan/.vscode-oss/extensions/extensions.json","scheme":"vscode-userdata"},"isApplicationScoped":false,"productVersion":{"version":"1.101.03933","date":"2025-06-12T21:31:35.492Z"}}
2025-06-19 11:58:19.509 [info] Extracted extension to file:///home/dan/.vscode-oss/extensions/mattpocock.ts-error-translator-0.10.1-universal: mattpocock.ts-error-translator
2025-06-19 11:58:19.513 [info] Renamed to /home/dan/.vscode-oss/extensions/mattpocock.ts-error-translator-0.10.1-universal
2025-06-19 11:58:19.529 [info] Extension installed successfully: mattpocock.ts-error-translator vscode-userdata:/home/dan/.vscode-oss/extensions/extensions.json
2025-06-19 11:58:44.735 [info] Getting Manifest... dbaeumer.vscode-eslint
2025-06-19 11:58:44.960 [info] Installing extension: dbaeumer.vscode-eslint {"isMachineScoped":false,"installPreReleaseVersion":false,"pinned":false,"profileLocation":{"$mid":1,"external":"vscode-userdata:/home/dan/.vscode-oss/extensions/extensions.json","path":"/home/dan/.vscode-oss/extensions/extensions.json","scheme":"vscode-userdata"},"isApplicationScoped":false,"productVersion":{"version":"1.101.03933","date":"2025-06-12T21:31:35.492Z"}}
2025-06-19 11:58:45.529 [info] Extracted extension to file:///home/dan/.vscode-oss/extensions/dbaeumer.vscode-eslint-3.0.10-universal: dbaeumer.vscode-eslint
2025-06-19 11:58:45.534 [info] Renamed to /home/dan/.vscode-oss/extensions/dbaeumer.vscode-eslint-3.0.10-universal
2025-06-19 11:58:45.556 [info] Extension installed successfully: dbaeumer.vscode-eslint vscode-userdata:/home/dan/.vscode-oss/extensions/extensions.json
2025-06-19 11:59:17.039 [info] Getting Manifest... gruntfuggly.todo-tree
2025-06-19 11:59:17.359 [info] Installing extension: gruntfuggly.todo-tree {"isMachineScoped":false,"installPreReleaseVersion":false,"pinned":false,"profileLocation":{"$mid":1,"external":"vscode-userdata:/home/dan/.vscode-oss/extensions/extensions.json","path":"/home/dan/.vscode-oss/extensions/extensions.json","scheme":"vscode-userdata"},"isApplicationScoped":false,"productVersion":{"version":"1.101.03933","date":"2025-06-12T21:31:35.492Z"}}
2025-06-19 11:59:18.032 [info] Extracted extension to file:///home/dan/.vscode-oss/extensions/gruntfuggly.todo-tree-0.0.215-universal: gruntfuggly.todo-tree
2025-06-19 11:59:18.039 [info] Renamed to /home/dan/.vscode-oss/extensions/gruntfuggly.todo-tree-0.0.215-universal
2025-06-19 11:59:18.063 [info] Extension installed successfully: gruntfuggly.todo-tree vscode-userdata:/home/dan/.vscode-oss/extensions/extensions.json
2025-06-19 12:00:50.012 [info] Getting Manifest... usernamehw.errorlens
2025-06-19 12:00:50.587 [info] Installing extension: usernamehw.errorlens {"isMachineScoped":false,"installPreReleaseVersion":false,"pinned":false,"profileLocation":{"$mid":1,"external":"vscode-userdata:/home/dan/.vscode-oss/extensions/extensions.json","path":"/home/dan/.vscode-oss/extensions/extensions.json","scheme":"vscode-userdata"},"isApplicationScoped":false,"productVersion":{"version":"1.101.03933","date":"2025-06-12T21:31:35.492Z"}}
2025-06-19 12:00:50.905 [info] Extracted extension to file:///home/dan/.vscode-oss/extensions/usernamehw.errorlens-3.26.0-universal: usernamehw.errorlens
2025-06-19 12:00:50.911 [info] Renamed to /home/dan/.vscode-oss/extensions/usernamehw.errorlens-3.26.0-universal
2025-06-19 12:00:50.935 [info] Extension installed successfully: usernamehw.errorlens vscode-userdata:/home/dan/.vscode-oss/extensions/extensions.json
2025-06-19 12:00:59.581 [info] Getting Manifest... esbenp.prettier-vscode
2025-06-19 12:00:59.816 [info] Installing extension: esbenp.prettier-vscode {"isMachineScoped":false,"installPreReleaseVersion":false,"pinned":false,"profileLocation":{"$mid":1,"external":"vscode-userdata:/home/dan/.vscode-oss/extensions/extensions.json","path":"/home/dan/.vscode-oss/extensions/extensions.json","scheme":"vscode-userdata"},"isApplicationScoped":false,"productVersion":{"version":"1.101.03933","date":"2025-06-12T21:31:35.492Z"}}
2025-06-19 12:01:00.893 [info] Extracted extension to file:///home/dan/.vscode-oss/extensions/esbenp.prettier-vscode-11.0.0-universal: esbenp.prettier-vscode
2025-06-19 12:01:00.899 [info] Renamed to /home/dan/.vscode-oss/extensions/esbenp.prettier-vscode-11.0.0-universal
2025-06-19 12:01:00.920 [info] Extension installed successfully: esbenp.prettier-vscode vscode-userdata:/home/dan/.vscode-oss/extensions/extensions.json
2025-06-19 12:01:16.931 [info] Getting Manifest... dsznajder.es7-react-js-snippets
2025-06-19 12:01:17.160 [info] Installing extension: dsznajder.es7-react-js-snippets {"isMachineScoped":false,"installPreReleaseVersion":false,"pinned":false,"profileLocation":{"$mid":1,"external":"vscode-userdata:/home/dan/.vscode-oss/extensions/extensions.json","path":"/home/dan/.vscode-oss/extensions/extensions.json","scheme":"vscode-userdata"},"isApplicationScoped":false,"productVersion":{"version":"1.101.03933","date":"2025-06-12T21:31:35.492Z"}}
2025-06-19 12:01:19.283 [info] Extracted extension to file:///home/dan/.vscode-oss/extensions/dsznajder.es7-react-js-snippets-4.4.3-universal: dsznajder.es7-react-js-snippets
2025-06-19 12:01:19.289 [info] Renamed to /home/dan/.vscode-oss/extensions/dsznajder.es7-react-js-snippets-4.4.3-universal
2025-06-19 12:01:19.309 [info] Extension installed successfully: dsznajder.es7-react-js-snippets vscode-userdata:/home/dan/.vscode-oss/extensions/extensions.json
2025-06-19 12:04:34.877 [info] Getting Manifest... bradlc.vscode-tailwindcss
2025-06-19 12:04:35.542 [info] Installing extension: bradlc.vscode-tailwindcss {"isMachineScoped":false,"installPreReleaseVersion":false,"pinned":false,"profileLocation":{"$mid":1,"external":"vscode-userdata:/home/dan/.vscode-oss/extensions/extensions.json","path":"/home/dan/.vscode-oss/extensions/extensions.json","scheme":"vscode-userdata"},"isApplicationScoped":false,"productVersion":{"version":"1.101.03933","date":"2025-06-12T21:31:35.492Z"}}
2025-06-19 12:04:36.662 [info] Extracted extension to file:///home/dan/.vscode-oss/extensions/bradlc.vscode-tailwindcss-0.14.22-universal: bradlc.vscode-tailwindcss
2025-06-19 12:04:36.669 [info] Renamed to /home/dan/.vscode-oss/extensions/bradlc.vscode-tailwindcss-0.14.22-universal
2025-06-19 12:04:36.690 [info] Extension installed successfully: bradlc.vscode-tailwindcss vscode-userdata:/home/dan/.vscode-oss/extensions/extensions.json
2025-06-19 12:05:13.760 [info] Getting Manifest... heybourn.headwind
2025-06-19 12:05:14.144 [info] Installing extension: heybourn.headwind {"isMachineScoped":false,"installPreReleaseVersion":false,"pinned":false,"profileLocation":{"$mid":1,"external":"vscode-userdata:/home/dan/.vscode-oss/extensions/extensions.json","path":"/home/dan/.vscode-oss/extensions/extensions.json","scheme":"vscode-userdata"},"isApplicationScoped":false,"productVersion":{"version":"1.101.03933","date":"2025-06-12T21:31:35.492Z"}}
2025-06-19 12:05:15.645 [info] Extracted extension to file:///home/dan/.vscode-oss/extensions/heybourn.headwind-2.0.0-universal: heybourn.headwind
2025-06-19 12:05:15.656 [info] Renamed to /home/dan/.vscode-oss/extensions/heybourn.headwind-2.0.0-universal
2025-06-19 12:05:15.683 [info] Extension installed successfully: heybourn.headwind vscode-userdata:/home/dan/.vscode-oss/extensions/extensions.json
