2025-06-13 15:54:46.687 [warning] Via 'product.json#extensionEnabledApiProposals' extension 'ms-vsliveshare.vsliveshare' wants API proposal 'notebookCellExecutionState' but that proposal DOES NOT EXIST. Likely, the proposal has been finalized (check 'vscode.d.ts') or was abandoned.
2025-06-13 15:54:46.696 [warning] Via 'product.json#extensionEnabledApiProposals' extension 'ms-python.gather' wants API proposal 'notebookCellExecutionState' but that proposal DOES NOT EXIST. Likely, the proposal has been finalized (check 'vscode.d.ts') or was abandoned.
2025-06-13 15:54:46.696 [warning] Via 'product.json#extensionEnabledApiProposals' extension 'ms-python.vscode-pylance' wants API proposal 'mcpConfigurationProvider' but that proposal DOES NOT EXIST. Likely, the proposal has been finalized (check 'vscode.d.ts') or was abandoned.
2025-06-13 15:54:46.915 [info] Started local extension host with pid 40616.
2025-06-13 15:54:47.180 [info] ComputeTargetPlatform: linux-x64
2025-06-13 15:54:49.851 [info] [perf] Render performance baseline is 19ms
2025-06-13 15:54:50.455 [error] Error while getting the latest version for the extension dbaeumer.vscode-eslint from https://open-vsx.org/vscode/gallery/vscode/{publisher}/{name}/latest. Trying the fallback https://open-vsx.org/vscode/gallery/{publisher}/{name}/latest Unexpected token '<', "<!DOCTYPE "... is not valid JSON:
<!DOCTYPE html>
<html lang="en">

<head>
    <title>Open VSX Registry</title>
    <meta charset="UTF-8">
    <meta name="viewport" content="width=device-width, initial-scale=1">
    <link rel="stylesheet" href="https://fonts.googleapis.com/css?family=Roboto:300,400,500,700&display=swap" />

    <!-- Google Tag Manager -->
    <script>(function(w,d,s,l,i){w[l]=w[l]||[];w[l].push({'gtm.start':
    new Date().getTime(),event:'gtm.js'});var f=d.getElementsByTagName(s)[0],
    j=d.createElement(s),dl=l!='dataLayer'?'&l='+l:'';j.async=true;j.src=
    'https://www.googletagmanager.com/gtm.js?id='+i+dl;f.parentNode.insertBefore(j,f);
    })(window,document,'script','dataLayer','GTM-5WLCZXC');</script>

    <!-- Eclipse Cookie Consent -->
    <link rel="stylesheet" type="text/css"
        href="//www.eclipse.org/eclipse.org-common/themes/solstice/public/stylesheets/vendor/cookieconsent/cookieconsent.min.css" />
    <script
        src="//www.eclipse.org/eclipse.org-common/themes/solstice/public/javascript/vendor/cookieconsent/default.min.js">
    </script>
    <style>
        a.cc-btn.cc-allow {
            background-color: #c160ef;
        }
        a.cc-btn.cc-allow:hover, a.cc-btn.cc-allow:focus {
            background-color: #444;
        }
        .cc-revoke {
            display: none !important;
        }
        @media (prefers-color-scheme: dark) {
          body {
            background-color: #121212;
          }
        }
    </style>
</head>

<body>
    <!-- Google Tag Manager (noscript) -->
    <noscript><iframe title="Google Tag Manager" src="https://www.googletagmanager.com/ns.html?id=GTM-5WLCZXC" height="0" width="0" style="display:none;visibility:hidden"></iframe></noscript>
    <!-- End Google Tag Manager (noscript) -->
    <div id="main"></div>
    <script src='/bundle.js' ></script>
</body>

</html>

2025-06-13 15:54:50.649 [error] Error while getting the latest version for the extension esbenp.prettier-vscode from https://open-vsx.org/vscode/gallery/vscode/{publisher}/{name}/latest. Trying the fallback https://open-vsx.org/vscode/gallery/{publisher}/{name}/latest Unexpected token '<', "<!DOCTYPE "... is not valid JSON:
<!DOCTYPE html>
<html lang="en">

<head>
    <title>Open VSX Registry</title>
    <meta charset="UTF-8">
    <meta name="viewport" content="width=device-width, initial-scale=1">
    <link rel="stylesheet" href="https://fonts.googleapis.com/css?family=Roboto:300,400,500,700&display=swap" />

    <!-- Google Tag Manager -->
    <script>(function(w,d,s,l,i){w[l]=w[l]||[];w[l].push({'gtm.start':
    new Date().getTime(),event:'gtm.js'});var f=d.getElementsByTagName(s)[0],
    j=d.createElement(s),dl=l!='dataLayer'?'&l='+l:'';j.async=true;j.src=
    'https://www.googletagmanager.com/gtm.js?id='+i+dl;f.parentNode.insertBefore(j,f);
    })(window,document,'script','dataLayer','GTM-5WLCZXC');</script>

    <!-- Eclipse Cookie Consent -->
    <link rel="stylesheet" type="text/css"
        href="//www.eclipse.org/eclipse.org-common/themes/solstice/public/stylesheets/vendor/cookieconsent/cookieconsent.min.css" />
    <script
        src="//www.eclipse.org/eclipse.org-common/themes/solstice/public/javascript/vendor/cookieconsent/default.min.js">
    </script>
    <style>
        a.cc-btn.cc-allow {
            background-color: #c160ef;
        }
        a.cc-btn.cc-allow:hover, a.cc-btn.cc-allow:focus {
            background-color: #444;
        }
        .cc-revoke {
            display: none !important;
        }
        @media (prefers-color-scheme: dark) {
          body {
            background-color: #121212;
          }
        }
    </style>
</head>

<body>
    <!-- Google Tag Manager (noscript) -->
    <noscript><iframe title="Google Tag Manager" src="https://www.googletagmanager.com/ns.html?id=GTM-5WLCZXC" height="0" width="0" style="display:none;visibility:hidden"></iframe></noscript>
    <!-- End Google Tag Manager (noscript) -->
    <div id="main"></div>
    <script src='/bundle.js' ></script>
</body>

</html>

2025-06-13 15:54:50.756 [error] Error while getting the latest version for the extension streetsidesoftware.code-spell-checker from https://open-vsx.org/vscode/gallery/vscode/{publisher}/{name}/latest. Trying the fallback https://open-vsx.org/vscode/gallery/{publisher}/{name}/latest Unexpected token '<', "<!DOCTYPE "... is not valid JSON:
<!DOCTYPE html>
<html lang="en">

<head>
    <title>Open VSX Registry</title>
    <meta charset="UTF-8">
    <meta name="viewport" content="width=device-width, initial-scale=1">
    <link rel="stylesheet" href="https://fonts.googleapis.com/css?family=Roboto:300,400,500,700&display=swap" />

    <!-- Google Tag Manager -->
    <script>(function(w,d,s,l,i){w[l]=w[l]||[];w[l].push({'gtm.start':
    new Date().getTime(),event:'gtm.js'});var f=d.getElementsByTagName(s)[0],
    j=d.createElement(s),dl=l!='dataLayer'?'&l='+l:'';j.async=true;j.src=
    'https://www.googletagmanager.com/gtm.js?id='+i+dl;f.parentNode.insertBefore(j,f);
    })(window,document,'script','dataLayer','GTM-5WLCZXC');</script>

    <!-- Eclipse Cookie Consent -->
    <link rel="stylesheet" type="text/css"
        href="//www.eclipse.org/eclipse.org-common/themes/solstice/public/stylesheets/vendor/cookieconsent/cookieconsent.min.css" />
    <script
        src="//www.eclipse.org/eclipse.org-common/themes/solstice/public/javascript/vendor/cookieconsent/default.min.js">
    </script>
    <style>
        a.cc-btn.cc-allow {
            background-color: #c160ef;
        }
        a.cc-btn.cc-allow:hover, a.cc-btn.cc-allow:focus {
            background-color: #444;
        }
        .cc-revoke {
            display: none !important;
        }
        @media (prefers-color-scheme: dark) {
          body {
            background-color: #121212;
          }
        }
    </style>
</head>

<body>
    <!-- Google Tag Manager (noscript) -->
    <noscript><iframe title="Google Tag Manager" src="https://www.googletagmanager.com/ns.html?id=GTM-5WLCZXC" height="0" width="0" style="display:none;visibility:hidden"></iframe></noscript>
    <!-- End Google Tag Manager (noscript) -->
    <div id="main"></div>
    <script src='/bundle.js' ></script>
</body>

</html>

2025-06-13 15:54:50.973 [error] Error while getting the latest version for the extension mattpocock.ts-error-translator from https://open-vsx.org/vscode/gallery/vscode/{publisher}/{name}/latest. Trying the fallback https://open-vsx.org/vscode/gallery/{publisher}/{name}/latest Unexpected token '<', "<!DOCTYPE "... is not valid JSON:
<!DOCTYPE html>
<html lang="en">

<head>
    <title>Open VSX Registry</title>
    <meta charset="UTF-8">
    <meta name="viewport" content="width=device-width, initial-scale=1">
    <link rel="stylesheet" href="https://fonts.googleapis.com/css?family=Roboto:300,400,500,700&display=swap" />

    <!-- Google Tag Manager -->
    <script>(function(w,d,s,l,i){w[l]=w[l]||[];w[l].push({'gtm.start':
    new Date().getTime(),event:'gtm.js'});var f=d.getElementsByTagName(s)[0],
    j=d.createElement(s),dl=l!='dataLayer'?'&l='+l:'';j.async=true;j.src=
    'https://www.googletagmanager.com/gtm.js?id='+i+dl;f.parentNode.insertBefore(j,f);
    })(window,document,'script','dataLayer','GTM-5WLCZXC');</script>

    <!-- Eclipse Cookie Consent -->
    <link rel="stylesheet" type="text/css"
        href="//www.eclipse.org/eclipse.org-common/themes/solstice/public/stylesheets/vendor/cookieconsent/cookieconsent.min.css" />
    <script
        src="//www.eclipse.org/eclipse.org-common/themes/solstice/public/javascript/vendor/cookieconsent/default.min.js">
    </script>
    <style>
        a.cc-btn.cc-allow {
            background-color: #c160ef;
        }
        a.cc-btn.cc-allow:hover, a.cc-btn.cc-allow:focus {
            background-color: #444;
        }
        .cc-revoke {
            display: none !important;
        }
        @media (prefers-color-scheme: dark) {
          body {
            background-color: #121212;
          }
        }
    </style>
</head>

<body>
    <!-- Google Tag Manager (noscript) -->
    <noscript><iframe title="Google Tag Manager" src="https://www.googletagmanager.com/ns.html?id=GTM-5WLCZXC" height="0" width="0" style="display:none;visibility:hidden"></iframe></noscript>
    <!-- End Google Tag Manager (noscript) -->
    <div id="main"></div>
    <script src='/bundle.js' ></script>
</body>

</html>

2025-06-13 15:54:51.128 [error] Error while getting the latest version for the extension mvllow.rose-pine from https://open-vsx.org/vscode/gallery/vscode/{publisher}/{name}/latest. Trying the fallback https://open-vsx.org/vscode/gallery/{publisher}/{name}/latest Unexpected token '<', "<!DOCTYPE "... is not valid JSON:
<!DOCTYPE html>
<html lang="en">

<head>
    <title>Open VSX Registry</title>
    <meta charset="UTF-8">
    <meta name="viewport" content="width=device-width, initial-scale=1">
    <link rel="stylesheet" href="https://fonts.googleapis.com/css?family=Roboto:300,400,500,700&display=swap" />

    <!-- Google Tag Manager -->
    <script>(function(w,d,s,l,i){w[l]=w[l]||[];w[l].push({'gtm.start':
    new Date().getTime(),event:'gtm.js'});var f=d.getElementsByTagName(s)[0],
    j=d.createElement(s),dl=l!='dataLayer'?'&l='+l:'';j.async=true;j.src=
    'https://www.googletagmanager.com/gtm.js?id='+i+dl;f.parentNode.insertBefore(j,f);
    })(window,document,'script','dataLayer','GTM-5WLCZXC');</script>

    <!-- Eclipse Cookie Consent -->
    <link rel="stylesheet" type="text/css"
        href="//www.eclipse.org/eclipse.org-common/themes/solstice/public/stylesheets/vendor/cookieconsent/cookieconsent.min.css" />
    <script
        src="//www.eclipse.org/eclipse.org-common/themes/solstice/public/javascript/vendor/cookieconsent/default.min.js">
    </script>
    <style>
        a.cc-btn.cc-allow {
            background-color: #c160ef;
        }
        a.cc-btn.cc-allow:hover, a.cc-btn.cc-allow:focus {
            background-color: #444;
        }
        .cc-revoke {
            display: none !important;
        }
        @media (prefers-color-scheme: dark) {
          body {
            background-color: #121212;
          }
        }
    </style>
</head>

<body>
    <!-- Google Tag Manager (noscript) -->
    <noscript><iframe title="Google Tag Manager" src="https://www.googletagmanager.com/ns.html?id=GTM-5WLCZXC" height="0" width="0" style="display:none;visibility:hidden"></iframe></noscript>
    <!-- End Google Tag Manager (noscript) -->
    <div id="main"></div>
    <script src='/bundle.js' ></script>
</body>

</html>

2025-06-13 15:54:51.279 [error] Error while getting the latest version for the extension xabikos.javascriptsnippets from https://open-vsx.org/vscode/gallery/vscode/{publisher}/{name}/latest. Trying the fallback https://open-vsx.org/vscode/gallery/{publisher}/{name}/latest Unexpected token '<', "<!DOCTYPE "... is not valid JSON:
<!DOCTYPE html>
<html lang="en">

<head>
    <title>Open VSX Registry</title>
    <meta charset="UTF-8">
    <meta name="viewport" content="width=device-width, initial-scale=1">
    <link rel="stylesheet" href="https://fonts.googleapis.com/css?family=Roboto:300,400,500,700&display=swap" />

    <!-- Google Tag Manager -->
    <script>(function(w,d,s,l,i){w[l]=w[l]||[];w[l].push({'gtm.start':
    new Date().getTime(),event:'gtm.js'});var f=d.getElementsByTagName(s)[0],
    j=d.createElement(s),dl=l!='dataLayer'?'&l='+l:'';j.async=true;j.src=
    'https://www.googletagmanager.com/gtm.js?id='+i+dl;f.parentNode.insertBefore(j,f);
    })(window,document,'script','dataLayer','GTM-5WLCZXC');</script>

    <!-- Eclipse Cookie Consent -->
    <link rel="stylesheet" type="text/css"
        href="//www.eclipse.org/eclipse.org-common/themes/solstice/public/stylesheets/vendor/cookieconsent/cookieconsent.min.css" />
    <script
        src="//www.eclipse.org/eclipse.org-common/themes/solstice/public/javascript/vendor/cookieconsent/default.min.js">
    </script>
    <style>
        a.cc-btn.cc-allow {
            background-color: #c160ef;
        }
        a.cc-btn.cc-allow:hover, a.cc-btn.cc-allow:focus {
            background-color: #444;
        }
        .cc-revoke {
            display: none !important;
        }
        @media (prefers-color-scheme: dark) {
          body {
            background-color: #121212;
          }
        }
    </style>
</head>

<body>
    <!-- Google Tag Manager (noscript) -->
    <noscript><iframe title="Google Tag Manager" src="https://www.googletagmanager.com/ns.html?id=GTM-5WLCZXC" height="0" width="0" style="display:none;visibility:hidden"></iframe></noscript>
    <!-- End Google Tag Manager (noscript) -->
    <div id="main"></div>
    <script src='/bundle.js' ></script>
</body>

</html>

2025-06-13 15:54:51.435 [error] Error while getting the latest version for the extension bradlc.vscode-tailwindcss from https://open-vsx.org/vscode/gallery/vscode/{publisher}/{name}/latest. Trying the fallback https://open-vsx.org/vscode/gallery/{publisher}/{name}/latest Unexpected token '<', "<!DOCTYPE "... is not valid JSON:
<!DOCTYPE html>
<html lang="en">

<head>
    <title>Open VSX Registry</title>
    <meta charset="UTF-8">
    <meta name="viewport" content="width=device-width, initial-scale=1">
    <link rel="stylesheet" href="https://fonts.googleapis.com/css?family=Roboto:300,400,500,700&display=swap" />

    <!-- Google Tag Manager -->
    <script>(function(w,d,s,l,i){w[l]=w[l]||[];w[l].push({'gtm.start':
    new Date().getTime(),event:'gtm.js'});var f=d.getElementsByTagName(s)[0],
    j=d.createElement(s),dl=l!='dataLayer'?'&l='+l:'';j.async=true;j.src=
    'https://www.googletagmanager.com/gtm.js?id='+i+dl;f.parentNode.insertBefore(j,f);
    })(window,document,'script','dataLayer','GTM-5WLCZXC');</script>

    <!-- Eclipse Cookie Consent -->
    <link rel="stylesheet" type="text/css"
        href="//www.eclipse.org/eclipse.org-common/themes/solstice/public/stylesheets/vendor/cookieconsent/cookieconsent.min.css" />
    <script
        src="//www.eclipse.org/eclipse.org-common/themes/solstice/public/javascript/vendor/cookieconsent/default.min.js">
    </script>
    <style>
        a.cc-btn.cc-allow {
            background-color: #c160ef;
        }
        a.cc-btn.cc-allow:hover, a.cc-btn.cc-allow:focus {
            background-color: #444;
        }
        .cc-revoke {
            display: none !important;
        }
        @media (prefers-color-scheme: dark) {
          body {
            background-color: #121212;
          }
        }
    </style>
</head>

<body>
    <!-- Google Tag Manager (noscript) -->
    <noscript><iframe title="Google Tag Manager" src="https://www.googletagmanager.com/ns.html?id=GTM-5WLCZXC" height="0" width="0" style="display:none;visibility:hidden"></iframe></noscript>
    <!-- End Google Tag Manager (noscript) -->
    <div id="main"></div>
    <script src='/bundle.js' ></script>
</body>

</html>

2025-06-13 15:54:51.585 [error] Error while getting the latest version for the extension ecmel.vscode-html-css from https://open-vsx.org/vscode/gallery/vscode/{publisher}/{name}/latest. Trying the fallback https://open-vsx.org/vscode/gallery/{publisher}/{name}/latest Unexpected token '<', "<!DOCTYPE "... is not valid JSON:
<!DOCTYPE html>
<html lang="en">

<head>
    <title>Open VSX Registry</title>
    <meta charset="UTF-8">
    <meta name="viewport" content="width=device-width, initial-scale=1">
    <link rel="stylesheet" href="https://fonts.googleapis.com/css?family=Roboto:300,400,500,700&display=swap" />

    <!-- Google Tag Manager -->
    <script>(function(w,d,s,l,i){w[l]=w[l]||[];w[l].push({'gtm.start':
    new Date().getTime(),event:'gtm.js'});var f=d.getElementsByTagName(s)[0],
    j=d.createElement(s),dl=l!='dataLayer'?'&l='+l:'';j.async=true;j.src=
    'https://www.googletagmanager.com/gtm.js?id='+i+dl;f.parentNode.insertBefore(j,f);
    })(window,document,'script','dataLayer','GTM-5WLCZXC');</script>

    <!-- Eclipse Cookie Consent -->
    <link rel="stylesheet" type="text/css"
        href="//www.eclipse.org/eclipse.org-common/themes/solstice/public/stylesheets/vendor/cookieconsent/cookieconsent.min.css" />
    <script
        src="//www.eclipse.org/eclipse.org-common/themes/solstice/public/javascript/vendor/cookieconsent/default.min.js">
    </script>
    <style>
        a.cc-btn.cc-allow {
            background-color: #c160ef;
        }
        a.cc-btn.cc-allow:hover, a.cc-btn.cc-allow:focus {
            background-color: #444;
        }
        .cc-revoke {
            display: none !important;
        }
        @media (prefers-color-scheme: dark) {
          body {
            background-color: #121212;
          }
        }
    </style>
</head>

<body>
    <!-- Google Tag Manager (noscript) -->
    <noscript><iframe title="Google Tag Manager" src="https://www.googletagmanager.com/ns.html?id=GTM-5WLCZXC" height="0" width="0" style="display:none;visibility:hidden"></iframe></noscript>
    <!-- End Google Tag Manager (noscript) -->
    <div id="main"></div>
    <script src='/bundle.js' ></script>
</body>

</html>

2025-06-13 15:54:51.737 [error] Error while getting the latest version for the extension usernamehw.errorlens from https://open-vsx.org/vscode/gallery/vscode/{publisher}/{name}/latest. Trying the fallback https://open-vsx.org/vscode/gallery/{publisher}/{name}/latest Unexpected token '<', "<!DOCTYPE "... is not valid JSON:
<!DOCTYPE html>
<html lang="en">

<head>
    <title>Open VSX Registry</title>
    <meta charset="UTF-8">
    <meta name="viewport" content="width=device-width, initial-scale=1">
    <link rel="stylesheet" href="https://fonts.googleapis.com/css?family=Roboto:300,400,500,700&display=swap" />

    <!-- Google Tag Manager -->
    <script>(function(w,d,s,l,i){w[l]=w[l]||[];w[l].push({'gtm.start':
    new Date().getTime(),event:'gtm.js'});var f=d.getElementsByTagName(s)[0],
    j=d.createElement(s),dl=l!='dataLayer'?'&l='+l:'';j.async=true;j.src=
    'https://www.googletagmanager.com/gtm.js?id='+i+dl;f.parentNode.insertBefore(j,f);
    })(window,document,'script','dataLayer','GTM-5WLCZXC');</script>

    <!-- Eclipse Cookie Consent -->
    <link rel="stylesheet" type="text/css"
        href="//www.eclipse.org/eclipse.org-common/themes/solstice/public/stylesheets/vendor/cookieconsent/cookieconsent.min.css" />
    <script
        src="//www.eclipse.org/eclipse.org-common/themes/solstice/public/javascript/vendor/cookieconsent/default.min.js">
    </script>
    <style>
        a.cc-btn.cc-allow {
            background-color: #c160ef;
        }
        a.cc-btn.cc-allow:hover, a.cc-btn.cc-allow:focus {
            background-color: #444;
        }
        .cc-revoke {
            display: none !important;
        }
        @media (prefers-color-scheme: dark) {
          body {
            background-color: #121212;
          }
        }
    </style>
</head>

<body>
    <!-- Google Tag Manager (noscript) -->
    <noscript><iframe title="Google Tag Manager" src="https://www.googletagmanager.com/ns.html?id=GTM-5WLCZXC" height="0" width="0" style="display:none;visibility:hidden"></iframe></noscript>
    <!-- End Google Tag Manager (noscript) -->
    <div id="main"></div>
    <script src='/bundle.js' ></script>
</body>

</html>

2025-06-13 15:54:51.890 [error] Error while getting the latest version for the extension dsznajder.es7-react-js-snippets from https://open-vsx.org/vscode/gallery/vscode/{publisher}/{name}/latest. Trying the fallback https://open-vsx.org/vscode/gallery/{publisher}/{name}/latest Unexpected token '<', "<!DOCTYPE "... is not valid JSON:
<!DOCTYPE html>
<html lang="en">

<head>
    <title>Open VSX Registry</title>
    <meta charset="UTF-8">
    <meta name="viewport" content="width=device-width, initial-scale=1">
    <link rel="stylesheet" href="https://fonts.googleapis.com/css?family=Roboto:300,400,500,700&display=swap" />

    <!-- Google Tag Manager -->
    <script>(function(w,d,s,l,i){w[l]=w[l]||[];w[l].push({'gtm.start':
    new Date().getTime(),event:'gtm.js'});var f=d.getElementsByTagName(s)[0],
    j=d.createElement(s),dl=l!='dataLayer'?'&l='+l:'';j.async=true;j.src=
    'https://www.googletagmanager.com/gtm.js?id='+i+dl;f.parentNode.insertBefore(j,f);
    })(window,document,'script','dataLayer','GTM-5WLCZXC');</script>

    <!-- Eclipse Cookie Consent -->
    <link rel="stylesheet" type="text/css"
        href="//www.eclipse.org/eclipse.org-common/themes/solstice/public/stylesheets/vendor/cookieconsent/cookieconsent.min.css" />
    <script
        src="//www.eclipse.org/eclipse.org-common/themes/solstice/public/javascript/vendor/cookieconsent/default.min.js">
    </script>
    <style>
        a.cc-btn.cc-allow {
            background-color: #c160ef;
        }
        a.cc-btn.cc-allow:hover, a.cc-btn.cc-allow:focus {
            background-color: #444;
        }
        .cc-revoke {
            display: none !important;
        }
        @media (prefers-color-scheme: dark) {
          body {
            background-color: #121212;
          }
        }
    </style>
</head>

<body>
    <!-- Google Tag Manager (noscript) -->
    <noscript><iframe title="Google Tag Manager" src="https://www.googletagmanager.com/ns.html?id=GTM-5WLCZXC" height="0" width="0" style="display:none;visibility:hidden"></iframe></noscript>
    <!-- End Google Tag Manager (noscript) -->
    <div id="main"></div>
    <script src='/bundle.js' ></script>
</body>

</html>

2025-06-13 15:54:52.037 [error] Error while getting the latest version for the extension yoavbls.pretty-ts-errors from https://open-vsx.org/vscode/gallery/vscode/{publisher}/{name}/latest. Trying the fallback https://open-vsx.org/vscode/gallery/{publisher}/{name}/latest Unexpected token '<', "<!DOCTYPE "... is not valid JSON:
<!DOCTYPE html>
<html lang="en">

<head>
    <title>Open VSX Registry</title>
    <meta charset="UTF-8">
    <meta name="viewport" content="width=device-width, initial-scale=1">
    <link rel="stylesheet" href="https://fonts.googleapis.com/css?family=Roboto:300,400,500,700&display=swap" />

    <!-- Google Tag Manager -->
    <script>(function(w,d,s,l,i){w[l]=w[l]||[];w[l].push({'gtm.start':
    new Date().getTime(),event:'gtm.js'});var f=d.getElementsByTagName(s)[0],
    j=d.createElement(s),dl=l!='dataLayer'?'&l='+l:'';j.async=true;j.src=
    'https://www.googletagmanager.com/gtm.js?id='+i+dl;f.parentNode.insertBefore(j,f);
    })(window,document,'script','dataLayer','GTM-5WLCZXC');</script>

    <!-- Eclipse Cookie Consent -->
    <link rel="stylesheet" type="text/css"
        href="//www.eclipse.org/eclipse.org-common/themes/solstice/public/stylesheets/vendor/cookieconsent/cookieconsent.min.css" />
    <script
        src="//www.eclipse.org/eclipse.org-common/themes/solstice/public/javascript/vendor/cookieconsent/default.min.js">
    </script>
    <style>
        a.cc-btn.cc-allow {
            background-color: #c160ef;
        }
        a.cc-btn.cc-allow:hover, a.cc-btn.cc-allow:focus {
            background-color: #444;
        }
        .cc-revoke {
            display: none !important;
        }
        @media (prefers-color-scheme: dark) {
          body {
            background-color: #121212;
          }
        }
    </style>
</head>

<body>
    <!-- Google Tag Manager (noscript) -->
    <noscript><iframe title="Google Tag Manager" src="https://www.googletagmanager.com/ns.html?id=GTM-5WLCZXC" height="0" width="0" style="display:none;visibility:hidden"></iframe></noscript>
    <!-- End Google Tag Manager (noscript) -->
    <div id="main"></div>
    <script src='/bundle.js' ></script>
</body>

</html>

2025-06-13 16:27:15.083 [error] An unknown error occurred. Please consult the log for more details.
2025-06-13 16:27:18.232 [error] An unknown error occurred. Please consult the log for more details.
2025-06-13 16:27:19.652 [error] An unknown error occurred. Please consult the log for more details.
2025-06-13 16:27:20.658 [error] An unknown error occurred. Please consult the log for more details.
2025-06-13 16:27:24.100 [error] An unknown error occurred. Please consult the log for more details.
2025-06-13 16:27:25.278 [error] An unknown error occurred. Please consult the log for more details.
2025-06-13 16:36:23.055 [error] An unknown error occurred. Please consult the log for more details.
2025-06-13 16:36:44.257 [error] An unknown error occurred. Please consult the log for more details.
2025-06-13 16:36:45.948 [error] An unknown error occurred. Please consult the log for more details.
2025-06-13 16:36:49.019 [error] An unknown error occurred. Please consult the log for more details.
2025-06-13 16:36:51.879 [error] An unknown error occurred. Please consult the log for more details.
2025-06-13 16:37:50.481 [error] An unknown error occurred. Please consult the log for more details.
2025-06-13 16:38:01.842 [error] An unknown error occurred. Please consult the log for more details.
2025-06-13 16:38:02.966 [error] An unknown error occurred. Please consult the log for more details.
2025-06-13 16:38:04.239 [error] An unknown error occurred. Please consult the log for more details.
2025-06-13 16:38:05.427 [error] An unknown error occurred. Please consult the log for more details.
2025-06-13 16:38:06.434 [error] An unknown error occurred. Please consult the log for more details.
2025-06-13 16:38:11.669 [error] An unknown error occurred. Please consult the log for more details.
2025-06-13 16:38:13.069 [error] An unknown error occurred. Please consult the log for more details.
2025-06-13 16:38:14.074 [error] An unknown error occurred. Please consult the log for more details.
2025-06-13 16:38:15.124 [error] An unknown error occurred. Please consult the log for more details.
2025-06-13 16:38:16.541 [error] An unknown error occurred. Please consult the log for more details.
2025-06-13 16:38:17.916 [error] An unknown error occurred. Please consult the log for more details.
2025-06-13 16:54:05.805 [error] An unknown error occurred. Please consult the log for more details.
2025-06-13 16:54:10.276 [error] An unknown error occurred. Please consult the log for more details.
2025-06-13 16:54:11.284 [error] An unknown error occurred. Please consult the log for more details.
2025-06-13 16:54:13.821 [error] An unknown error occurred. Please consult the log for more details.
2025-06-13 16:54:15.109 [error] An unknown error occurred. Please consult the log for more details.
2025-06-13 16:54:16.115 [error] An unknown error occurred. Please consult the log for more details.
2025-06-13 16:54:17.157 [error] An unknown error occurred. Please consult the log for more details.
2025-06-13 16:54:18.347 [error] An unknown error occurred. Please consult the log for more details.
2025-06-13 16:54:19.370 [error] An unknown error occurred. Please consult the log for more details.
2025-06-13 16:54:20.396 [error] An unknown error occurred. Please consult the log for more details.
2025-06-13 16:54:21.823 [error] An unknown error occurred. Please consult the log for more details.
2025-06-13 16:54:23.071 [error] An unknown error occurred. Please consult the log for more details.
2025-06-13 16:54:24.257 [error] An unknown error occurred. Please consult the log for more details.
2025-06-13 16:54:28.511 [error] An unknown error occurred. Please consult the log for more details.
2025-06-13 16:54:30.019 [error] An unknown error occurred. Please consult the log for more details.
2025-06-13 16:54:31.314 [error] An unknown error occurred. Please consult the log for more details.
2025-06-13 16:54:54.362 [error] An unknown error occurred. Please consult the log for more details.
2025-06-13 16:54:55.602 [error] An unknown error occurred. Please consult the log for more details.
2025-06-13 16:54:56.992 [error] An unknown error occurred. Please consult the log for more details.
2025-06-13 16:54:58.647 [error] An unknown error occurred. Please consult the log for more details.
2025-06-13 16:55:00.155 [error] An unknown error occurred. Please consult the log for more details.
2025-06-13 16:55:06.677 [error] An unknown error occurred. Please consult the log for more details.
2025-06-13 16:55:07.745 [error] An unknown error occurred. Please consult the log for more details.
2025-06-13 16:55:09.033 [error] An unknown error occurred. Please consult the log for more details.
2025-06-13 16:55:18.760 [error] An unknown error occurred. Please consult the log for more details.
2025-06-13 16:55:20.387 [error] An unknown error occurred. Please consult the log for more details.
2025-06-13 16:55:21.538 [error] An unknown error occurred. Please consult the log for more details.
2025-06-13 16:55:22.544 [error] An unknown error occurred. Please consult the log for more details.
2025-06-13 16:55:23.753 [error] An unknown error occurred. Please consult the log for more details.
2025-06-13 16:55:39.758 [error] An unknown error occurred. Please consult the log for more details.
2025-06-13 16:55:40.783 [error] An unknown error occurred. Please consult the log for more details.
2025-06-13 16:55:41.814 [error] An unknown error occurred. Please consult the log for more details.
2025-06-13 16:55:42.951 [error] An unknown error occurred. Please consult the log for more details.
2025-06-13 16:55:44.209 [error] An unknown error occurred. Please consult the log for more details.
2025-06-13 16:55:45.416 [error] An unknown error occurred. Please consult the log for more details.
2025-06-13 16:55:46.518 [error] An unknown error occurred. Please consult the log for more details.
2025-06-13 16:55:47.580 [error] An unknown error occurred. Please consult the log for more details.
2025-06-13 16:55:48.830 [error] An unknown error occurred. Please consult the log for more details.
2025-06-13 16:55:54.947 [error] An unknown error occurred. Please consult the log for more details.
2025-06-13 16:55:56.410 [error] An unknown error occurred. Please consult the log for more details.
2025-06-13 16:55:57.511 [error] An unknown error occurred. Please consult the log for more details.
2025-06-13 16:55:58.557 [error] An unknown error occurred. Please consult the log for more details.
2025-06-13 16:55:59.562 [error] An unknown error occurred. Please consult the log for more details.
2025-06-13 16:56:00.799 [error] An unknown error occurred. Please consult the log for more details.
2025-06-13 16:56:01.807 [error] An unknown error occurred. Please consult the log for more details.
2025-06-13 16:56:07.911 [error] An unknown error occurred. Please consult the log for more details.
2025-06-13 16:56:09.227 [error] An unknown error occurred. Please consult the log for more details.
2025-06-13 16:56:27.409 [error] An unknown error occurred. Please consult the log for more details.
2025-06-13 17:02:48.025 [error] An unknown error occurred. Please consult the log for more details.
2025-06-13 17:03:14.729 [error] An unknown error occurred. Please consult the log for more details.
2025-06-13 17:04:04.415 [error] An unknown error occurred. Please consult the log for more details.
2025-06-13 17:04:09.743 [error] An unknown error occurred. Please consult the log for more details.
2025-06-13 17:04:34.687 [error] An unknown error occurred. Please consult the log for more details.
2025-06-13 17:04:40.899 [error] An unknown error occurred. Please consult the log for more details.
2025-06-13 17:04:42.209 [error] An unknown error occurred. Please consult the log for more details.
2025-06-13 17:04:43.298 [error] An unknown error occurred. Please consult the log for more details.
2025-06-13 17:04:44.515 [error] An unknown error occurred. Please consult the log for more details.
2025-06-13 17:04:46.114 [error] An unknown error occurred. Please consult the log for more details.
2025-06-13 17:04:47.313 [error] An unknown error occurred. Please consult the log for more details.
2025-06-13 17:04:48.391 [error] An unknown error occurred. Please consult the log for more details.
2025-06-13 17:04:49.415 [error] An unknown error occurred. Please consult the log for more details.
2025-06-13 17:04:50.726 [error] An unknown error occurred. Please consult the log for more details.
2025-06-13 17:04:51.896 [error] An unknown error occurred. Please consult the log for more details.
2025-06-13 17:04:53.365 [error] An unknown error occurred. Please consult the log for more details.
2025-06-13 17:05:08.494 [error] An unknown error occurred. Please consult the log for more details.
2025-06-13 17:05:13.775 [error] An unknown error occurred. Please consult the log for more details.
2025-06-13 17:05:14.888 [error] An unknown error occurred. Please consult the log for more details.
2025-06-13 17:05:15.960 [error] An unknown error occurred. Please consult the log for more details.
2025-06-13 17:05:17.342 [error] An unknown error occurred. Please consult the log for more details.
2025-06-13 17:05:33.917 [error] An unknown error occurred. Please consult the log for more details.
2025-06-13 17:05:41.967 [error] An unknown error occurred. Please consult the log for more details.
2025-06-13 17:05:42.984 [error] An unknown error occurred. Please consult the log for more details.
2025-06-13 17:05:44.439 [error] An unknown error occurred. Please consult the log for more details.
2025-06-13 17:05:45.598 [error] An unknown error occurred. Please consult the log for more details.
2025-06-13 17:05:46.601 [error] An unknown error occurred. Please consult the log for more details.
2025-06-13 17:05:47.639 [error] An unknown error occurred. Please consult the log for more details.
2025-06-13 17:05:48.722 [error] An unknown error occurred. Please consult the log for more details.
2025-06-13 17:05:49.903 [error] An unknown error occurred. Please consult the log for more details.
2025-06-13 17:05:50.936 [error] An unknown error occurred. Please consult the log for more details.
2025-06-13 17:06:09.675 [error] An unknown error occurred. Please consult the log for more details.
2025-06-13 17:06:16.080 [error] An unknown error occurred. Please consult the log for more details.
2025-06-13 17:06:17.182 [error] An unknown error occurred. Please consult the log for more details.
2025-06-13 17:06:18.195 [error] An unknown error occurred. Please consult the log for more details.
2025-06-13 17:06:19.202 [error] An unknown error occurred. Please consult the log for more details.
2025-06-13 17:06:24.462 [error] An unknown error occurred. Please consult the log for more details.
2025-06-13 17:06:25.648 [error] An unknown error occurred. Please consult the log for more details.
2025-06-13 17:06:27.434 [error] An unknown error occurred. Please consult the log for more details.
2025-06-13 17:06:41.812 [error] An unknown error occurred. Please consult the log for more details.
2025-06-13 17:06:42.817 [error] An unknown error occurred. Please consult the log for more details.
2025-06-13 17:06:45.448 [error] An unknown error occurred. Please consult the log for more details.
2025-06-13 17:06:46.484 [error] An unknown error occurred. Please consult the log for more details.
2025-06-13 17:06:47.541 [error] An unknown error occurred. Please consult the log for more details.
2025-06-13 17:06:48.917 [error] An unknown error occurred. Please consult the log for more details.
2025-06-13 17:06:50.502 [error] An unknown error occurred. Please consult the log for more details.
2025-06-13 17:06:51.507 [error] An unknown error occurred. Please consult the log for more details.
2025-06-13 17:06:53.079 [error] An unknown error occurred. Please consult the log for more details.
2025-06-13 17:06:54.134 [error] An unknown error occurred. Please consult the log for more details.
2025-06-13 17:06:55.420 [error] An unknown error occurred. Please consult the log for more details.
2025-06-13 17:06:56.751 [error] An unknown error occurred. Please consult the log for more details.
2025-06-13 17:06:57.883 [error] An unknown error occurred. Please consult the log for more details.
2025-06-13 17:06:58.992 [error] An unknown error occurred. Please consult the log for more details.
2025-06-13 17:07:18.257 [error] An unknown error occurred. Please consult the log for more details.
2025-06-13 17:07:23.171 [error] An unknown error occurred. Please consult the log for more details.
2025-06-13 17:07:24.505 [error] An unknown error occurred. Please consult the log for more details.
2025-06-13 17:07:25.530 [error] An unknown error occurred. Please consult the log for more details.
2025-06-13 17:07:26.659 [error] An unknown error occurred. Please consult the log for more details.
2025-06-13 17:07:27.834 [error] An unknown error occurred. Please consult the log for more details.
2025-06-13 17:07:33.867 [error] An unknown error occurred. Please consult the log for more details.
2025-06-13 17:07:35.091 [error] An unknown error occurred. Please consult the log for more details.
2025-06-13 17:07:36.098 [error] An unknown error occurred. Please consult the log for more details.
2025-06-13 17:07:37.436 [error] An unknown error occurred. Please consult the log for more details.
2025-06-13 17:07:38.798 [error] An unknown error occurred. Please consult the log for more details.
2025-06-13 17:07:39.861 [error] An unknown error occurred. Please consult the log for more details.
2025-06-13 17:07:43.765 [error] An unknown error occurred. Please consult the log for more details.
2025-06-13 17:07:44.788 [error] An unknown error occurred. Please consult the log for more details.
2025-06-13 17:07:45.876 [error] An unknown error occurred. Please consult the log for more details.
2025-06-13 17:07:46.892 [error] An unknown error occurred. Please consult the log for more details.
2025-06-13 17:07:48.402 [error] An unknown error occurred. Please consult the log for more details.
2025-06-13 17:47:17.191 [error] An unknown error occurred. Please consult the log for more details.
