2025-06-15 15:06:42.581 [info] [main] Log level: Info
2025-06-15 15:06:42.581 [info] [main] Validating found git in: "git"
2025-06-15 15:06:42.581 [info] [main] Using git "2.49.0" from "git"
2025-06-15 15:06:42.581 [info] [Model][doInitialScan] Initial repository scan started
2025-06-15 15:06:42.581 [info] > git rev-parse --show-toplevel [5ms]
2025-06-15 15:06:42.581 [info] > git rev-parse --git-dir --git-common-dir [2ms]
2025-06-15 15:06:42.581 [info] [Model][openRepository] Opened repository (path): /home/dan/projects/quest
2025-06-15 15:06:42.581 [info] [Model][openRepository] Opened repository (real path): /home/dan/projects/quest
2025-06-15 15:06:42.582 [info] > git rev-parse --show-toplevel [12ms]
2025-06-15 15:06:42.583 [info] > git config --get commit.template [21ms]
2025-06-15 15:06:43.205 [info] [Git][getRemotes] No remotes found in the git config file
2025-06-15 15:06:43.231 [info] > git check-ignore -v -z --stdin [134ms]
2025-06-15 15:06:43.241 [info] > git rev-parse --show-toplevel [185ms]
2025-06-15 15:06:43.266 [info] > git for-each-ref --format=%(refname)%00%(upstream:short)%00%(objectname)%00%(upstream:track)%00%(upstream:remotename)%00%(upstream:remoteref) refs/heads/main refs/remotes/main [62ms]
2025-06-15 15:06:43.311 [info] > git status -z -uall [33ms]
2025-06-15 15:06:43.311 [info] > git for-each-ref --sort -committerdate --format %(refname)%00%(objectname)%00%(*objectname) [19ms]
2025-06-15 15:06:43.333 [info] > git rev-parse --show-toplevel [70ms]
2025-06-15 15:06:43.358 [info] > git for-each-ref --format=%(refname)%00%(upstream:short)%00%(objectname)%00%(upstream:track)%00%(upstream:remotename)%00%(upstream:remoteref) refs/heads/main refs/remotes/main [27ms]
2025-06-15 15:06:43.397 [info] > git config --get --local branch.main.vscode-merge-base [26ms]
2025-06-15 15:06:43.397 [warning] [Git][config] git config failed: Failed to execute git
2025-06-15 15:06:43.409 [info] > git rev-parse --show-toplevel [52ms]
2025-06-15 15:06:43.410 [info] [Model][doInitialScan] Initial repository scan completed - repositories (1), closed repositories (0), parent repositories (0), unsafe repositories (0)
2025-06-15 15:06:43.436 [info] > git config --get commit.template [90ms]
2025-06-15 15:06:43.448 [info] > git show --textconv :src/map/polygon.ts [26ms]
2025-06-15 15:06:43.449 [info] > git ls-files --stage -- src/map/polygon.ts [13ms]
2025-06-15 15:06:43.470 [info] > git reflog main --grep-reflog=branch: Created from *. [61ms]
2025-06-15 15:06:43.484 [info] [Git][getRemotes] No remotes found in the git config file
2025-06-15 15:06:43.490 [info] > git hash-object -t tree /dev/null [20ms]
2025-06-15 15:06:43.491 [warning] [GitFileSystemProvider][readFile] File not found - git:/home/dan/projects/quest/src/map/polygon.ts.git?%7B%22path%22%3A%22%2Fhome%2Fdan%2Fprojects%2Fquest%2Fsrc%2Fmap%2Fpolygon.ts%22%2C%22ref%22%3A%22%22%7D
2025-06-15 15:06:43.492 [info] > git hash-object -t tree /dev/null [32ms]
2025-06-15 15:06:43.492 [warning] [GitFileSystemProvider][stat] File not found - git:/home/dan/projects/quest/src/map/polygon.ts.git?%7B%22path%22%3A%22%2Fhome%2Fdan%2Fprojects%2Fquest%2Fsrc%2Fmap%2Fpolygon.ts%22%2C%22ref%22%3A%22%22%7D
2025-06-15 15:06:43.494 [info] > git for-each-ref --format=%(refname)%00%(upstream:short)%00%(objectname)%00%(upstream:track)%00%(upstream:remotename)%00%(upstream:remoteref) refs/heads/main refs/remotes/main [10ms]
2025-06-15 15:06:43.515 [info] > git status -z -uall [11ms]
2025-06-15 15:06:43.538 [info] > git for-each-ref --sort -committerdate --format %(refname)%00%(objectname)%00%(*objectname) [24ms]
2025-06-15 15:06:43.592 [info] > git blame --root --incremental b055b71b9dba64679fa9f1161648c32adf9272a1 -- src/map/polygon.ts [4ms]
2025-06-15 15:06:43.592 [info] fatal: no such path src/map/polygon.ts in b055b71b9dba64679fa9f1161648c32adf9272a1
2025-06-15 15:18:58.988 [info] > git check-ignore -v -z --stdin [2ms]
2025-06-15 15:19:05.486 [info] [Git][getRemotes] No remotes found in the git config file
2025-06-15 15:19:05.487 [info] > git config --get commit.template [8ms]
2025-06-15 15:19:05.487 [info] > git for-each-ref --format=%(refname)%00%(upstream:short)%00%(objectname)%00%(upstream:track)%00%(upstream:remotename)%00%(upstream:remoteref) refs/heads/main refs/remotes/main [1ms]
2025-06-15 15:19:05.509 [info] > git status -z -uall [11ms]
2025-06-15 15:19:05.510 [info] > git for-each-ref --sort -committerdate --format %(refname)%00%(objectname)%00%(*objectname) [2ms]
2025-06-15 15:19:10.781 [info] [Git][getRemotes] No remotes found in the git config file
2025-06-15 15:19:10.782 [info] > git config --get commit.template [13ms]
2025-06-15 15:19:10.782 [info] > git for-each-ref --format=%(refname)%00%(upstream:short)%00%(objectname)%00%(upstream:track)%00%(upstream:remotename)%00%(upstream:remoteref) refs/heads/main refs/remotes/main [1ms]
2025-06-15 15:19:10.802 [info] > git status -z -uall [11ms]
2025-06-15 15:19:10.803 [info] > git for-each-ref --sort -committerdate --format %(refname)%00%(objectname)%00%(*objectname) [1ms]
2025-06-15 15:19:15.816 [info] [Git][getRemotes] No remotes found in the git config file
2025-06-15 15:19:15.824 [info] > git config --get commit.template [8ms]
2025-06-15 15:19:15.825 [info] > git for-each-ref --format=%(refname)%00%(upstream:short)%00%(objectname)%00%(upstream:track)%00%(upstream:remotename)%00%(upstream:remoteref) refs/heads/main refs/remotes/main [1ms]
2025-06-15 15:19:15.836 [info] > git status -z -uall [6ms]
2025-06-15 15:19:15.837 [info] > git for-each-ref --sort -committerdate --format %(refname)%00%(objectname)%00%(*objectname) [1ms]
2025-06-15 15:19:23.324 [info] [Git][getRemotes] No remotes found in the git config file
2025-06-15 15:19:23.325 [info] > git config --get commit.template [10ms]
2025-06-15 15:19:23.325 [info] > git for-each-ref --format=%(refname)%00%(upstream:short)%00%(objectname)%00%(upstream:track)%00%(upstream:remotename)%00%(upstream:remoteref) refs/heads/main refs/remotes/main [1ms]
2025-06-15 15:19:23.346 [info] > git status -z -uall [11ms]
2025-06-15 15:19:23.347 [info] > git for-each-ref --sort -committerdate --format %(refname)%00%(objectname)%00%(*objectname) [2ms]
2025-06-15 15:20:13.775 [info] [Git][getRemotes] No remotes found in the git config file
2025-06-15 15:20:13.776 [info] > git config --get commit.template [12ms]
2025-06-15 15:20:13.777 [info] > git for-each-ref --format=%(refname)%00%(upstream:short)%00%(objectname)%00%(upstream:track)%00%(upstream:remotename)%00%(upstream:remoteref) refs/heads/main refs/remotes/main [2ms]
2025-06-15 15:20:13.800 [info] > git status -z -uall [11ms]
2025-06-15 15:20:13.800 [info] > git for-each-ref --sort -committerdate --format %(refname)%00%(objectname)%00%(*objectname) [1ms]
2025-06-15 15:24:13.218 [info] [Git][getRemotes] No remotes found in the git config file
2025-06-15 15:24:13.219 [info] > git config --get commit.template [9ms]
2025-06-15 15:24:13.219 [info] > git for-each-ref --format=%(refname)%00%(upstream:short)%00%(objectname)%00%(upstream:track)%00%(upstream:remotename)%00%(upstream:remoteref) refs/heads/main refs/remotes/main [1ms]
2025-06-15 15:24:13.231 [info] > git status -z -uall [7ms]
2025-06-15 15:24:13.231 [info] > git for-each-ref --sort -committerdate --format %(refname)%00%(objectname)%00%(*objectname) [1ms]
2025-06-15 15:24:31.184 [info] [Git][getRemotes] No remotes found in the git config file
2025-06-15 15:24:31.185 [info] > git config --get commit.template [7ms]
2025-06-15 15:24:31.185 [info] > git for-each-ref --format=%(refname)%00%(upstream:short)%00%(objectname)%00%(upstream:track)%00%(upstream:remotename)%00%(upstream:remoteref) refs/heads/main refs/remotes/main [1ms]
2025-06-15 15:24:31.198 [info] > git status -z -uall [7ms]
2025-06-15 15:24:31.199 [info] > git for-each-ref --sort -committerdate --format %(refname)%00%(objectname)%00%(*objectname) [1ms]
2025-06-15 15:24:38.265 [info] [Git][getRemotes] No remotes found in the git config file
2025-06-15 15:24:38.265 [info] > git config --get commit.template [8ms]
2025-06-15 15:24:38.266 [info] > git for-each-ref --format=%(refname)%00%(upstream:short)%00%(objectname)%00%(upstream:track)%00%(upstream:remotename)%00%(upstream:remoteref) refs/heads/main refs/remotes/main [1ms]
2025-06-15 15:24:38.278 [info] > git status -z -uall [6ms]
2025-06-15 15:24:38.278 [info] > git for-each-ref --sort -committerdate --format %(refname)%00%(objectname)%00%(*objectname) [1ms]
2025-06-15 15:24:43.898 [info] [Git][getRemotes] No remotes found in the git config file
2025-06-15 15:24:43.898 [info] > git config --get commit.template [14ms]
2025-06-15 15:24:43.898 [info] > git for-each-ref --format=%(refname)%00%(upstream:short)%00%(objectname)%00%(upstream:track)%00%(upstream:remotename)%00%(upstream:remoteref) refs/heads/main refs/remotes/main [1ms]
2025-06-15 15:24:43.919 [info] > git status -z -uall [10ms]
2025-06-15 15:24:43.920 [info] > git for-each-ref --sort -committerdate --format %(refname)%00%(objectname)%00%(*objectname) [2ms]
2025-06-15 15:24:50.349 [info] [Git][getRemotes] No remotes found in the git config file
2025-06-15 15:24:50.350 [info] > git config --get commit.template [11ms]
2025-06-15 15:24:50.350 [info] > git for-each-ref --format=%(refname)%00%(upstream:short)%00%(objectname)%00%(upstream:track)%00%(upstream:remotename)%00%(upstream:remoteref) refs/heads/main refs/remotes/main [1ms]
2025-06-15 15:24:50.375 [info] > git status -z -uall [13ms]
2025-06-15 15:24:50.376 [info] > git for-each-ref --sort -committerdate --format %(refname)%00%(objectname)%00%(*objectname) [1ms]
2025-06-15 15:24:58.355 [info] [Git][getRemotes] No remotes found in the git config file
2025-06-15 15:24:58.355 [info] > git config --get commit.template [8ms]
2025-06-15 15:24:58.356 [info] > git for-each-ref --format=%(refname)%00%(upstream:short)%00%(objectname)%00%(upstream:track)%00%(upstream:remotename)%00%(upstream:remoteref) refs/heads/main refs/remotes/main [1ms]
2025-06-15 15:24:58.367 [info] > git status -z -uall [6ms]
2025-06-15 15:24:58.368 [info] > git for-each-ref --sort -committerdate --format %(refname)%00%(objectname)%00%(*objectname) [1ms]
2025-06-15 15:25:03.380 [info] [Git][getRemotes] No remotes found in the git config file
2025-06-15 15:25:03.388 [info] > git config --get commit.template [9ms]
2025-06-15 15:25:03.389 [info] > git for-each-ref --format=%(refname)%00%(upstream:short)%00%(objectname)%00%(upstream:track)%00%(upstream:remotename)%00%(upstream:remoteref) refs/heads/main refs/remotes/main [1ms]
2025-06-15 15:25:03.402 [info] > git status -z -uall [7ms]
2025-06-15 15:25:03.403 [info] > git for-each-ref --sort -committerdate --format %(refname)%00%(objectname)%00%(*objectname) [1ms]
2025-06-15 15:25:08.423 [info] [Git][getRemotes] No remotes found in the git config file
2025-06-15 15:25:08.424 [info] > git config --get commit.template [9ms]
2025-06-15 15:25:08.424 [info] > git for-each-ref --format=%(refname)%00%(upstream:short)%00%(objectname)%00%(upstream:track)%00%(upstream:remotename)%00%(upstream:remoteref) refs/heads/main refs/remotes/main [1ms]
2025-06-15 15:25:08.436 [info] > git status -z -uall [7ms]
2025-06-15 15:25:08.437 [info] > git for-each-ref --sort -committerdate --format %(refname)%00%(objectname)%00%(*objectname) [1ms]
2025-06-15 15:25:13.455 [info] [Git][getRemotes] No remotes found in the git config file
2025-06-15 15:25:13.455 [info] > git config --get commit.template [7ms]
2025-06-15 15:25:13.455 [info] > git for-each-ref --format=%(refname)%00%(upstream:short)%00%(objectname)%00%(upstream:track)%00%(upstream:remotename)%00%(upstream:remoteref) refs/heads/main refs/remotes/main [0ms]
2025-06-15 15:25:13.470 [info] > git status -z -uall [9ms]
2025-06-15 15:25:13.470 [info] > git for-each-ref --sort -committerdate --format %(refname)%00%(objectname)%00%(*objectname) [1ms]
2025-06-15 15:25:19.012 [info] [Git][getRemotes] No remotes found in the git config file
2025-06-15 15:25:19.012 [info] > git config --get commit.template [9ms]
2025-06-15 15:25:19.012 [info] > git for-each-ref --format=%(refname)%00%(upstream:short)%00%(objectname)%00%(upstream:track)%00%(upstream:remotename)%00%(upstream:remoteref) refs/heads/main refs/remotes/main [1ms]
2025-06-15 15:25:19.024 [info] > git status -z -uall [6ms]
2025-06-15 15:25:19.025 [info] > git for-each-ref --sort -committerdate --format %(refname)%00%(objectname)%00%(*objectname) [1ms]
2025-06-15 15:25:25.286 [info] > git config --get commit.template [48ms]
2025-06-15 15:25:25.299 [info] [Git][getRemotes] No remotes found in the git config file
2025-06-15 15:25:25.300 [info] > git for-each-ref --format=%(refname)%00%(upstream:short)%00%(objectname)%00%(upstream:track)%00%(upstream:remotename)%00%(upstream:remoteref) refs/heads/main refs/remotes/main [1ms]
2025-06-15 15:25:25.313 [info] > git status -z -uall [6ms]
2025-06-15 15:25:25.314 [info] > git for-each-ref --sort -committerdate --format %(refname)%00%(objectname)%00%(*objectname) [1ms]
2025-06-15 15:25:32.870 [info] [Git][getRemotes] No remotes found in the git config file
2025-06-15 15:25:32.871 [info] > git config --get commit.template [9ms]
2025-06-15 15:25:32.871 [info] > git for-each-ref --format=%(refname)%00%(upstream:short)%00%(objectname)%00%(upstream:track)%00%(upstream:remotename)%00%(upstream:remoteref) refs/heads/main refs/remotes/main [1ms]
2025-06-15 15:25:32.883 [info] > git status -z -uall [7ms]
2025-06-15 15:25:32.883 [info] > git for-each-ref --sort -committerdate --format %(refname)%00%(objectname)%00%(*objectname) [1ms]
2025-06-15 15:25:44.929 [info] [Git][getRemotes] No remotes found in the git config file
2025-06-15 15:25:44.930 [info] > git config --get commit.template [14ms]
2025-06-15 15:25:44.930 [info] > git for-each-ref --format=%(refname)%00%(upstream:short)%00%(objectname)%00%(upstream:track)%00%(upstream:remotename)%00%(upstream:remoteref) refs/heads/main refs/remotes/main [1ms]
2025-06-15 15:25:44.952 [info] > git status -z -uall [12ms]
2025-06-15 15:25:44.952 [info] > git for-each-ref --sort -committerdate --format %(refname)%00%(objectname)%00%(*objectname) [1ms]
2025-06-15 15:26:09.640 [info] [Git][getRemotes] No remotes found in the git config file
2025-06-15 15:26:09.647 [info] > git config --get commit.template [8ms]
2025-06-15 15:26:09.648 [info] > git for-each-ref --format=%(refname)%00%(upstream:short)%00%(objectname)%00%(upstream:track)%00%(upstream:remotename)%00%(upstream:remoteref) refs/heads/main refs/remotes/main [1ms]
2025-06-15 15:26:09.661 [info] > git status -z -uall [8ms]
2025-06-15 15:26:09.661 [info] > git for-each-ref --sort -committerdate --format %(refname)%00%(objectname)%00%(*objectname) [1ms]
2025-06-15 15:26:14.935 [info] [Git][getRemotes] No remotes found in the git config file
2025-06-15 15:26:14.936 [info] > git config --get commit.template [13ms]
2025-06-15 15:26:14.936 [info] > git for-each-ref --format=%(refname)%00%(upstream:short)%00%(objectname)%00%(upstream:track)%00%(upstream:remotename)%00%(upstream:remoteref) refs/heads/main refs/remotes/main [1ms]
2025-06-15 15:26:14.956 [info] > git status -z -uall [9ms]
2025-06-15 15:26:14.958 [info] > git for-each-ref --sort -committerdate --format %(refname)%00%(objectname)%00%(*objectname) [2ms]
2025-06-15 15:26:19.972 [info] [Git][getRemotes] No remotes found in the git config file
2025-06-15 15:26:19.980 [info] > git config --get commit.template [8ms]
2025-06-15 15:26:19.980 [info] > git for-each-ref --format=%(refname)%00%(upstream:short)%00%(objectname)%00%(upstream:track)%00%(upstream:remotename)%00%(upstream:remoteref) refs/heads/main refs/remotes/main [1ms]
2025-06-15 15:26:19.992 [info] > git status -z -uall [6ms]
2025-06-15 15:26:19.993 [info] > git for-each-ref --sort -committerdate --format %(refname)%00%(objectname)%00%(*objectname) [1ms]
2025-06-15 15:26:28.737 [info] [Git][getRemotes] No remotes found in the git config file
2025-06-15 15:26:28.737 [info] > git config --get commit.template [11ms]
2025-06-15 15:26:28.737 [info] > git for-each-ref --format=%(refname)%00%(upstream:short)%00%(objectname)%00%(upstream:track)%00%(upstream:remotename)%00%(upstream:remoteref) refs/heads/main refs/remotes/main [1ms]
2025-06-15 15:26:28.756 [info] > git status -z -uall [7ms]
2025-06-15 15:26:28.756 [info] > git for-each-ref --sort -committerdate --format %(refname)%00%(objectname)%00%(*objectname) [2ms]
2025-06-15 15:26:34.408 [info] [Git][getRemotes] No remotes found in the git config file
2025-06-15 15:26:34.409 [info] > git config --get commit.template [13ms]
2025-06-15 15:26:34.410 [info] > git for-each-ref --format=%(refname)%00%(upstream:short)%00%(objectname)%00%(upstream:track)%00%(upstream:remotename)%00%(upstream:remoteref) refs/heads/main refs/remotes/main [2ms]
2025-06-15 15:26:34.436 [info] > git status -z -uall [16ms]
2025-06-15 15:26:34.437 [info] > git for-each-ref --sort -committerdate --format %(refname)%00%(objectname)%00%(*objectname) [2ms]
2025-06-15 15:27:47.339 [info] [Git][getRemotes] No remotes found in the git config file
2025-06-15 15:27:47.339 [info] > git config --get commit.template [12ms]
2025-06-15 15:27:47.340 [info] > git for-each-ref --format=%(refname)%00%(upstream:short)%00%(objectname)%00%(upstream:track)%00%(upstream:remotename)%00%(upstream:remoteref) refs/heads/main refs/remotes/main [2ms]
2025-06-15 15:27:47.359 [info] > git status -z -uall [12ms]
2025-06-15 15:27:47.360 [info] > git for-each-ref --sort -committerdate --format %(refname)%00%(objectname)%00%(*objectname) [1ms]
2025-06-15 15:27:52.380 [info] [Git][getRemotes] No remotes found in the git config file
2025-06-15 15:27:52.381 [info] > git config --get commit.template [7ms]
2025-06-15 15:27:52.381 [info] > git for-each-ref --format=%(refname)%00%(upstream:short)%00%(objectname)%00%(upstream:track)%00%(upstream:remotename)%00%(upstream:remoteref) refs/heads/main refs/remotes/main [1ms]
2025-06-15 15:27:52.394 [info] > git status -z -uall [6ms]
2025-06-15 15:27:52.395 [info] > git for-each-ref --sort -committerdate --format %(refname)%00%(objectname)%00%(*objectname) [1ms]
