2025-06-15 15:06:41.390 [info] Extension host with pid 1218 started
2025-06-15 15:06:41.390 [info] Skipping acquiring lock for /home/dan/.config/VSCodium/User/workspaceStorage/aecdf324f611c8a67086c59dbd5846a1.
2025-06-15 15:06:41.482 [info] ExtensionService#_doActivateExtension vscode.emmet, startup: false, activationEvent: 'onLanguage'
2025-06-15 15:06:41.500 [info] ExtensionService#_doActivateExtension vscode.typescript-language-features, startup: false, activationEvent: 'onLanguage:typescript'
2025-06-15 15:06:41.556 [info] ExtensionService#_doActivateExtension dsznajder.es7-react-js-snippets, startup: false, activationEvent: 'onLanguage:typescript'
2025-06-15 15:06:41.972 [info] ExtensionService#_doActivateExtension mattpocock.ts-error-translator, startup: false, activationEvent: 'onLanguage:typescript'
2025-06-15 15:06:42.040 [info] ExtensionService#_doActivateExtension YoavBls.pretty-ts-errors, startup: false, activationEvent: 'onLanguage:typescript'
2025-06-15 15:06:42.377 [info] ExtensionService#_doActivateExtension vscode.git-base, startup: true, activationEvent: '*', root cause: vscode.git
2025-06-15 15:06:42.379 [info] ExtensionService#_doActivateExtension vscode.npm, startup: true, activationEvent: 'workspaceContains:package.json'
2025-06-15 15:06:42.414 [info] ExtensionService#_doActivateExtension vscode.git, startup: true, activationEvent: '*'
2025-06-15 15:06:42.454 [info] ExtensionService#_doActivateExtension vscode.github, startup: true, activationEvent: '*'
2025-06-15 15:06:42.578 [info] Eager extensions activated
2025-06-15 15:06:42.587 [info] ExtensionService#_doActivateExtension vscode.debug-auto-launch, startup: false, activationEvent: 'onStartupFinished'
2025-06-15 15:06:42.590 [info] ExtensionService#_doActivateExtension vscode.merge-conflict, startup: false, activationEvent: 'onStartupFinished'
2025-06-15 15:06:42.612 [info] ExtensionService#_doActivateExtension bradlc.vscode-tailwindcss, startup: false, activationEvent: 'onStartupFinished'
2025-06-15 15:06:42.682 [info] ExtensionService#_doActivateExtension dbaeumer.vscode-eslint, startup: false, activationEvent: 'onStartupFinished'
2025-06-15 15:06:42.737 [info] ExtensionService#_doActivateExtension ecmel.vscode-html-css, startup: false, activationEvent: 'onStartupFinished'
2025-06-15 15:06:42.740 [info] ExtensionService#_doActivateExtension esbenp.prettier-vscode, startup: false, activationEvent: 'onStartupFinished'
2025-06-15 15:06:42.844 [info] ExtensionService#_doActivateExtension Gruntfuggly.todo-tree, startup: false, activationEvent: 'onStartupFinished'
2025-06-15 15:06:42.891 [info] ExtensionService#_doActivateExtension streetsidesoftware.code-spell-checker, startup: false, activationEvent: 'onStartupFinished'
2025-06-15 15:06:43.036 [info] ExtensionService#_doActivateExtension usernamehw.errorlens, startup: false, activationEvent: 'onStartupFinished'
2025-06-15 15:06:44.587 [info] ExtensionService#_doActivateExtension vscode.configuration-editing, startup: false, activationEvent: 'onLanguage:jsonc'
2025-06-15 15:06:44.596 [info] ExtensionService#_doActivateExtension vscode.json-language-features, startup: false, activationEvent: 'onLanguage:jsonc'
2025-06-15 15:06:47.510 [info] ExtensionService#_doActivateExtension vscode.extension-editing, startup: false, activationEvent: 'onLanguage:json'
2025-06-15 15:27:53.919 [info] Extension host terminating: renderer closed the MessagePort
2025-06-15 15:27:53.930 [error] An error occurred when disposing the subscriptions for extension 'Gruntfuggly.todo-tree':
2025-06-15 15:27:53.930 [error] AggregateError: Encountered errors while disposing of store
	at Ei (file:///opt/vscodium-bin/resources/app/out/vs/workbench/api/node/extensionHostProcess.js:25:822)
	at file:///opt/vscodium-bin/resources/app/out/vs/workbench/api/node/extensionHostProcess.js:124:18462
	at file:///opt/vscodium-bin/resources/app/out/vs/workbench/api/node/extensionHostProcess.js:25:1056
	at Object.dispose (file:///opt/vscodium-bin/resources/app/out/vs/workbench/api/node/extensionHostProcess.js:8:705)
	at yJ._deactivate (file:///opt/vscodium-bin/resources/app/out/vs/workbench/api/node/extensionHostProcess.js:124:14727)
	at file:///opt/vscodium-bin/resources/app/out/vs/workbench/api/node/extensionHostProcess.js:124:12013
	at Array.map (<anonymous>)
	at yJ._deactivateAll (file:///opt/vscodium-bin/resources/app/out/vs/workbench/api/node/extensionHostProcess.js:124:12001)
	at yJ.terminate (file:///opt/vscodium-bin/resources/app/out/vs/workbench/api/node/extensionHostProcess.js:124:12354)
	at B9.terminate (file:///opt/vscodium-bin/resources/app/out/vs/workbench/api/node/extensionHostProcess.js:126:1082)
	at ms (file:///opt/vscodium-bin/resources/app/out/vs/workbench/api/node/extensionHostProcess.js:361:5320)
	at MessagePortMain.<anonymous> (file:///opt/vscodium-bin/resources/app/out/vs/workbench/api/node/extensionHostProcess.js:361:1775)
	at MessagePortMain.emit (node:events:518:28)
	at MessagePortMain._internalPort.emit (node:electron/js2c/utility_init:2:3073)
2025-06-15 15:27:53.937 [info] Extension host with pid 1218 exiting with code 0
