2025-06-09 16:52:24.271 [info] [main] Log level: Info
2025-06-09 16:52:24.271 [info] [main] Validating found git in: "git"
2025-06-09 16:52:24.271 [info] [main] Using git "2.49.0" from "git"
2025-06-09 16:52:24.271 [info] [Model][doInitialScan] Initial repository scan started
2025-06-09 16:52:24.271 [info] > git rev-parse --show-toplevel [793ms]
2025-06-09 16:52:24.271 [info] > git rev-parse --git-dir --git-common-dir [12ms]
2025-06-09 16:52:24.271 [info] [Model][openRepository] Opened repository (path): /home/dan/projects/quest
2025-06-09 16:52:24.271 [info] [Model][openRepository] Opened repository (real path): /home/dan/projects/quest
2025-06-09 16:52:24.300 [info] > git rev-parse --show-toplevel [9ms]
2025-06-09 16:52:24.300 [info] > git config --get commit.template [19ms]
2025-06-09 16:52:24.338 [info] [Git][getRemotes] No remotes found in the git config file
2025-06-09 16:52:24.339 [info] > git rev-parse --show-toplevel [14ms]
2025-06-09 16:52:24.350 [info] > git for-each-ref --format=%(refname)%00%(upstream:short)%00%(objectname)%00%(upstream:track)%00%(upstream:remotename)%00%(upstream:remoteref) refs/heads/main refs/remotes/main [13ms]
2025-06-09 16:52:24.375 [info] > git status -z -uall [15ms]
2025-06-09 16:52:24.375 [info] > git for-each-ref --sort -committerdate --format %(refname)%00%(objectname)%00%(*objectname) [4ms]
2025-06-09 16:52:24.393 [info] > git rev-parse --show-toplevel [45ms]
2025-06-09 16:52:24.394 [info] [Model][doInitialScan] Initial repository scan completed - repositories (1), closed repositories (0), parent repositories (0), unsafe repositories (0)
2025-06-09 16:52:24.405 [info] > git for-each-ref --format=%(refname)%00%(upstream:short)%00%(objectname)%00%(upstream:track)%00%(upstream:remotename)%00%(upstream:remoteref) refs/heads/main refs/remotes/main [15ms]
2025-06-09 16:52:24.419 [info] > git config --get --local branch.main.vscode-merge-base [3ms]
2025-06-09 16:52:24.419 [warning] [Git][config] git config failed: Failed to execute git
2025-06-09 16:52:24.428 [info] > git config --get commit.template [23ms]
2025-06-09 16:52:24.438 [info] > git reflog main --grep-reflog=branch: Created from *. [11ms]
2025-06-09 16:52:24.450 [info] [Git][getRemotes] No remotes found in the git config file
2025-06-09 16:52:24.452 [info] > git for-each-ref --format=%(refname)%00%(upstream:short)%00%(objectname)%00%(upstream:track)%00%(upstream:remotename)%00%(upstream:remoteref) refs/heads/main refs/remotes/main [2ms]
2025-06-09 16:52:24.470 [info] > git status -z -uall [10ms]
2025-06-09 16:52:24.481 [info] > git for-each-ref --sort -committerdate --format %(refname)%00%(objectname)%00%(*objectname) [13ms]
2025-06-09 16:52:24.710 [info] > git show --textconv :src/presentation/components/styles/Header.css [10ms]
2025-06-09 16:52:24.711 [info] > git ls-files --stage -- src/presentation/components/styles/Header.css [2ms]
2025-06-09 16:52:24.720 [info] > git cat-file -s c5727c56ca7ef4aa33057e678e78b42781c87e5a [1ms]
2025-06-09 16:52:24.752 [info] > git blame --root --incremental 9d52c1fa17c80013f91615b4e31feef3d07b2eaf -- src/presentation/components/styles/Header.css [9ms]
2025-06-09 16:52:24.814 [info] > git check-ignore -v -z --stdin [1ms]
2025-06-09 16:53:52.943 [info] > git show --textconv :src/presentation/components/NewQuestButton.tsx [26ms]
2025-06-09 16:53:52.951 [info] > git ls-files --stage -- src/presentation/components/NewQuestButton.tsx [9ms]
2025-06-09 16:53:52.978 [info] > git cat-file -s d32363513a778ad845d24c82addf5bbcdd0ea7e9 [4ms]
2025-06-09 16:53:53.036 [info] > git blame --root --incremental 9d52c1fa17c80013f91615b4e31feef3d07b2eaf -- src/presentation/components/NewQuestButton.tsx [4ms]
2025-06-09 16:54:13.595 [info] > git config --get commit.template [2ms]
2025-06-09 16:54:13.609 [info] [Git][getRemotes] No remotes found in the git config file
2025-06-09 16:54:13.610 [info] > git for-each-ref --format=%(refname)%00%(upstream:short)%00%(objectname)%00%(upstream:track)%00%(upstream:remotename)%00%(upstream:remoteref) refs/heads/main refs/remotes/main [2ms]
2025-06-09 16:54:13.637 [info] > git status -z -uall [15ms]
2025-06-09 16:54:13.637 [info] > git for-each-ref --sort -committerdate --format %(refname)%00%(objectname)%00%(*objectname) [2ms]
2025-06-09 16:54:18.664 [info] [Git][getRemotes] No remotes found in the git config file
2025-06-09 16:54:18.665 [info] > git config --get commit.template [10ms]
2025-06-09 16:54:18.665 [info] > git for-each-ref --format=%(refname)%00%(upstream:short)%00%(objectname)%00%(upstream:track)%00%(upstream:remotename)%00%(upstream:remoteref) refs/heads/main refs/remotes/main [1ms]
2025-06-09 16:54:18.683 [info] > git status -z -uall [10ms]
2025-06-09 16:54:18.684 [info] > git for-each-ref --sort -committerdate --format %(refname)%00%(objectname)%00%(*objectname) [2ms]
2025-06-09 16:54:25.547 [info] > git config --get commit.template [7ms]
2025-06-09 16:54:25.558 [info] [Git][getRemotes] No remotes found in the git config file
2025-06-09 16:54:25.560 [info] > git for-each-ref --format=%(refname)%00%(upstream:short)%00%(objectname)%00%(upstream:track)%00%(upstream:remotename)%00%(upstream:remoteref) refs/heads/main refs/remotes/main [2ms]
2025-06-09 16:54:25.578 [info] > git status -z -uall [10ms]
2025-06-09 16:54:25.579 [info] > git for-each-ref --sort -committerdate --format %(refname)%00%(objectname)%00%(*objectname) [2ms]
2025-06-09 16:54:30.594 [info] [Git][getRemotes] No remotes found in the git config file
2025-06-09 16:54:30.603 [info] > git config --get commit.template [10ms]
2025-06-09 16:54:30.604 [info] > git for-each-ref --format=%(refname)%00%(upstream:short)%00%(objectname)%00%(upstream:track)%00%(upstream:remotename)%00%(upstream:remoteref) refs/heads/main refs/remotes/main [2ms]
2025-06-09 16:54:30.624 [info] > git status -z -uall [11ms]
2025-06-09 16:54:30.625 [info] > git for-each-ref --sort -committerdate --format %(refname)%00%(objectname)%00%(*objectname) [2ms]
2025-06-09 16:54:39.643 [info] [Git][getRemotes] No remotes found in the git config file
2025-06-09 16:54:39.643 [info] > git config --get commit.template [9ms]
2025-06-09 16:54:39.644 [info] > git for-each-ref --format=%(refname)%00%(upstream:short)%00%(objectname)%00%(upstream:track)%00%(upstream:remotename)%00%(upstream:remoteref) refs/heads/main refs/remotes/main [1ms]
2025-06-09 16:54:39.665 [info] > git status -z -uall [10ms]
2025-06-09 16:54:39.665 [info] > git for-each-ref --sort -committerdate --format %(refname)%00%(objectname)%00%(*objectname) [1ms]
2025-06-09 16:54:47.375 [info] > git config --get commit.template [3ms]
2025-06-09 16:54:47.389 [info] [Git][getRemotes] No remotes found in the git config file
2025-06-09 16:54:47.391 [info] > git for-each-ref --format=%(refname)%00%(upstream:short)%00%(objectname)%00%(upstream:track)%00%(upstream:remotename)%00%(upstream:remoteref) refs/heads/main refs/remotes/main [2ms]
2025-06-09 16:54:47.428 [info] > git status -z -uall [26ms]
2025-06-09 16:54:47.429 [info] > git for-each-ref --sort -committerdate --format %(refname)%00%(objectname)%00%(*objectname) [18ms]
2025-06-09 16:54:53.158 [info] [Git][getRemotes] No remotes found in the git config file
2025-06-09 16:54:53.159 [info] > git config --get commit.template [24ms]
2025-06-09 16:54:53.159 [info] > git for-each-ref --format=%(refname)%00%(upstream:short)%00%(objectname)%00%(upstream:track)%00%(upstream:remotename)%00%(upstream:remoteref) refs/heads/main refs/remotes/main [2ms]
2025-06-09 16:54:53.212 [info] > git status -z -uall [31ms]
2025-06-09 16:54:53.213 [info] > git for-each-ref --sort -committerdate --format %(refname)%00%(objectname)%00%(*objectname) [4ms]
2025-06-09 16:55:01.817 [info] > git show --textconv :src/presentation/components/styles/Header.css [13ms]
2025-06-09 16:55:01.818 [info] > git ls-files --stage -- src/presentation/components/styles/Header.css [2ms]
2025-06-09 16:55:01.829 [info] > git cat-file -s c5727c56ca7ef4aa33057e678e78b42781c87e5a [2ms]
2025-06-09 16:55:03.780 [info] > git show --textconv :src/presentation/components/NewQuestButton.tsx [11ms]
2025-06-09 16:55:03.781 [info] > git ls-files --stage -- src/presentation/components/NewQuestButton.tsx [2ms]
2025-06-09 16:55:03.798 [info] > git cat-file -s d32363513a778ad845d24c82addf5bbcdd0ea7e9 [2ms]
2025-06-09 16:55:06.903 [info] > git show --textconv :src/presentation/components/styles/NewQuestButton.css [15ms]
2025-06-09 16:55:06.904 [info] > git ls-files --stage -- src/presentation/components/styles/NewQuestButton.css [2ms]
2025-06-09 16:55:06.918 [info] > git cat-file -s 586231cb5b82fff760fe267421d2680e8bf8f97e [2ms]
2025-06-09 16:55:08.071 [info] > git blame --root --incremental 9d52c1fa17c80013f91615b4e31feef3d07b2eaf -- src/presentation/components/styles/NewQuestButton.css [3ms]
2025-06-09 16:55:18.350 [info] > git config --get commit.template [1ms]
2025-06-09 16:55:18.360 [info] [Git][getRemotes] No remotes found in the git config file
2025-06-09 16:55:18.361 [info] > git for-each-ref --format=%(refname)%00%(upstream:short)%00%(objectname)%00%(upstream:track)%00%(upstream:remotename)%00%(upstream:remoteref) refs/heads/main refs/remotes/main [2ms]
2025-06-09 16:55:18.380 [info] > git status -z -uall [9ms]
2025-06-09 16:55:18.381 [info] > git for-each-ref --sort -committerdate --format %(refname)%00%(objectname)%00%(*objectname) [1ms]
2025-06-09 16:55:23.404 [info] [Git][getRemotes] No remotes found in the git config file
2025-06-09 16:55:23.405 [info] > git config --get commit.template [9ms]
2025-06-09 16:55:23.405 [info] > git for-each-ref --format=%(refname)%00%(upstream:short)%00%(objectname)%00%(upstream:track)%00%(upstream:remotename)%00%(upstream:remoteref) refs/heads/main refs/remotes/main [1ms]
2025-06-09 16:55:23.423 [info] > git status -z -uall [10ms]
2025-06-09 16:55:23.424 [info] > git for-each-ref --sort -committerdate --format %(refname)%00%(objectname)%00%(*objectname) [2ms]
2025-06-09 16:55:28.441 [info] > git config --get commit.template [2ms]
2025-06-09 16:55:28.450 [info] [Git][getRemotes] No remotes found in the git config file
2025-06-09 16:55:28.451 [info] > git for-each-ref --format=%(refname)%00%(upstream:short)%00%(objectname)%00%(upstream:track)%00%(upstream:remotename)%00%(upstream:remoteref) refs/heads/main refs/remotes/main [1ms]
2025-06-09 16:55:28.468 [info] > git status -z -uall [9ms]
2025-06-09 16:55:28.469 [info] > git for-each-ref --sort -committerdate --format %(refname)%00%(objectname)%00%(*objectname) [1ms]
2025-06-09 16:55:36.390 [info] [Git][getRemotes] No remotes found in the git config file
2025-06-09 16:55:36.391 [info] > git config --get commit.template [25ms]
2025-06-09 16:55:36.392 [info] > git for-each-ref --format=%(refname)%00%(upstream:short)%00%(objectname)%00%(upstream:track)%00%(upstream:remotename)%00%(upstream:remoteref) refs/heads/main refs/remotes/main [2ms]
2025-06-09 16:55:36.442 [info] > git status -z -uall [26ms]
2025-06-09 16:55:36.444 [info] > git for-each-ref --sort -committerdate --format %(refname)%00%(objectname)%00%(*objectname) [3ms]
2025-06-09 16:55:45.139 [info] [Git][getRemotes] No remotes found in the git config file
2025-06-09 16:55:45.139 [info] > git config --get commit.template [26ms]
2025-06-09 16:55:45.140 [info] > git for-each-ref --format=%(refname)%00%(upstream:short)%00%(objectname)%00%(upstream:track)%00%(upstream:remotename)%00%(upstream:remoteref) refs/heads/main refs/remotes/main [2ms]
2025-06-09 16:55:45.192 [info] > git status -z -uall [26ms]
2025-06-09 16:55:45.193 [info] > git for-each-ref --sort -committerdate --format %(refname)%00%(objectname)%00%(*objectname) [3ms]
2025-06-09 16:55:56.572 [info] [Git][getRemotes] No remotes found in the git config file
2025-06-09 16:55:56.573 [info] > git config --get commit.template [10ms]
2025-06-09 16:55:56.573 [info] > git for-each-ref --format=%(refname)%00%(upstream:short)%00%(objectname)%00%(upstream:track)%00%(upstream:remotename)%00%(upstream:remoteref) refs/heads/main refs/remotes/main [1ms]
2025-06-09 16:55:56.596 [info] > git status -z -uall [11ms]
2025-06-09 16:55:56.597 [info] > git for-each-ref --sort -committerdate --format %(refname)%00%(objectname)%00%(*objectname) [2ms]
2025-06-09 16:58:19.164 [info] [Git][getRemotes] No remotes found in the git config file
2025-06-09 16:58:19.165 [info] > git config --get commit.template [27ms]
2025-06-09 16:58:19.167 [info] > git for-each-ref --format=%(refname)%00%(upstream:short)%00%(objectname)%00%(upstream:track)%00%(upstream:remotename)%00%(upstream:remoteref) refs/heads/main refs/remotes/main [3ms]
2025-06-09 16:58:19.216 [info] > git status -z -uall [27ms]
2025-06-09 16:58:19.217 [info] > git for-each-ref --sort -committerdate --format %(refname)%00%(objectname)%00%(*objectname) [3ms]
2025-06-09 16:58:22.820 [info] > git show --textconv :src/presentation/components/NewQuestButton.tsx [14ms]
2025-06-09 16:58:22.821 [info] > git ls-files --stage -- src/presentation/components/NewQuestButton.tsx [2ms]
2025-06-09 16:58:22.836 [info] > git cat-file -s d32363513a778ad845d24c82addf5bbcdd0ea7e9 [2ms]
2025-06-09 16:58:32.984 [info] > git config --get commit.template [3ms]
2025-06-09 16:58:32.992 [info] [Git][getRemotes] No remotes found in the git config file
2025-06-09 16:58:33.026 [info] > git for-each-ref --format=%(refname)%00%(upstream:short)%00%(objectname)%00%(upstream:track)%00%(upstream:remotename)%00%(upstream:remoteref) refs/heads/main refs/remotes/main [34ms]
2025-06-09 16:58:33.057 [info] > git status -z -uall [17ms]
2025-06-09 16:58:33.058 [info] > git for-each-ref --sort -committerdate --format %(refname)%00%(objectname)%00%(*objectname) [3ms]
2025-06-09 16:58:38.139 [info] > git config --get commit.template [40ms]
2025-06-09 16:58:38.157 [info] [Git][getRemotes] No remotes found in the git config file
2025-06-09 16:58:38.159 [info] > git for-each-ref --format=%(refname)%00%(upstream:short)%00%(objectname)%00%(upstream:track)%00%(upstream:remotename)%00%(upstream:remoteref) refs/heads/main refs/remotes/main [3ms]
2025-06-09 16:58:38.185 [info] > git status -z -uall [14ms]
2025-06-09 16:58:38.186 [info] > git for-each-ref --sort -committerdate --format %(refname)%00%(objectname)%00%(*objectname) [2ms]
2025-06-09 16:58:43.204 [info] > git config --get commit.template [2ms]
2025-06-09 16:58:43.218 [info] [Git][getRemotes] No remotes found in the git config file
2025-06-09 16:58:43.220 [info] > git for-each-ref --format=%(refname)%00%(upstream:short)%00%(objectname)%00%(upstream:track)%00%(upstream:remotename)%00%(upstream:remoteref) refs/heads/main refs/remotes/main [2ms]
2025-06-09 16:58:43.248 [info] > git status -z -uall [14ms]
2025-06-09 16:58:43.249 [info] > git for-each-ref --sort -committerdate --format %(refname)%00%(objectname)%00%(*objectname) [2ms]
2025-06-09 16:58:48.273 [info] [Git][getRemotes] No remotes found in the git config file
2025-06-09 16:58:48.274 [info] > git config --get commit.template [10ms]
2025-06-09 16:58:48.275 [info] > git for-each-ref --format=%(refname)%00%(upstream:short)%00%(objectname)%00%(upstream:track)%00%(upstream:remotename)%00%(upstream:remoteref) refs/heads/main refs/remotes/main [2ms]
2025-06-09 16:58:48.293 [info] > git status -z -uall [10ms]
2025-06-09 16:58:48.294 [info] > git for-each-ref --sort -committerdate --format %(refname)%00%(objectname)%00%(*objectname) [1ms]
2025-06-09 16:58:54.271 [info] [Git][getRemotes] No remotes found in the git config file
2025-06-09 16:58:54.273 [info] > git config --get commit.template [29ms]
2025-06-09 16:58:54.274 [info] > git for-each-ref --format=%(refname)%00%(upstream:short)%00%(objectname)%00%(upstream:track)%00%(upstream:remotename)%00%(upstream:remoteref) refs/heads/main refs/remotes/main [3ms]
2025-06-09 16:58:54.323 [info] > git status -z -uall [31ms]
2025-06-09 16:58:54.324 [info] > git for-each-ref --sort -committerdate --format %(refname)%00%(objectname)%00%(*objectname) [4ms]
2025-06-09 16:58:59.231 [info] > git show --textconv :src/presentation/panes/styles/QuestsPane.css [17ms]
2025-06-09 16:58:59.232 [info] > git ls-files --stage -- src/presentation/panes/styles/QuestsPane.css [2ms]
2025-06-09 16:58:59.247 [info] > git cat-file -s b7ee1851378d5d52f0c0df63292ef31b40dd97d1 [2ms]
2025-06-09 16:58:59.274 [info] > git blame --root --incremental 9d52c1fa17c80013f91615b4e31feef3d07b2eaf -- src/presentation/panes/styles/QuestsPane.css [4ms]
2025-06-09 16:58:59.673 [info] > git check-ignore -v -z --stdin [2ms]
2025-06-09 16:59:01.245 [info] > git show --textconv :src/presentation/components/styles/NewQuestButton.css [15ms]
2025-06-09 16:59:01.246 [info] > git ls-files --stage -- src/presentation/components/styles/NewQuestButton.css [2ms]
2025-06-09 16:59:01.262 [info] > git cat-file -s 586231cb5b82fff760fe267421d2680e8bf8f97e [3ms]
2025-06-09 16:59:21.421 [info] [Git][getRemotes] No remotes found in the git config file
2025-06-09 16:59:21.421 [info] > git config --get commit.template [29ms]
2025-06-09 16:59:21.422 [info] > git for-each-ref --format=%(refname)%00%(upstream:short)%00%(objectname)%00%(upstream:track)%00%(upstream:remotename)%00%(upstream:remoteref) refs/heads/main refs/remotes/main [3ms]
2025-06-09 16:59:21.465 [info] > git status -z -uall [19ms]
2025-06-09 16:59:21.466 [info] > git for-each-ref --sort -committerdate --format %(refname)%00%(objectname)%00%(*objectname) [2ms]
2025-06-09 16:59:23.949 [info] > git show --textconv :src/presentation/components/NewQuestButton.tsx [15ms]
2025-06-09 16:59:23.950 [info] > git ls-files --stage -- src/presentation/components/NewQuestButton.tsx [2ms]
2025-06-09 16:59:23.966 [info] > git cat-file -s d32363513a778ad845d24c82addf5bbcdd0ea7e9 [2ms]
2025-06-09 16:59:32.446 [info] > git config --get commit.template [3ms]
2025-06-09 16:59:32.499 [info] [Git][getRemotes] No remotes found in the git config file
2025-06-09 16:59:32.501 [info] > git for-each-ref --format=%(refname)%00%(upstream:short)%00%(objectname)%00%(upstream:track)%00%(upstream:remotename)%00%(upstream:remoteref) refs/heads/main refs/remotes/main [3ms]
2025-06-09 16:59:32.536 [info] > git status -z -uall [19ms]
2025-06-09 16:59:32.536 [info] > git for-each-ref --sort -committerdate --format %(refname)%00%(objectname)%00%(*objectname) [5ms]
2025-06-09 16:59:37.561 [info] [Git][getRemotes] No remotes found in the git config file
2025-06-09 16:59:37.562 [info] > git config --get commit.template [10ms]
2025-06-09 16:59:37.562 [info] > git for-each-ref --format=%(refname)%00%(upstream:short)%00%(objectname)%00%(upstream:track)%00%(upstream:remotename)%00%(upstream:remoteref) refs/heads/main refs/remotes/main [1ms]
2025-06-09 16:59:37.582 [info] > git status -z -uall [10ms]
2025-06-09 16:59:37.583 [info] > git for-each-ref --sort -committerdate --format %(refname)%00%(objectname)%00%(*objectname) [2ms]
2025-06-09 16:59:50.685 [info] > git config --get commit.template [66ms]
2025-06-09 16:59:50.699 [info] [Git][getRemotes] No remotes found in the git config file
2025-06-09 16:59:50.700 [info] > git for-each-ref --format=%(refname)%00%(upstream:short)%00%(objectname)%00%(upstream:track)%00%(upstream:remotename)%00%(upstream:remoteref) refs/heads/main refs/remotes/main [2ms]
2025-06-09 16:59:50.726 [info] > git status -z -uall [14ms]
2025-06-09 16:59:50.726 [info] > git for-each-ref --sort -committerdate --format %(refname)%00%(objectname)%00%(*objectname) [5ms]
2025-06-09 16:59:56.549 [info] [Git][getRemotes] No remotes found in the git config file
2025-06-09 16:59:56.549 [info] > git config --get commit.template [9ms]
2025-06-09 16:59:56.550 [info] > git for-each-ref --format=%(refname)%00%(upstream:short)%00%(objectname)%00%(upstream:track)%00%(upstream:remotename)%00%(upstream:remoteref) refs/heads/main refs/remotes/main [2ms]
2025-06-09 16:59:56.567 [info] > git status -z -uall [9ms]
2025-06-09 16:59:56.568 [info] > git for-each-ref --sort -committerdate --format %(refname)%00%(objectname)%00%(*objectname) [1ms]
2025-06-09 17:00:58.096 [info] [Git][getRemotes] No remotes found in the git config file
2025-06-09 17:00:58.096 [info] > git config --get commit.template [9ms]
2025-06-09 17:00:58.097 [info] > git for-each-ref --format=%(refname)%00%(upstream:short)%00%(objectname)%00%(upstream:track)%00%(upstream:remotename)%00%(upstream:remoteref) refs/heads/main refs/remotes/main [2ms]
2025-06-09 17:00:58.116 [info] > git status -z -uall [11ms]
2025-06-09 17:00:58.117 [info] > git for-each-ref --sort -committerdate --format %(refname)%00%(objectname)%00%(*objectname) [2ms]
2025-06-09 17:01:03.142 [info] [Git][getRemotes] No remotes found in the git config file
2025-06-09 17:01:03.142 [info] > git config --get commit.template [9ms]
2025-06-09 17:01:03.143 [info] > git for-each-ref --format=%(refname)%00%(upstream:short)%00%(objectname)%00%(upstream:track)%00%(upstream:remotename)%00%(upstream:remoteref) refs/heads/main refs/remotes/main [1ms]
2025-06-09 17:01:03.160 [info] > git status -z -uall [9ms]
2025-06-09 17:01:03.161 [info] > git for-each-ref --sort -committerdate --format %(refname)%00%(objectname)%00%(*objectname) [1ms]
2025-06-09 17:01:08.194 [info] [Git][getRemotes] No remotes found in the git config file
2025-06-09 17:01:08.195 [info] > git config --get commit.template [16ms]
2025-06-09 17:01:08.196 [info] > git for-each-ref --format=%(refname)%00%(upstream:short)%00%(objectname)%00%(upstream:track)%00%(upstream:remotename)%00%(upstream:remoteref) refs/heads/main refs/remotes/main [2ms]
2025-06-09 17:01:08.218 [info] > git status -z -uall [10ms]
2025-06-09 17:01:08.219 [info] > git for-each-ref --sort -committerdate --format %(refname)%00%(objectname)%00%(*objectname) [2ms]
2025-06-09 17:01:32.222 [info] [Git][getRemotes] No remotes found in the git config file
2025-06-09 17:01:32.232 [info] > git config --get commit.template [10ms]
2025-06-09 17:01:32.232 [info] > git for-each-ref --format=%(refname)%00%(upstream:short)%00%(objectname)%00%(upstream:track)%00%(upstream:remotename)%00%(upstream:remoteref) refs/heads/main refs/remotes/main [1ms]
2025-06-09 17:01:32.250 [info] > git status -z -uall [9ms]
2025-06-09 17:01:32.251 [info] > git for-each-ref --sort -committerdate --format %(refname)%00%(objectname)%00%(*objectname) [2ms]
2025-06-09 17:01:37.276 [info] [Git][getRemotes] No remotes found in the git config file
2025-06-09 17:01:37.277 [info] > git config --get commit.template [9ms]
2025-06-09 17:01:37.277 [info] > git for-each-ref --format=%(refname)%00%(upstream:short)%00%(objectname)%00%(upstream:track)%00%(upstream:remotename)%00%(upstream:remoteref) refs/heads/main refs/remotes/main [1ms]
2025-06-09 17:01:37.294 [info] > git status -z -uall [9ms]
2025-06-09 17:01:37.295 [info] > git for-each-ref --sort -committerdate --format %(refname)%00%(objectname)%00%(*objectname) [2ms]
2025-06-09 17:01:45.245 [info] > git config --get commit.template [2ms]
2025-06-09 17:01:45.255 [info] [Git][getRemotes] No remotes found in the git config file
2025-06-09 17:01:45.259 [info] > git for-each-ref --format=%(refname)%00%(upstream:short)%00%(objectname)%00%(upstream:track)%00%(upstream:remotename)%00%(upstream:remoteref) refs/heads/main refs/remotes/main [4ms]
2025-06-09 17:01:45.282 [info] > git status -z -uall [11ms]
2025-06-09 17:01:45.283 [info] > git for-each-ref --sort -committerdate --format %(refname)%00%(objectname)%00%(*objectname) [2ms]
2025-06-09 17:01:51.396 [info] > git config --get commit.template [2ms]
2025-06-09 17:01:51.407 [info] [Git][getRemotes] No remotes found in the git config file
2025-06-09 17:01:51.409 [info] > git for-each-ref --format=%(refname)%00%(upstream:short)%00%(objectname)%00%(upstream:track)%00%(upstream:remotename)%00%(upstream:remoteref) refs/heads/main refs/remotes/main [2ms]
2025-06-09 17:01:51.433 [info] > git status -z -uall [14ms]
2025-06-09 17:01:51.433 [info] > git for-each-ref --sort -committerdate --format %(refname)%00%(objectname)%00%(*objectname) [5ms]
2025-06-09 17:01:56.449 [info] [Git][getRemotes] No remotes found in the git config file
2025-06-09 17:01:56.458 [info] > git config --get commit.template [10ms]
2025-06-09 17:01:56.459 [info] > git for-each-ref --format=%(refname)%00%(upstream:short)%00%(objectname)%00%(upstream:track)%00%(upstream:remotename)%00%(upstream:remoteref) refs/heads/main refs/remotes/main [1ms]
2025-06-09 17:01:56.477 [info] > git status -z -uall [10ms]
2025-06-09 17:01:56.478 [info] > git for-each-ref --sort -committerdate --format %(refname)%00%(objectname)%00%(*objectname) [1ms]
2025-06-09 17:02:01.494 [info] [Git][getRemotes] No remotes found in the git config file
2025-06-09 17:02:01.503 [info] > git config --get commit.template [9ms]
2025-06-09 17:02:01.504 [info] > git for-each-ref --format=%(refname)%00%(upstream:short)%00%(objectname)%00%(upstream:track)%00%(upstream:remotename)%00%(upstream:remoteref) refs/heads/main refs/remotes/main [1ms]
2025-06-09 17:02:01.523 [info] > git status -z -uall [10ms]
2025-06-09 17:02:01.524 [info] > git for-each-ref --sort -committerdate --format %(refname)%00%(objectname)%00%(*objectname) [2ms]
2025-06-09 17:02:06.577 [info] > git config --get commit.template [2ms]
2025-06-09 17:02:06.591 [info] [Git][getRemotes] No remotes found in the git config file
2025-06-09 17:02:06.593 [info] > git for-each-ref --format=%(refname)%00%(upstream:short)%00%(objectname)%00%(upstream:track)%00%(upstream:remotename)%00%(upstream:remoteref) refs/heads/main refs/remotes/main [2ms]
2025-06-09 17:02:06.624 [info] > git status -z -uall [18ms]
2025-06-09 17:02:06.624 [info] > git for-each-ref --sort -committerdate --format %(refname)%00%(objectname)%00%(*objectname) [3ms]
2025-06-09 17:02:12.674 [info] [Git][getRemotes] No remotes found in the git config file
2025-06-09 17:02:12.675 [info] > git config --get commit.template [30ms]
2025-06-09 17:02:12.676 [info] > git for-each-ref --format=%(refname)%00%(upstream:short)%00%(objectname)%00%(upstream:track)%00%(upstream:remotename)%00%(upstream:remoteref) refs/heads/main refs/remotes/main [2ms]
2025-06-09 17:02:12.724 [info] > git status -z -uall [26ms]
2025-06-09 17:02:12.727 [info] > git for-each-ref --sort -committerdate --format %(refname)%00%(objectname)%00%(*objectname) [4ms]
2025-06-09 17:05:27.821 [info] [Git][getRemotes] No remotes found in the git config file
2025-06-09 17:05:27.822 [info] > git config --get commit.template [11ms]
2025-06-09 17:05:27.823 [info] > git for-each-ref --format=%(refname)%00%(upstream:short)%00%(objectname)%00%(upstream:track)%00%(upstream:remotename)%00%(upstream:remoteref) refs/heads/main refs/remotes/main [2ms]
2025-06-09 17:05:27.840 [info] > git status -z -uall [10ms]
2025-06-09 17:05:27.841 [info] > git for-each-ref --sort -committerdate --format %(refname)%00%(objectname)%00%(*objectname) [2ms]
2025-06-09 17:05:32.875 [info] [Git][getRemotes] No remotes found in the git config file
2025-06-09 17:05:32.876 [info] > git config --get commit.template [16ms]
2025-06-09 17:05:32.878 [info] > git for-each-ref --format=%(refname)%00%(upstream:short)%00%(objectname)%00%(upstream:track)%00%(upstream:remotename)%00%(upstream:remoteref) refs/heads/main refs/remotes/main [3ms]
2025-06-09 17:05:32.906 [info] > git status -z -uall [14ms]
2025-06-09 17:05:32.907 [info] > git for-each-ref --sort -committerdate --format %(refname)%00%(objectname)%00%(*objectname) [2ms]
2025-06-09 17:05:44.865 [info] [Git][getRemotes] No remotes found in the git config file
2025-06-09 17:05:44.865 [info] > git config --get commit.template [10ms]
2025-06-09 17:05:44.866 [info] > git for-each-ref --format=%(refname)%00%(upstream:short)%00%(objectname)%00%(upstream:track)%00%(upstream:remotename)%00%(upstream:remoteref) refs/heads/main refs/remotes/main [2ms]
2025-06-09 17:05:44.886 [info] > git status -z -uall [10ms]
2025-06-09 17:05:44.887 [info] > git for-each-ref --sort -committerdate --format %(refname)%00%(objectname)%00%(*objectname) [2ms]
2025-06-09 17:05:49.916 [info] [Git][getRemotes] No remotes found in the git config file
2025-06-09 17:05:49.917 [info] > git config --get commit.template [12ms]
2025-06-09 17:05:49.918 [info] > git for-each-ref --format=%(refname)%00%(upstream:short)%00%(objectname)%00%(upstream:track)%00%(upstream:remotename)%00%(upstream:remoteref) refs/heads/main refs/remotes/main [2ms]
2025-06-09 17:05:49.938 [info] > git status -z -uall [11ms]
2025-06-09 17:05:49.939 [info] > git for-each-ref --sort -committerdate --format %(refname)%00%(objectname)%00%(*objectname) [1ms]
2025-06-09 17:06:06.046 [info] > git config --get commit.template [5ms]
2025-06-09 17:06:06.069 [info] [Git][getRemotes] No remotes found in the git config file
2025-06-09 17:06:06.071 [info] > git for-each-ref --format=%(refname)%00%(upstream:short)%00%(objectname)%00%(upstream:track)%00%(upstream:remotename)%00%(upstream:remoteref) refs/heads/main refs/remotes/main [2ms]
2025-06-09 17:06:06.109 [info] > git status -z -uall [19ms]
2025-06-09 17:06:06.111 [info] > git for-each-ref --sort -committerdate --format %(refname)%00%(objectname)%00%(*objectname) [3ms]
2025-06-09 17:09:50.315 [info] [Git][getRemotes] No remotes found in the git config file
2025-06-09 17:09:50.316 [info] > git config --get commit.template [15ms]
2025-06-09 17:09:50.317 [info] > git for-each-ref --format=%(refname)%00%(upstream:short)%00%(objectname)%00%(upstream:track)%00%(upstream:remotename)%00%(upstream:remoteref) refs/heads/main refs/remotes/main [2ms]
2025-06-09 17:09:50.349 [info] > git status -z -uall [17ms]
2025-06-09 17:09:50.349 [info] > git for-each-ref --sort -committerdate --format %(refname)%00%(objectname)%00%(*objectname) [1ms]
2025-06-09 17:11:59.699 [info] [Git][getRemotes] No remotes found in the git config file
2025-06-09 17:11:59.699 [info] > git config --get commit.template [11ms]
2025-06-09 17:11:59.700 [info] > git for-each-ref --format=%(refname)%00%(upstream:short)%00%(objectname)%00%(upstream:track)%00%(upstream:remotename)%00%(upstream:remoteref) refs/heads/main refs/remotes/main [2ms]
2025-06-09 17:11:59.721 [info] > git status -z -uall [11ms]
2025-06-09 17:11:59.723 [info] > git for-each-ref --sort -committerdate --format %(refname)%00%(objectname)%00%(*objectname) [3ms]
2025-06-09 17:12:05.068 [info] [Git][getRemotes] No remotes found in the git config file
2025-06-09 17:12:05.087 [info] > git config --get commit.template [19ms]
2025-06-09 17:12:05.088 [info] > git for-each-ref --format=%(refname)%00%(upstream:short)%00%(objectname)%00%(upstream:track)%00%(upstream:remotename)%00%(upstream:remoteref) refs/heads/main refs/remotes/main [2ms]
2025-06-09 17:12:05.124 [info] > git status -z -uall [15ms]
2025-06-09 17:12:05.125 [info] > git for-each-ref --sort -committerdate --format %(refname)%00%(objectname)%00%(*objectname) [2ms]
2025-06-09 17:12:10.151 [info] [Git][getRemotes] No remotes found in the git config file
2025-06-09 17:12:10.152 [info] > git config --get commit.template [11ms]
2025-06-09 17:12:10.154 [info] > git for-each-ref --format=%(refname)%00%(upstream:short)%00%(objectname)%00%(upstream:track)%00%(upstream:remotename)%00%(upstream:remoteref) refs/heads/main refs/remotes/main [3ms]
2025-06-09 17:12:10.184 [info] > git status -z -uall [16ms]
2025-06-09 17:12:10.185 [info] > git for-each-ref --sort -committerdate --format %(refname)%00%(objectname)%00%(*objectname) [3ms]
2025-06-09 17:12:15.210 [info] [Git][getRemotes] No remotes found in the git config file
2025-06-09 17:12:15.210 [info] > git config --get commit.template [11ms]
2025-06-09 17:12:15.212 [info] > git for-each-ref --format=%(refname)%00%(upstream:short)%00%(objectname)%00%(upstream:track)%00%(upstream:remotename)%00%(upstream:remoteref) refs/heads/main refs/remotes/main [2ms]
2025-06-09 17:12:15.230 [info] > git status -z -uall [10ms]
2025-06-09 17:12:15.231 [info] > git for-each-ref --sort -committerdate --format %(refname)%00%(objectname)%00%(*objectname) [1ms]
2025-06-09 17:12:22.598 [info] [Git][getRemotes] No remotes found in the git config file
2025-06-09 17:12:22.599 [info] > git config --get commit.template [10ms]
2025-06-09 17:12:22.600 [info] > git for-each-ref --format=%(refname)%00%(upstream:short)%00%(objectname)%00%(upstream:track)%00%(upstream:remotename)%00%(upstream:remoteref) refs/heads/main refs/remotes/main [2ms]
2025-06-09 17:12:22.621 [info] > git status -z -uall [12ms]
2025-06-09 17:12:22.622 [info] > git for-each-ref --sort -committerdate --format %(refname)%00%(objectname)%00%(*objectname) [1ms]
2025-06-09 17:12:36.725 [info] [Git][getRemotes] No remotes found in the git config file
2025-06-09 17:12:36.755 [info] > git config --get commit.template [31ms]
2025-06-09 17:12:36.755 [info] > git for-each-ref --format=%(refname)%00%(upstream:short)%00%(objectname)%00%(upstream:track)%00%(upstream:remotename)%00%(upstream:remoteref) refs/heads/main refs/remotes/main [1ms]
2025-06-09 17:12:36.811 [info] > git status -z -uall [27ms]
2025-06-09 17:12:36.813 [info] > git for-each-ref --sort -committerdate --format %(refname)%00%(objectname)%00%(*objectname) [3ms]
2025-06-09 17:12:47.943 [info] > git config --get commit.template [1ms]
2025-06-09 17:12:47.956 [info] [Git][getRemotes] No remotes found in the git config file
2025-06-09 17:12:47.958 [info] > git for-each-ref --format=%(refname)%00%(upstream:short)%00%(objectname)%00%(upstream:track)%00%(upstream:remotename)%00%(upstream:remoteref) refs/heads/main refs/remotes/main [2ms]
2025-06-09 17:12:47.979 [info] > git status -z -uall [11ms]
2025-06-09 17:12:47.980 [info] > git for-each-ref --sort -committerdate --format %(refname)%00%(objectname)%00%(*objectname) [2ms]
2025-06-09 17:13:10.895 [info] [Git][getRemotes] No remotes found in the git config file
2025-06-09 17:13:10.896 [info] > git config --get commit.template [24ms]
2025-06-09 17:13:10.897 [info] > git for-each-ref --format=%(refname)%00%(upstream:short)%00%(objectname)%00%(upstream:track)%00%(upstream:remotename)%00%(upstream:remoteref) refs/heads/main refs/remotes/main [3ms]
2025-06-09 17:13:10.937 [info] > git status -z -uall [21ms]
2025-06-09 17:13:10.939 [info] > git for-each-ref --sort -committerdate --format %(refname)%00%(objectname)%00%(*objectname) [3ms]
2025-06-09 17:21:02.389 [info] > git show --textconv :src/presentation/components/styles/QuestDescription.css [16ms]
2025-06-09 17:21:02.391 [info] > git ls-files --stage -- src/presentation/components/styles/QuestDescription.css [2ms]
2025-06-09 17:21:02.408 [info] > git cat-file -s c441148ae6ed87d971f789497f3461b8e9e886ed [3ms]
2025-06-09 17:21:02.434 [info] > git blame --root --incremental 9d52c1fa17c80013f91615b4e31feef3d07b2eaf -- src/presentation/components/styles/QuestDescription.css [4ms]
2025-06-09 17:21:16.639 [info] > git show --textconv :src/presentation/components/QuestDescription.tsx [19ms]
2025-06-09 17:21:16.643 [info] > git ls-files --stage -- src/presentation/components/QuestDescription.tsx [6ms]
2025-06-09 17:21:16.659 [info] > git cat-file -s fb386277140744f24921c8c34434f1e73f6235c1 [2ms]
2025-06-09 17:21:16.684 [info] > git blame --root --incremental 9d52c1fa17c80013f91615b4e31feef3d07b2eaf -- src/presentation/components/QuestDescription.tsx [4ms]
2025-06-09 17:22:26.562 [info] > git show --textconv :src/presentation/components/styles/Header.css [11ms]
2025-06-09 17:22:26.563 [info] > git ls-files --stage -- src/presentation/components/styles/Header.css [2ms]
2025-06-09 17:22:26.574 [info] > git cat-file -s c5727c56ca7ef4aa33057e678e78b42781c87e5a [2ms]
2025-06-09 17:22:28.674 [info] > git show --textconv :src/presentation/panes/styles/QuestsPane.css [13ms]
2025-06-09 17:22:28.675 [info] > git ls-files --stage -- src/presentation/panes/styles/QuestsPane.css [1ms]
2025-06-09 17:22:28.687 [info] > git cat-file -s b7ee1851378d5d52f0c0df63292ef31b40dd97d1 [2ms]
2025-06-09 17:22:31.672 [info] > git show --textconv :src/presentation/components/QuestDescription.tsx [19ms]
2025-06-09 17:22:31.673 [info] > git ls-files --stage -- src/presentation/components/QuestDescription.tsx [2ms]
2025-06-09 17:22:31.690 [info] > git cat-file -s fb386277140744f24921c8c34434f1e73f6235c1 [5ms]
2025-06-09 17:22:36.508 [info] > git config --get commit.template [3ms]
2025-06-09 17:22:36.520 [info] [Git][getRemotes] No remotes found in the git config file
2025-06-09 17:22:36.525 [info] > git for-each-ref --format=%(refname)%00%(upstream:short)%00%(objectname)%00%(upstream:track)%00%(upstream:remotename)%00%(upstream:remoteref) refs/heads/main refs/remotes/main [5ms]
2025-06-09 17:22:36.562 [info] > git status -z -uall [20ms]
2025-06-09 17:22:36.562 [info] > git for-each-ref --sort -committerdate --format %(refname)%00%(objectname)%00%(*objectname) [3ms]
2025-06-09 17:22:40.877 [info] > git show --textconv :src/presentation/components/QuestDescription.tsx [11ms]
2025-06-09 17:22:40.878 [info] > git ls-files --stage -- src/presentation/components/QuestDescription.tsx [2ms]
2025-06-09 17:22:40.889 [info] > git cat-file -s fb386277140744f24921c8c34434f1e73f6235c1 [2ms]
2025-06-09 17:22:41.585 [info] [Git][getRemotes] No remotes found in the git config file
2025-06-09 17:22:41.586 [info] > git config --get commit.template [10ms]
2025-06-09 17:22:41.587 [info] > git for-each-ref --format=%(refname)%00%(upstream:short)%00%(objectname)%00%(upstream:track)%00%(upstream:remotename)%00%(upstream:remoteref) refs/heads/main refs/remotes/main [2ms]
2025-06-09 17:22:41.609 [info] > git status -z -uall [11ms]
2025-06-09 17:22:41.610 [info] > git for-each-ref --sort -committerdate --format %(refname)%00%(objectname)%00%(*objectname) [1ms]
2025-06-09 17:22:42.660 [info] > git show --textconv :src/presentation/components/QuestDescription.tsx [12ms]
2025-06-09 17:22:42.661 [info] > git ls-files --stage -- src/presentation/components/QuestDescription.tsx [2ms]
2025-06-09 17:22:42.674 [info] > git cat-file -s fb386277140744f24921c8c34434f1e73f6235c1 [2ms]
2025-06-09 17:25:12.258 [info] > git show --textconv :src/presentation/components/QuestDescription.tsx [15ms]
2025-06-09 17:25:12.259 [info] > git ls-files --stage -- src/presentation/components/QuestDescription.tsx [2ms]
2025-06-09 17:25:12.272 [info] > git cat-file -s fb386277140744f24921c8c34434f1e73f6235c1 [2ms]
2025-06-09 17:25:32.438 [info] > git show --textconv :src/presentation/components/QuestDescription.tsx [12ms]
2025-06-09 17:25:32.439 [info] > git ls-files --stage -- src/presentation/components/QuestDescription.tsx [2ms]
2025-06-09 17:25:32.451 [info] > git cat-file -s fb386277140744f24921c8c34434f1e73f6235c1 [2ms]
2025-06-09 17:27:00.561 [info] > git show --textconv :src/presentation/components/QuestDescription.tsx [16ms]
2025-06-09 17:27:00.562 [info] > git ls-files --stage -- src/presentation/components/QuestDescription.tsx [3ms]
2025-06-09 17:27:00.576 [info] > git cat-file -s fb386277140744f24921c8c34434f1e73f6235c1 [2ms]
2025-06-09 17:27:02.062 [info] > git show --textconv :src/presentation/components/QuestDescription.tsx [14ms]
2025-06-09 17:27:02.064 [info] > git ls-files --stage -- src/presentation/components/QuestDescription.tsx [3ms]
2025-06-09 17:27:02.078 [info] > git cat-file -s fb386277140744f24921c8c34434f1e73f6235c1 [2ms]
2025-06-09 17:27:02.409 [info] > git show --textconv :src/presentation/components/styles/QuestDescription.css [14ms]
2025-06-09 17:27:02.410 [info] > git ls-files --stage -- src/presentation/components/styles/QuestDescription.css [2ms]
2025-06-09 17:27:02.422 [info] > git cat-file -s c441148ae6ed87d971f789497f3461b8e9e886ed [2ms]
2025-06-09 17:27:02.732 [info] > git show --textconv :src/presentation/components/NewQuestButton.tsx [13ms]
2025-06-09 17:27:02.733 [info] > git ls-files --stage -- src/presentation/components/NewQuestButton.tsx [2ms]
2025-06-09 17:27:02.745 [info] > git cat-file -s d32363513a778ad845d24c82addf5bbcdd0ea7e9 [1ms]
2025-06-09 17:27:03.173 [info] > git show --textconv :src/presentation/components/QuestDescription.tsx [12ms]
2025-06-09 17:27:03.175 [info] > git ls-files --stage -- src/presentation/components/QuestDescription.tsx [2ms]
2025-06-09 17:27:03.188 [info] > git cat-file -s fb386277140744f24921c8c34434f1e73f6235c1 [2ms]
2025-06-09 17:27:08.443 [info] > git show --textconv :src/presentation/components/QuestDescription.tsx [13ms]
2025-06-09 17:27:08.445 [info] > git ls-files --stage -- src/presentation/components/QuestDescription.tsx [2ms]
2025-06-09 17:27:08.461 [info] > git cat-file -s fb386277140744f24921c8c34434f1e73f6235c1 [2ms]
2025-06-09 17:27:09.902 [info] > git show --textconv :src/presentation/components/styles/NewQuestButton.css [18ms]
2025-06-09 17:27:09.903 [info] > git ls-files --stage -- src/presentation/components/styles/NewQuestButton.css [2ms]
2025-06-09 17:27:09.920 [info] > git cat-file -s 586231cb5b82fff760fe267421d2680e8bf8f97e [2ms]
2025-06-09 17:27:10.651 [info] > git show --textconv :src/presentation/components/QuestDescription.tsx [13ms]
2025-06-09 17:27:10.652 [info] > git ls-files --stage -- src/presentation/components/QuestDescription.tsx [2ms]
2025-06-09 17:27:10.662 [info] > git cat-file -s fb386277140744f24921c8c34434f1e73f6235c1 [2ms]
2025-06-09 17:27:11.301 [info] > git show --textconv :src/presentation/components/QuestDescription.tsx [11ms]
2025-06-09 17:27:11.302 [info] > git ls-files --stage -- src/presentation/components/QuestDescription.tsx [2ms]
2025-06-09 17:27:11.313 [info] > git cat-file -s fb386277140744f24921c8c34434f1e73f6235c1 [2ms]
2025-06-09 17:27:12.256 [info] > git show --textconv :src/presentation/components/styles/QuestDescription.css [18ms]
2025-06-09 17:27:12.257 [info] > git ls-files --stage -- src/presentation/components/styles/QuestDescription.css [3ms]
2025-06-09 17:27:12.268 [info] > git cat-file -s c441148ae6ed87d971f789497f3461b8e9e886ed [1ms]
2025-06-09 17:27:13.984 [info] > git show --textconv :src/presentation/components/QuestDescription.tsx [13ms]
2025-06-09 17:27:13.985 [info] > git ls-files --stage -- src/presentation/components/QuestDescription.tsx [3ms]
2025-06-09 17:27:13.996 [info] > git cat-file -s fb386277140744f24921c8c34434f1e73f6235c1 [2ms]
2025-06-09 17:27:14.333 [info] > git show --textconv :src/presentation/components/styles/NewQuestButton.css [10ms]
2025-06-09 17:27:14.334 [info] > git ls-files --stage -- src/presentation/components/styles/NewQuestButton.css [2ms]
2025-06-09 17:27:14.345 [info] > git cat-file -s 586231cb5b82fff760fe267421d2680e8bf8f97e [2ms]
2025-06-09 17:27:23.908 [info] [Git][getRemotes] No remotes found in the git config file
2025-06-09 17:27:23.909 [info] > git config --get commit.template [11ms]
2025-06-09 17:27:23.910 [info] > git for-each-ref --format=%(refname)%00%(upstream:short)%00%(objectname)%00%(upstream:track)%00%(upstream:remotename)%00%(upstream:remoteref) refs/heads/main refs/remotes/main [2ms]
2025-06-09 17:27:23.932 [info] > git status -z -uall [11ms]
2025-06-09 17:27:23.933 [info] > git for-each-ref --sort -committerdate --format %(refname)%00%(objectname)%00%(*objectname) [2ms]
2025-06-09 17:27:26.674 [info] > git show --textconv :src/presentation/components/QuestDescription.tsx [17ms]
2025-06-09 17:27:26.675 [info] > git ls-files --stage -- src/presentation/components/QuestDescription.tsx [1ms]
2025-06-09 17:27:26.692 [info] > git cat-file -s fb386277140744f24921c8c34434f1e73f6235c1 [2ms]
2025-06-09 17:27:28.356 [info] > git show --textconv :src/presentation/components/styles/QuestDescription.css [14ms]
2025-06-09 17:27:28.358 [info] > git ls-files --stage -- src/presentation/components/styles/QuestDescription.css [3ms]
2025-06-09 17:27:28.371 [info] > git cat-file -s c441148ae6ed87d971f789497f3461b8e9e886ed [2ms]
2025-06-09 17:27:37.593 [info] [Git][getRemotes] No remotes found in the git config file
2025-06-09 17:27:37.602 [info] > git config --get commit.template [10ms]
2025-06-09 17:27:37.603 [info] > git for-each-ref --format=%(refname)%00%(upstream:short)%00%(objectname)%00%(upstream:track)%00%(upstream:remotename)%00%(upstream:remoteref) refs/heads/main refs/remotes/main [1ms]
2025-06-09 17:27:37.626 [info] > git status -z -uall [12ms]
2025-06-09 17:27:37.627 [info] > git for-each-ref --sort -committerdate --format %(refname)%00%(objectname)%00%(*objectname) [2ms]
2025-06-09 17:27:49.389 [info] [Git][getRemotes] No remotes found in the git config file
2025-06-09 17:27:49.390 [info] > git config --get commit.template [24ms]
2025-06-09 17:27:49.391 [info] > git for-each-ref --format=%(refname)%00%(upstream:short)%00%(objectname)%00%(upstream:track)%00%(upstream:remotename)%00%(upstream:remoteref) refs/heads/main refs/remotes/main [2ms]
2025-06-09 17:27:49.442 [info] > git status -z -uall [29ms]
2025-06-09 17:27:49.444 [info] > git for-each-ref --sort -committerdate --format %(refname)%00%(objectname)%00%(*objectname) [2ms]
2025-06-09 17:27:51.678 [info] > git show --textconv :src/presentation/components/styles/Header.css [11ms]
2025-06-09 17:27:51.679 [info] > git ls-files --stage -- src/presentation/components/styles/Header.css [2ms]
2025-06-09 17:27:51.693 [info] > git cat-file -s c5727c56ca7ef4aa33057e678e78b42781c87e5a [2ms]
2025-06-09 17:28:00.694 [info] [Git][getRemotes] No remotes found in the git config file
2025-06-09 17:28:00.696 [info] > git config --get commit.template [32ms]
2025-06-09 17:28:00.697 [info] > git for-each-ref --format=%(refname)%00%(upstream:short)%00%(objectname)%00%(upstream:track)%00%(upstream:remotename)%00%(upstream:remoteref) refs/heads/main refs/remotes/main [4ms]
2025-06-09 17:28:00.747 [info] > git status -z -uall [22ms]
2025-06-09 17:28:00.748 [info] > git for-each-ref --sort -committerdate --format %(refname)%00%(objectname)%00%(*objectname) [3ms]
2025-06-09 17:28:11.064 [info] > git show --textconv :src/presentation/panes/styles/QuestsPane.css [15ms]
2025-06-09 17:28:11.065 [info] > git ls-files --stage -- src/presentation/panes/styles/QuestsPane.css [1ms]
2025-06-09 17:28:11.080 [info] > git cat-file -s b7ee1851378d5d52f0c0df63292ef31b40dd97d1 [3ms]
2025-06-09 17:28:24.370 [info] > git show --textconv :src/presentation/components/styles/QuestDescription.css [16ms]
2025-06-09 17:28:24.371 [info] > git ls-files --stage -- src/presentation/components/styles/QuestDescription.css [2ms]
2025-06-09 17:28:24.385 [info] > git cat-file -s c441148ae6ed87d971f789497f3461b8e9e886ed [2ms]
2025-06-09 17:28:28.937 [info] [Git][getRemotes] No remotes found in the git config file
2025-06-09 17:28:28.938 [info] > git config --get commit.template [17ms]
2025-06-09 17:28:28.939 [info] > git for-each-ref --format=%(refname)%00%(upstream:short)%00%(objectname)%00%(upstream:track)%00%(upstream:remotename)%00%(upstream:remoteref) refs/heads/main refs/remotes/main [2ms]
2025-06-09 17:28:28.971 [info] > git status -z -uall [17ms]
2025-06-09 17:28:28.973 [info] > git for-each-ref --sort -committerdate --format %(refname)%00%(objectname)%00%(*objectname) [3ms]
2025-06-09 17:28:38.935 [info] > git show --textconv :src/presentation/components/styles/Header.css [12ms]
2025-06-09 17:28:38.936 [info] > git ls-files --stage -- src/presentation/components/styles/Header.css [1ms]
2025-06-09 17:28:38.950 [info] > git cat-file -s c5727c56ca7ef4aa33057e678e78b42781c87e5a [2ms]
2025-06-09 17:35:31.978 [info] [Git][getRemotes] No remotes found in the git config file
2025-06-09 17:35:31.980 [info] > git config --get commit.template [31ms]
2025-06-09 17:35:31.981 [info] > git for-each-ref --format=%(refname)%00%(upstream:short)%00%(objectname)%00%(upstream:track)%00%(upstream:remotename)%00%(upstream:remoteref) refs/heads/main refs/remotes/main [4ms]
2025-06-09 17:35:32.041 [info] > git status -z -uall [32ms]
2025-06-09 17:35:32.042 [info] > git for-each-ref --sort -committerdate --format %(refname)%00%(objectname)%00%(*objectname) [2ms]
2025-06-09 17:36:39.819 [info] > git check-ignore -v -z --stdin [2ms]
2025-06-09 17:36:42.912 [info] > git for-each-ref --sort -committerdate --format %(refname)%00%(objectname)%00%(*objectname) refs/heads/main [2ms]
2025-06-09 17:36:43.064 [info] > git log --format=%H%n%aN%n%aE%n%at%n%ct%n%P%n%D%n%B -z --shortstat --diff-merges=first-parent -n50 --skip=0 --topo-order --decorate=full --stdin [30ms]
2025-06-09 17:36:49.083 [info] > git add -A -- src/presentation/components/styles/Header.css [3ms]
2025-06-09 17:36:49.111 [info] [Git][getRemotes] No remotes found in the git config file
2025-06-09 17:36:49.111 [info] > git config --get commit.template [12ms]
2025-06-09 17:36:49.112 [info] > git for-each-ref --format=%(refname)%00%(upstream:short)%00%(objectname)%00%(upstream:track)%00%(upstream:remotename)%00%(upstream:remoteref) refs/heads/main refs/remotes/main [2ms]
2025-06-09 17:36:49.134 [info] > git status -z -uall [14ms]
2025-06-09 17:36:49.135 [info] > git for-each-ref --sort -committerdate --format %(refname)%00%(objectname)%00%(*objectname) [2ms]
2025-06-09 17:36:49.464 [info] > git show --textconv HEAD:src/presentation/components/styles/Header.css [10ms]
2025-06-09 17:36:49.465 [info] > git ls-tree -l HEAD -- src/presentation/components/styles/Header.css [1ms]
2025-06-09 17:37:03.246 [info] > git -c user.useConfigOnly=true commit --quiet --allow-empty-message --file - [9ms]
2025-06-09 17:37:03.263 [info] > git config --get commit.template [3ms]
2025-06-09 17:37:03.278 [info] > git config --get commit.template [2ms]
2025-06-09 17:37:03.293 [info] [Git][getRemotes] No remotes found in the git config file
2025-06-09 17:37:03.296 [info] > git for-each-ref --format=%(refname)%00%(upstream:short)%00%(objectname)%00%(upstream:track)%00%(upstream:remotename)%00%(upstream:remoteref) refs/heads/main refs/remotes/main [3ms]
2025-06-09 17:37:03.323 [info] > git status -z -uall [13ms]
2025-06-09 17:37:03.324 [info] > git for-each-ref --sort -committerdate --format %(refname)%00%(objectname)%00%(*objectname) [2ms]
2025-06-09 17:37:03.345 [info] > git blame --root --incremental 12a2f39bb245338f019c373db91682448f440a95 -- src/presentation/components/styles/Header.css [5ms]
2025-06-09 17:37:03.363 [info] > git for-each-ref --sort -committerdate --format %(refname)%00%(objectname)%00%(*objectname) refs/heads/main [2ms]
2025-06-09 17:37:03.407 [info] > git config --get commit.template [14ms]
2025-06-09 17:37:03.421 [info] [Git][getRemotes] No remotes found in the git config file
2025-06-09 17:37:03.421 [info] > git log --format=%H%n%aN%n%aE%n%at%n%ct%n%P%n%D%n%B -z --shortstat --diff-merges=first-parent -n50 --skip=0 --topo-order --decorate=full --stdin [15ms]
2025-06-09 17:37:03.424 [info] > git for-each-ref --format=%(refname)%00%(upstream:short)%00%(objectname)%00%(upstream:track)%00%(upstream:remotename)%00%(upstream:remoteref) refs/heads/main refs/remotes/main [4ms]
2025-06-09 17:37:03.452 [info] > git status -z -uall [16ms]
2025-06-09 17:37:03.453 [info] > git for-each-ref --sort -committerdate --format %(refname)%00%(objectname)%00%(*objectname) [2ms]
2025-06-09 17:37:05.310 [info] > git add -A -- src/presentation/components/NewQuestButton.tsx [3ms]
2025-06-09 17:37:05.331 [info] [Git][getRemotes] No remotes found in the git config file
2025-06-09 17:37:05.332 [info] > git config --get commit.template [11ms]
2025-06-09 17:37:05.333 [info] > git for-each-ref --format=%(refname)%00%(upstream:short)%00%(objectname)%00%(upstream:track)%00%(upstream:remotename)%00%(upstream:remoteref) refs/heads/main refs/remotes/main [2ms]
2025-06-09 17:37:05.356 [info] > git status -z -uall [15ms]
2025-06-09 17:37:05.358 [info] > git for-each-ref --sort -committerdate --format %(refname)%00%(objectname)%00%(*objectname) [2ms]
2025-06-09 17:37:06.808 [info] > git show --textconv HEAD:src/presentation/components/NewQuestButton.tsx [62ms]
2025-06-09 17:37:06.808 [info] > git show --textconv :src/presentation/components/NewQuestButton.tsx [44ms]
2025-06-09 17:37:06.808 [info] > git ls-files --stage -- src/presentation/components/NewQuestButton.tsx [2ms]
2025-06-09 17:37:06.825 [info] > git ls-tree -l HEAD -- src/presentation/components/NewQuestButton.tsx [38ms]
2025-06-09 17:37:06.829 [info] > git cat-file -s 8e4fa975a686114fd2db6b6c540eec0260d076e5 [3ms]
2025-06-09 17:37:07.321 [info] > git check-ignore -v -z --stdin [1ms]
2025-06-09 17:37:17.531 [info] > git blame --root --incremental 12a2f39bb245338f019c373db91682448f440a95 -- src/presentation/components/NewQuestButton.tsx [4ms]
2025-06-09 17:37:25.119 [info] > git show --textconv :src/presentation/components/NewQuestButton.tsx [34ms]
2025-06-09 17:37:25.119 [info] > git show --textconv HEAD:src/presentation/components/NewQuestButton.tsx [23ms]
2025-06-09 17:37:25.119 [info] > git ls-files --stage -- src/presentation/components/NewQuestButton.tsx [12ms]
2025-06-09 17:37:25.130 [info] > git ls-tree -l HEAD -- src/presentation/components/NewQuestButton.tsx [12ms]
2025-06-09 17:37:25.132 [info] > git cat-file -s 8e4fa975a686114fd2db6b6c540eec0260d076e5 [3ms]
2025-06-09 17:37:33.153 [info] [Git][getRemotes] No remotes found in the git config file
2025-06-09 17:37:33.169 [info] > git config --get commit.template [17ms]
2025-06-09 17:37:33.170 [info] > git for-each-ref --format=%(refname)%00%(upstream:short)%00%(objectname)%00%(upstream:track)%00%(upstream:remotename)%00%(upstream:remoteref) refs/heads/main refs/remotes/main [2ms]
2025-06-09 17:37:33.197 [info] > git status -z -uall [12ms]
2025-06-09 17:37:33.198 [info] > git for-each-ref --sort -committerdate --format %(refname)%00%(objectname)%00%(*objectname) [2ms]
2025-06-09 17:37:38.231 [info] [Git][getRemotes] No remotes found in the git config file
2025-06-09 17:37:38.232 [info] > git config --get commit.template [15ms]
2025-06-09 17:37:38.232 [info] > git for-each-ref --format=%(refname)%00%(upstream:short)%00%(objectname)%00%(upstream:track)%00%(upstream:remotename)%00%(upstream:remoteref) refs/heads/main refs/remotes/main [2ms]
2025-06-09 17:37:38.257 [info] > git status -z -uall [15ms]
2025-06-09 17:37:38.258 [info] > git for-each-ref --sort -committerdate --format %(refname)%00%(objectname)%00%(*objectname) [2ms]
2025-06-09 17:37:38.697 [info] > git add -A -- src/presentation/components/NewQuestButton.tsx [4ms]
2025-06-09 17:37:38.724 [info] [Git][getRemotes] No remotes found in the git config file
2025-06-09 17:37:38.725 [info] > git config --get commit.template [13ms]
2025-06-09 17:37:38.726 [info] > git for-each-ref --format=%(refname)%00%(upstream:short)%00%(objectname)%00%(upstream:track)%00%(upstream:remotename)%00%(upstream:remoteref) refs/heads/main refs/remotes/main [2ms]
2025-06-09 17:37:38.756 [info] > git status -z -uall [16ms]
2025-06-09 17:37:38.758 [info] > git for-each-ref --sort -committerdate --format %(refname)%00%(objectname)%00%(*objectname) [2ms]
2025-06-09 17:38:32.120 [info] > git -c user.useConfigOnly=true commit --quiet --allow-empty-message --file - [7ms]
2025-06-09 17:38:32.136 [info] > git config --get commit.template [1ms]
2025-06-09 17:38:32.156 [info] > git config --get commit.template [3ms]
2025-06-09 17:38:32.171 [info] [Git][getRemotes] No remotes found in the git config file
2025-06-09 17:38:32.173 [info] > git for-each-ref --format=%(refname)%00%(upstream:short)%00%(objectname)%00%(upstream:track)%00%(upstream:remotename)%00%(upstream:remoteref) refs/heads/main refs/remotes/main [3ms]
2025-06-09 17:38:32.203 [info] > git status -z -uall [15ms]
2025-06-09 17:38:32.204 [info] > git for-each-ref --sort -committerdate --format %(refname)%00%(objectname)%00%(*objectname) [2ms]
2025-06-09 17:38:32.238 [info] > git blame --root --incremental 0460e11d4374e32d7498548ab823e670eabc525b -- src/presentation/components/NewQuestButton.tsx [19ms]
2025-06-09 17:38:32.239 [info] > git for-each-ref --sort -committerdate --format %(refname)%00%(objectname)%00%(*objectname) refs/heads/main [2ms]
2025-06-09 17:38:32.280 [info] > git config --get commit.template [18ms]
2025-06-09 17:38:32.297 [info] [Git][getRemotes] No remotes found in the git config file
2025-06-09 17:38:32.298 [info] > git log --format=%H%n%aN%n%aE%n%at%n%ct%n%P%n%D%n%B -z --shortstat --diff-merges=first-parent -n50 --skip=0 --topo-order --decorate=full --stdin [18ms]
2025-06-09 17:38:32.300 [info] > git for-each-ref --format=%(refname)%00%(upstream:short)%00%(objectname)%00%(upstream:track)%00%(upstream:remotename)%00%(upstream:remoteref) refs/heads/main refs/remotes/main [3ms]
2025-06-09 17:38:32.332 [info] > git status -z -uall [18ms]
2025-06-09 17:38:32.333 [info] > git for-each-ref --sort -committerdate --format %(refname)%00%(objectname)%00%(*objectname) [3ms]
