2025-06-09 13:15:35.973 [info] [main] Log level: Info
2025-06-09 13:15:35.973 [info] [main] Validating found git in: "git"
2025-06-09 13:15:35.973 [info] [main] Using git "2.49.0" from "git"
2025-06-09 13:15:35.973 [info] [Model][doInitialScan] Initial repository scan started
2025-06-09 13:15:35.973 [info] > git rev-parse --show-toplevel [159ms]
2025-06-09 13:15:36.043 [info] > git rev-parse --git-dir --git-common-dir [17ms]
2025-06-09 13:15:36.052 [info] [Model][openRepository] Opened repository (path): /home/dan/projects/quest
2025-06-09 13:15:36.052 [info] [Model][openRepository] Opened repository (real path): /home/dan/projects/quest
2025-06-09 13:15:36.091 [info] > git rev-parse --show-toplevel [15ms]
2025-06-09 13:15:36.092 [info] > git config --get commit.template [23ms]
2025-06-09 13:15:36.110 [info] [Git][getRemotes] No remotes found in the git config file
2025-06-09 13:15:36.111 [info] > git rev-parse --show-toplevel [9ms]
2025-06-09 13:15:36.112 [info] [Model][doInitialScan] Initial repository scan completed - repositories (1), closed repositories (0), parent repositories (0), unsafe repositories (0)
2025-06-09 13:15:36.113 [info] > git for-each-ref --format=%(refname)%00%(upstream:short)%00%(objectname)%00%(upstream:track)%00%(upstream:remotename)%00%(upstream:remoteref) refs/heads/main refs/remotes/main [3ms]
2025-06-09 13:15:36.129 [info] > git status -z -uall [9ms]
2025-06-09 13:15:36.134 [info] > git for-each-ref --sort -committerdate --format %(refname)%00%(objectname)%00%(*objectname) [6ms]
2025-06-09 13:15:36.150 [info] > git for-each-ref --format=%(refname)%00%(upstream:short)%00%(objectname)%00%(upstream:track)%00%(upstream:remotename)%00%(upstream:remoteref) refs/heads/main refs/remotes/main [8ms]
2025-06-09 13:15:36.160 [info] > git config --get --local branch.main.vscode-merge-base [2ms]
2025-06-09 13:15:36.160 [warning] [Git][config] git config failed: Failed to execute git
2025-06-09 13:15:36.168 [info] > git config --get commit.template [18ms]
2025-06-09 13:15:36.178 [info] [Git][getRemotes] No remotes found in the git config file
2025-06-09 13:15:36.178 [info] > git reflog main --grep-reflog=branch: Created from *. [10ms]
2025-06-09 13:15:36.180 [info] > git for-each-ref --format=%(refname)%00%(upstream:short)%00%(objectname)%00%(upstream:track)%00%(upstream:remotename)%00%(upstream:remoteref) refs/heads/main refs/remotes/main [3ms]
2025-06-09 13:15:36.195 [info] > git status -z -uall [8ms]
2025-06-09 13:15:36.196 [info] > git for-each-ref --sort -committerdate --format %(refname)%00%(objectname)%00%(*objectname) [1ms]
2025-06-09 13:15:36.603 [info] > git check-ignore -v -z --stdin [1ms]
2025-06-09 13:15:37.297 [info] [Git][getRemotes] No remotes found in the git config file
2025-06-09 13:15:37.298 [info] > git config --get commit.template [8ms]
2025-06-09 13:15:37.298 [info] > git for-each-ref --format=%(refname)%00%(upstream:short)%00%(objectname)%00%(upstream:track)%00%(upstream:remotename)%00%(upstream:remoteref) refs/heads/main refs/remotes/main [1ms]
2025-06-09 13:15:37.310 [info] > git status -z -uall [6ms]
2025-06-09 13:15:37.311 [info] > git for-each-ref --sort -committerdate --format %(refname)%00%(objectname)%00%(*objectname) [1ms]
2025-06-09 13:18:21.756 [info] > git check-ignore -v -z --stdin [1ms]
2025-06-09 13:18:24.486 [info] > git show --textconv :src/index.css [9ms]
2025-06-09 13:18:24.488 [info] > git ls-files --stage -- src/index.css [2ms]
2025-06-09 13:18:24.497 [info] > git cat-file -s 82f645f7c35d7970a3de5370805fe2b132b36a1c [1ms]
2025-06-09 13:18:24.547 [info] > git blame --root --incremental 9d52c1fa17c80013f91615b4e31feef3d07b2eaf -- src/index.css [6ms]
2025-06-09 13:18:28.122 [info] > git check-ignore -v -z --stdin [1ms]
2025-06-09 13:18:29.120 [info] > git show --textconv :src/presentation/components/styles/Header.css [8ms]
2025-06-09 13:18:29.120 [info] > git ls-files --stage -- src/presentation/components/styles/Header.css [1ms]
2025-06-09 13:18:29.127 [info] > git cat-file -s c5727c56ca7ef4aa33057e678e78b42781c87e5a [1ms]
2025-06-09 13:18:29.141 [info] > git blame --root --incremental 9d52c1fa17c80013f91615b4e31feef3d07b2eaf -- src/presentation/components/styles/Header.css [5ms]
2025-06-09 13:19:04.478 [info] > git show --textconv :src/presentation/panes/styles/QuestsPane.css [9ms]
2025-06-09 13:19:04.478 [info] > git ls-files --stage -- src/presentation/panes/styles/QuestsPane.css [1ms]
2025-06-09 13:19:04.487 [info] > git cat-file -s b7ee1851378d5d52f0c0df63292ef31b40dd97d1 [3ms]
2025-06-09 13:19:04.504 [info] > git blame --root --incremental 9d52c1fa17c80013f91615b4e31feef3d07b2eaf -- src/presentation/panes/styles/QuestsPane.css [4ms]
2025-06-09 13:19:17.184 [info] [Git][getRemotes] No remotes found in the git config file
2025-06-09 13:19:17.186 [info] > git for-each-ref --format=%(refname)%00%(upstream:short)%00%(objectname)%00%(upstream:track)%00%(upstream:remotename)%00%(upstream:remoteref) refs/heads/main refs/remotes/main [2ms]
2025-06-09 13:19:17.186 [info] > git config --get commit.template [9ms]
2025-06-09 13:19:17.198 [info] > git status -z -uall [6ms]
2025-06-09 13:19:17.199 [info] > git for-each-ref --sort -committerdate --format %(refname)%00%(objectname)%00%(*objectname) [1ms]
2025-06-09 13:19:53.633 [info] [Git][getRemotes] No remotes found in the git config file
2025-06-09 13:19:53.634 [info] > git config --get commit.template [7ms]
2025-06-09 13:19:53.634 [info] > git for-each-ref --format=%(refname)%00%(upstream:short)%00%(objectname)%00%(upstream:track)%00%(upstream:remotename)%00%(upstream:remoteref) refs/heads/main refs/remotes/main [2ms]
2025-06-09 13:19:53.653 [info] > git status -z -uall [8ms]
2025-06-09 13:19:53.654 [info] > git for-each-ref --sort -committerdate --format %(refname)%00%(objectname)%00%(*objectname) [2ms]
2025-06-09 13:19:55.653 [info] > git log --format=%H%n%aN%n%aE%n%at%n%ct%n%P%n%D%n%B -z --shortstat --diff-merges=first-parent -n50 --skip=0 --topo-order --decorate=full --stdin [20ms]
2025-06-09 13:19:58.674 [info] [Git][getRemotes] No remotes found in the git config file
2025-06-09 13:19:58.674 [info] > git config --get commit.template [8ms]
2025-06-09 13:19:58.674 [info] > git for-each-ref --format=%(refname)%00%(upstream:short)%00%(objectname)%00%(upstream:track)%00%(upstream:remotename)%00%(upstream:remoteref) refs/heads/main refs/remotes/main [1ms]
2025-06-09 13:19:58.686 [info] > git status -z -uall [7ms]
2025-06-09 13:19:58.686 [info] > git for-each-ref --sort -committerdate --format %(refname)%00%(objectname)%00%(*objectname) [1ms]
2025-06-09 13:20:02.418 [info] > git checkout -q -- src/presentation/panes/styles/QuestsPane.css [2ms]
2025-06-09 13:20:02.434 [info] [Git][getRemotes] No remotes found in the git config file
2025-06-09 13:20:02.435 [info] > git config --get commit.template [7ms]
2025-06-09 13:20:02.435 [info] > git for-each-ref --format=%(refname)%00%(upstream:short)%00%(objectname)%00%(upstream:track)%00%(upstream:remotename)%00%(upstream:remoteref) refs/heads/main refs/remotes/main [1ms]
2025-06-09 13:20:02.448 [info] > git status -z -uall [7ms]
2025-06-09 13:20:02.449 [info] > git for-each-ref --sort -committerdate --format %(refname)%00%(objectname)%00%(*objectname) [2ms]
2025-06-09 13:20:03.605 [info] > git ls-files --stage -- src/presentation/panes/styles/QuestsPane.css [1ms]
2025-06-09 13:20:03.613 [info] > git cat-file -s b7ee1851378d5d52f0c0df63292ef31b40dd97d1 [1ms]
2025-06-09 13:20:03.622 [info] > git show --textconv :src/presentation/panes/styles/QuestsPane.css [1ms]
2025-06-09 13:20:03.706 [info] [Git][getRemotes] No remotes found in the git config file
2025-06-09 13:20:03.706 [info] > git config --get commit.template [8ms]
2025-06-09 13:20:03.707 [info] > git for-each-ref --format=%(refname)%00%(upstream:short)%00%(objectname)%00%(upstream:track)%00%(upstream:remotename)%00%(upstream:remoteref) refs/heads/main refs/remotes/main [1ms]
2025-06-09 13:20:03.720 [info] > git status -z -uall [7ms]
2025-06-09 13:20:03.720 [info] > git for-each-ref --sort -committerdate --format %(refname)%00%(objectname)%00%(*objectname) [1ms]
2025-06-09 13:20:14.886 [info] > git diff-tree -r --name-status -z --diff-filter=ADMR --find-renames=50% 609d2006e02651d84fbafc1bf6814f1d8a890e08 8e6c4cd9ebd76fc16f6300ecdcf839c8f42b3679 [2ms]
2025-06-09 13:20:14.937 [info] > git show --textconv 609d2006e02651d84fbafc1bf6814f1d8a890e08:src/presentation/components/styles/Header.css [23ms]
2025-06-09 13:20:14.937 [info] > git show --textconv 8e6c4cd9ebd76fc16f6300ecdcf839c8f42b3679:src/presentation/components/styles/Header.css [14ms]
2025-06-09 13:20:14.937 [info] > git ls-tree -l 8e6c4cd9ebd76fc16f6300ecdcf839c8f42b3679 -- src/presentation/components/styles/Header.css [3ms]
2025-06-09 13:20:14.937 [info] > git ls-tree -l 609d2006e02651d84fbafc1bf6814f1d8a890e08 -- src/presentation/components/styles/Header.css [8ms]
2025-06-09 13:20:15.046 [info] > git diff-tree -r --name-status -z --diff-filter=ADMR --find-renames=50% 609d2006e02651d84fbafc1bf6814f1d8a890e08 8e6c4cd9ebd76fc16f6300ecdcf839c8f42b3679 [2ms]
2025-06-09 13:20:15.447 [info] > git check-ignore -v -z --stdin [2ms]
2025-06-09 13:20:19.109 [info] > git checkout -q --detach 8e6c4cd9ebd76fc16f6300ecdcf839c8f42b3679 [4ms]
2025-06-09 13:20:19.119 [info] > git config --get commit.template [1ms]
2025-06-09 13:20:19.129 [info] [Git][getRemotes] No remotes found in the git config file
2025-06-09 13:20:19.130 [info] > git for-each-ref --format %(refname)%00%(objectname)%00%(*objectname) refs/tags [1ms]
2025-06-09 13:20:19.147 [info] > git status -z -uall [8ms]
2025-06-09 13:20:19.148 [info] > git for-each-ref --sort -committerdate --format %(refname)%00%(objectname)%00%(*objectname) [2ms]
2025-06-09 13:20:19.168 [info] > git log --format=%H%n%aN%n%aE%n%at%n%ct%n%P%n%D%n%B -z --shortstat --diff-merges=first-parent -n50 --skip=0 --topo-order --decorate=full --stdin [6ms]
2025-06-09 13:20:20.203 [info] [Git][getRemotes] No remotes found in the git config file
2025-06-09 13:20:20.203 [info] > git config --get commit.template [8ms]
2025-06-09 13:20:20.204 [info] > git for-each-ref --format %(refname)%00%(objectname)%00%(*objectname) refs/tags [1ms]
2025-06-09 13:20:20.215 [info] > git status -z -uall [6ms]
2025-06-09 13:20:20.215 [info] > git for-each-ref --sort -committerdate --format %(refname)%00%(objectname)%00%(*objectname) [1ms]
2025-06-09 13:20:20.301 [info] > git ls-tree -l 609d2006e02651d84fbafc1bf6814f1d8a890e08 -- src/presentation/components/styles/Header.css [7ms]
2025-06-09 13:20:20.302 [info] > git ls-tree -l 8e6c4cd9ebd76fc16f6300ecdcf839c8f42b3679 -- src/presentation/components/styles/Header.css [1ms]
2025-06-09 13:20:20.314 [info] > git show --textconv 609d2006e02651d84fbafc1bf6814f1d8a890e08:src/presentation/components/styles/Header.css [6ms]
2025-06-09 13:20:20.314 [info] > git show --textconv 8e6c4cd9ebd76fc16f6300ecdcf839c8f42b3679:src/presentation/components/styles/Header.css [1ms]
2025-06-09 13:20:25.234 [info] > git config --get commit.template [2ms]
2025-06-09 13:20:25.241 [info] [Git][getRemotes] No remotes found in the git config file
2025-06-09 13:20:25.242 [info] > git for-each-ref --format %(refname)%00%(objectname)%00%(*objectname) refs/tags [1ms]
2025-06-09 13:20:25.253 [info] > git status -z -uall [6ms]
2025-06-09 13:20:25.253 [info] > git for-each-ref --sort -committerdate --format %(refname)%00%(objectname)%00%(*objectname) [1ms]
2025-06-09 13:20:34.440 [info] > git log --format=%H%n%aN%n%aE%n%at%n%ct%n%P%n%D%n%B -z --shortstat --diff-merges=first-parent -n50 --skip=0 --topo-order --decorate=full --stdin [6ms]
2025-06-09 13:20:43.530 [info] > git ls-tree -l 609d2006e02651d84fbafc1bf6814f1d8a890e08 -- src/presentation/components/styles/Header.css [11ms]
2025-06-09 13:20:43.531 [info] > git ls-tree -l 8e6c4cd9ebd76fc16f6300ecdcf839c8f42b3679 -- src/presentation/components/styles/Header.css [1ms]
2025-06-09 13:20:45.967 [info] > git show --textconv :src/presentation/panes/styles/QuestsPane.css [7ms]
2025-06-09 13:20:45.968 [info] > git ls-files --stage -- src/presentation/panes/styles/QuestsPane.css [1ms]
2025-06-09 13:20:45.975 [info] > git cat-file -s 825e9f283a0322a98042b62fe455187d741d46bd [1ms]
2025-06-09 13:20:45.987 [info] > git blame --root --incremental 8e6c4cd9ebd76fc16f6300ecdcf839c8f42b3679 -- src/presentation/panes/styles/QuestsPane.css [2ms]
2025-06-09 13:20:50.913 [info] > git log --format=%H%n%aN%n%aE%n%at%n%ct%n%P%n%D%n%B -z --shortstat --diff-merges=first-parent -n50 --skip=0 --topo-order --decorate=full --stdin [6ms]
2025-06-09 13:20:52.107 [info] > git for-each-ref --sort -committerdate --format %(refname)%00%(objectname)%00%(*objectname) [2ms]
2025-06-09 13:20:53.476 [info] > git for-each-ref --sort -committerdate --format %(refname)%00%(objectname)%00%(*objectname) [2ms]
2025-06-09 13:20:53.840 [info] > git for-each-ref --sort -committerdate --format %(refname)%00%(objectname)%00%(*objectname) [2ms]
2025-06-09 13:20:57.838 [info] > git for-each-ref --sort -committerdate --format %(refname)%00%(objectname)%00%(*objectname) refs/heads/main [1ms]
2025-06-09 13:20:57.852 [info] > git log --format=%H%n%aN%n%aE%n%at%n%ct%n%P%n%D%n%B -z --shortstat --diff-merges=first-parent -n50 --skip=0 --topo-order --decorate=full --stdin [6ms]
2025-06-09 13:20:59.988 [info] > git diff-tree -r --name-status -z --diff-filter=ADMR --find-renames=50% 8e6c4cd9ebd76fc16f6300ecdcf839c8f42b3679 9d52c1fa17c80013f91615b4e31feef3d07b2eaf [2ms]
2025-06-09 13:21:00.100 [info] > git show --textconv 9d52c1fa17c80013f91615b4e31feef3d07b2eaf:src/presentation/components/NewQuestButton.tsx [91ms]
2025-06-09 13:21:00.100 [info] > git show --textconv 9d52c1fa17c80013f91615b4e31feef3d07b2eaf:src/presentation/components/styles/NewQuestButton.css [83ms]
2025-06-09 13:21:00.100 [info] > git show --textconv 8e6c4cd9ebd76fc16f6300ecdcf839c8f42b3679:src/presentation/panes/QuestsPane.tsx [75ms]
2025-06-09 13:21:00.100 [info] > git show --textconv 9d52c1fa17c80013f91615b4e31feef3d07b2eaf:src/presentation/panes/QuestsPane.tsx [69ms]
2025-06-09 13:21:00.100 [info] > git show --textconv 8e6c4cd9ebd76fc16f6300ecdcf839c8f42b3679:src/presentation/panes/styles/QuestsPane.css [62ms]
2025-06-09 13:21:00.100 [info] > git show --textconv 9d52c1fa17c80013f91615b4e31feef3d07b2eaf:src/presentation/panes/styles/QuestsPane.css [56ms]
2025-06-09 13:21:00.100 [info] > git show --textconv 8e6c4cd9ebd76fc16f6300ecdcf839c8f42b3679:src/presentation/state/questStore.ts [50ms]
2025-06-09 13:21:00.100 [info] > git show --textconv 9d52c1fa17c80013f91615b4e31feef3d07b2eaf:src/presentation/state/questStore.ts [44ms]
2025-06-09 13:21:00.100 [info] > git ls-tree -l 8e6c4cd9ebd76fc16f6300ecdcf839c8f42b3679 -- src/presentation/state/questStore.ts [7ms]
2025-06-09 13:21:00.101 [info] > git ls-tree -l 9d52c1fa17c80013f91615b4e31feef3d07b2eaf -- src/presentation/panes/styles/QuestsPane.css [13ms]
2025-06-09 13:21:00.101 [info] > git ls-tree -l 8e6c4cd9ebd76fc16f6300ecdcf839c8f42b3679 -- src/presentation/panes/styles/QuestsPane.css [19ms]
2025-06-09 13:21:00.101 [info] > git ls-tree -l 9d52c1fa17c80013f91615b4e31feef3d07b2eaf -- src/presentation/panes/QuestsPane.tsx [24ms]
2025-06-09 13:21:00.101 [info] > git ls-tree -l 8e6c4cd9ebd76fc16f6300ecdcf839c8f42b3679 -- src/presentation/panes/QuestsPane.tsx [29ms]
2025-06-09 13:21:00.102 [info] > git ls-tree -l 9d52c1fa17c80013f91615b4e31feef3d07b2eaf -- src/presentation/components/styles/NewQuestButton.css [35ms]
2025-06-09 13:21:00.102 [info] > git ls-tree -l 9d52c1fa17c80013f91615b4e31feef3d07b2eaf -- src/presentation/components/NewQuestButton.tsx [41ms]
2025-06-09 13:21:00.105 [info] > git ls-tree -l 9d52c1fa17c80013f91615b4e31feef3d07b2eaf -- src/presentation/state/questStore.ts [7ms]
2025-06-09 13:21:00.615 [info] > git check-ignore -v -z --stdin [1ms]
2025-06-09 13:21:02.958 [info] > git checkout -q main [3ms]
2025-06-09 13:21:02.977 [info] [Git][getRemotes] No remotes found in the git config file
2025-06-09 13:21:02.977 [info] > git config --get commit.template [9ms]
2025-06-09 13:21:02.978 [info] > git for-each-ref --format=%(refname)%00%(upstream:short)%00%(objectname)%00%(upstream:track)%00%(upstream:remotename)%00%(upstream:remoteref) refs/heads/main refs/remotes/main [1ms]
2025-06-09 13:21:02.997 [info] > git status -z -uall [10ms]
2025-06-09 13:21:02.998 [info] > git for-each-ref --sort -committerdate --format %(refname)%00%(objectname)%00%(*objectname) [1ms]
2025-06-09 13:21:03.011 [info] > git for-each-ref --format=%(refname)%00%(upstream:short)%00%(objectname)%00%(upstream:track)%00%(upstream:remotename)%00%(upstream:remoteref) refs/heads/main refs/remotes/main [2ms]
2025-06-09 13:21:03.021 [info] > git config --get --local branch.main.vscode-merge-base [1ms]
2025-06-09 13:21:03.021 [warning] [Git][config] git config failed: Failed to execute git
2025-06-09 13:21:03.032 [info] > git reflog main --grep-reflog=branch: Created from *. [3ms]
2025-06-09 13:21:03.050 [info] > git for-each-ref --sort -committerdate --format %(refname)%00%(objectname)%00%(*objectname) refs/heads/main [7ms]
2025-06-09 13:21:03.067 [info] > git log --format=%H%n%aN%n%aE%n%at%n%ct%n%P%n%D%n%B -z --shortstat --diff-merges=first-parent -n50 --skip=0 --topo-order --decorate=full --stdin [7ms]
2025-06-09 13:21:04.048 [info] [Git][getRemotes] No remotes found in the git config file
2025-06-09 13:21:04.049 [info] > git config --get commit.template [6ms]
2025-06-09 13:21:04.049 [info] > git for-each-ref --format=%(refname)%00%(upstream:short)%00%(objectname)%00%(upstream:track)%00%(upstream:remotename)%00%(upstream:remoteref) refs/heads/main refs/remotes/main [1ms]
2025-06-09 13:21:04.063 [info] > git status -z -uall [7ms]
2025-06-09 13:21:04.063 [info] > git for-each-ref --sort -committerdate --format %(refname)%00%(objectname)%00%(*objectname) [1ms]
2025-06-09 13:21:04.160 [info] > git ls-tree -l 8e6c4cd9ebd76fc16f6300ecdcf839c8f42b3679 -- src/presentation/panes/QuestsPane.tsx [6ms]
2025-06-09 13:21:04.160 [info] > git ls-tree -l 9d52c1fa17c80013f91615b4e31feef3d07b2eaf -- src/presentation/components/styles/NewQuestButton.css [12ms]
2025-06-09 13:21:04.160 [info] > git ls-tree -l 9d52c1fa17c80013f91615b4e31feef3d07b2eaf -- src/presentation/components/NewQuestButton.tsx [17ms]
2025-06-09 13:21:04.190 [info] > git ls-tree -l 8e6c4cd9ebd76fc16f6300ecdcf839c8f42b3679 -- src/presentation/state/questStore.ts [10ms]
2025-06-09 13:21:04.190 [info] > git ls-tree -l 9d52c1fa17c80013f91615b4e31feef3d07b2eaf -- src/presentation/panes/styles/QuestsPane.css [16ms]
2025-06-09 13:21:04.190 [info] > git ls-tree -l 8e6c4cd9ebd76fc16f6300ecdcf839c8f42b3679 -- src/presentation/panes/styles/QuestsPane.css [22ms]
2025-06-09 13:21:04.191 [info] > git ls-tree -l 9d52c1fa17c80013f91615b4e31feef3d07b2eaf -- src/presentation/panes/QuestsPane.tsx [32ms]
2025-06-09 13:21:04.212 [info] > git show --textconv 8e6c4cd9ebd76fc16f6300ecdcf839c8f42b3679:src/presentation/panes/QuestsPane.tsx [14ms]
2025-06-09 13:21:04.212 [info] > git show --textconv 9d52c1fa17c80013f91615b4e31feef3d07b2eaf:src/presentation/components/styles/NewQuestButton.css [7ms]
2025-06-09 13:21:04.213 [info] > git ls-tree -l 9d52c1fa17c80013f91615b4e31feef3d07b2eaf -- src/presentation/state/questStore.ts [25ms]
2025-06-09 13:21:04.243 [info] > git show --textconv 9d52c1fa17c80013f91615b4e31feef3d07b2eaf:src/presentation/components/NewQuestButton.tsx [32ms]
2025-06-09 13:21:04.243 [info] > git show --textconv 8e6c4cd9ebd76fc16f6300ecdcf839c8f42b3679:src/presentation/state/questStore.ts [23ms]
2025-06-09 13:21:04.243 [info] > git show --textconv 9d52c1fa17c80013f91615b4e31feef3d07b2eaf:src/presentation/panes/styles/QuestsPane.css [15ms]
2025-06-09 13:21:04.243 [info] > git show --textconv 8e6c4cd9ebd76fc16f6300ecdcf839c8f42b3679:src/presentation/panes/styles/QuestsPane.css [8ms]
2025-06-09 13:21:04.253 [info] > git show --textconv 9d52c1fa17c80013f91615b4e31feef3d07b2eaf:src/presentation/panes/QuestsPane.tsx [10ms]
2025-06-09 13:21:04.253 [info] > git show --textconv 9d52c1fa17c80013f91615b4e31feef3d07b2eaf:src/presentation/state/questStore.ts [1ms]
2025-06-09 13:21:09.492 [info] > git ls-tree -l 9d52c1fa17c80013f91615b4e31feef3d07b2eaf -- src/presentation/components/NewQuestButton.tsx [14ms]
2025-06-09 13:21:09.493 [info] > git config --get commit.template [29ms]
2025-06-09 13:21:09.493 [info] > git ls-tree -l 9d52c1fa17c80013f91615b4e31feef3d07b2eaf -- src/presentation/components/styles/NewQuestButton.css [1ms]
2025-06-09 13:21:09.505 [info] [Git][getRemotes] No remotes found in the git config file
2025-06-09 13:21:09.506 [info] > git for-each-ref --format=%(refname)%00%(upstream:short)%00%(objectname)%00%(upstream:track)%00%(upstream:remotename)%00%(upstream:remoteref) refs/heads/main refs/remotes/main [2ms]
2025-06-09 13:21:09.526 [info] > git status -z -uall [12ms]
2025-06-09 13:21:09.527 [info] > git for-each-ref --sort -committerdate --format %(refname)%00%(objectname)%00%(*objectname) [1ms]
2025-06-09 13:21:22.120 [info] > git diff-tree -r --name-status -z --diff-filter=ADMR --find-renames=50% 115c2f382701052be28bddd28fb585262e16805d 4a75857c173794a100522f2c5d63a584b3831d73 [2ms]
2025-06-09 13:21:22.332 [info] > git show --textconv 115c2f382701052be28bddd28fb585262e16805d:src/model/quest.ts [194ms]
2025-06-09 13:21:22.332 [info] > git show --textconv 4a75857c173794a100522f2c5d63a584b3831d73:src/model/quest.ts [185ms]
2025-06-09 13:21:22.332 [info] > git show --textconv 115c2f382701052be28bddd28fb585262e16805d:src/presentation/components/QuestDescription.tsx [178ms]
2025-06-09 13:21:22.332 [info] > git show --textconv 4a75857c173794a100522f2c5d63a584b3831d73:src/presentation/components/QuestDescription.tsx [172ms]
2025-06-09 13:21:22.332 [info] > git show --textconv 115c2f382701052be28bddd28fb585262e16805d:src/presentation/components/QuestDropdown.tsx [167ms]
2025-06-09 13:21:22.332 [info] > git show --textconv 4a75857c173794a100522f2c5d63a584b3831d73:src/presentation/components/QuestDropdown.tsx [161ms]
2025-06-09 13:21:22.332 [info] > git show --textconv 115c2f382701052be28bddd28fb585262e16805d:src/presentation/components/QuestDropdownItem.tsx [155ms]
2025-06-09 13:21:22.332 [info] > git show --textconv 4a75857c173794a100522f2c5d63a584b3831d73:src/presentation/components/QuestDropdownItem.tsx [149ms]
2025-06-09 13:21:22.332 [info] > git show --textconv 115c2f382701052be28bddd28fb585262e16805d:src/presentation/components/QuestDropdowns.tsx [143ms]
2025-06-09 13:21:22.332 [info] > git show --textconv 4a75857c173794a100522f2c5d63a584b3831d73:src/presentation/components/QuestDropdowns.tsx [137ms]
2025-06-09 13:21:22.332 [info] > git show --textconv 115c2f382701052be28bddd28fb585262e16805d:src/presentation/components/QuestStages.tsx [131ms]
2025-06-09 13:21:22.332 [info] > git show --textconv 4a75857c173794a100522f2c5d63a584b3831d73:src/presentation/components/QuestStages.tsx [125ms]
2025-06-09 13:21:22.332 [info] > git show --textconv 115c2f382701052be28bddd28fb585262e16805d:src/presentation/panes/QuestsPane.tsx [120ms]
2025-06-09 13:21:22.332 [info] > git show --textconv 4a75857c173794a100522f2c5d63a584b3831d73:src/presentation/panes/QuestsPane.tsx [115ms]
2025-06-09 13:21:22.332 [info] > git show --textconv 115c2f382701052be28bddd28fb585262e16805d:src/presentation/state/questStore.ts [109ms]
2025-06-09 13:21:22.332 [info] > git show --textconv 4a75857c173794a100522f2c5d63a584b3831d73:src/presentation/state/questStore.ts [104ms]
2025-06-09 13:21:22.332 [info] > git ls-tree -l 4a75857c173794a100522f2c5d63a584b3831d73 -- src/presentation/state/questStore.ts [3ms]
2025-06-09 13:21:22.333 [info] > git ls-tree -l 115c2f382701052be28bddd28fb585262e16805d -- src/presentation/state/questStore.ts [9ms]
2025-06-09 13:21:22.333 [info] > git ls-tree -l 4a75857c173794a100522f2c5d63a584b3831d73 -- src/presentation/panes/QuestsPane.tsx [14ms]
2025-06-09 13:21:22.333 [info] > git ls-tree -l 115c2f382701052be28bddd28fb585262e16805d -- src/presentation/panes/QuestsPane.tsx [20ms]
2025-06-09 13:21:22.333 [info] > git ls-tree -l 4a75857c173794a100522f2c5d63a584b3831d73 -- src/presentation/components/QuestStages.tsx [38ms]
2025-06-09 13:21:22.333 [info] > git ls-tree -l 115c2f382701052be28bddd28fb585262e16805d -- src/presentation/components/QuestStages.tsx [44ms]
2025-06-09 13:21:22.334 [info] > git ls-tree -l 4a75857c173794a100522f2c5d63a584b3831d73 -- src/presentation/components/QuestDropdowns.tsx [49ms]
2025-06-09 13:21:22.334 [info] > git ls-tree -l 115c2f382701052be28bddd28fb585262e16805d -- src/presentation/components/QuestDropdowns.tsx [56ms]
2025-06-09 13:21:22.334 [info] > git ls-tree -l 4a75857c173794a100522f2c5d63a584b3831d73 -- src/presentation/components/QuestDropdownItem.tsx [62ms]
2025-06-09 13:21:22.334 [info] > git ls-tree -l 115c2f382701052be28bddd28fb585262e16805d -- src/presentation/components/QuestDropdownItem.tsx [68ms]
2025-06-09 13:21:22.334 [info] > git ls-tree -l 4a75857c173794a100522f2c5d63a584b3831d73 -- src/presentation/components/QuestDropdown.tsx [73ms]
2025-06-09 13:21:22.334 [info] > git ls-tree -l 115c2f382701052be28bddd28fb585262e16805d -- src/presentation/components/QuestDropdown.tsx [79ms]
2025-06-09 13:21:22.335 [info] > git ls-tree -l 4a75857c173794a100522f2c5d63a584b3831d73 -- src/presentation/components/QuestDescription.tsx [85ms]
2025-06-09 13:21:22.335 [info] > git ls-tree -l 115c2f382701052be28bddd28fb585262e16805d -- src/presentation/components/QuestDescription.tsx [91ms]
2025-06-09 13:21:22.335 [info] > git ls-tree -l 4a75857c173794a100522f2c5d63a584b3831d73 -- src/model/quest.ts [96ms]
2025-06-09 13:21:22.335 [info] > git ls-tree -l 115c2f382701052be28bddd28fb585262e16805d -- src/model/quest.ts [102ms]
2025-06-09 13:21:22.839 [info] > git check-ignore -v -z --stdin [1ms]
2025-06-09 13:21:25.585 [info] > git checkout -q --detach 4a75857c173794a100522f2c5d63a584b3831d73 [3ms]
2025-06-09 13:21:25.596 [info] > git config --get commit.template [1ms]
2025-06-09 13:21:25.606 [info] [Git][getRemotes] No remotes found in the git config file
2025-06-09 13:21:25.606 [info] > git for-each-ref --format %(refname)%00%(objectname)%00%(*objectname) refs/tags [1ms]
2025-06-09 13:21:25.623 [info] > git status -z -uall [9ms]
2025-06-09 13:21:25.624 [info] > git for-each-ref --sort -committerdate --format %(refname)%00%(objectname)%00%(*objectname) [2ms]
2025-06-09 13:21:25.639 [info] > git for-each-ref --sort -committerdate --format %(refname)%00%(objectname)%00%(*objectname) refs/heads/main [1ms]
2025-06-09 13:21:25.657 [info] > git log --format=%H%n%aN%n%aE%n%at%n%ct%n%P%n%D%n%B -z --shortstat --diff-merges=first-parent -n50 --skip=0 --topo-order --decorate=full --stdin [7ms]
2025-06-09 13:21:26.678 [info] > git config --get commit.template [1ms]
2025-06-09 13:21:26.686 [info] [Git][getRemotes] No remotes found in the git config file
2025-06-09 13:21:26.687 [info] > git for-each-ref --format %(refname)%00%(objectname)%00%(*objectname) refs/tags [1ms]
2025-06-09 13:21:26.699 [info] > git status -z -uall [6ms]
2025-06-09 13:21:26.699 [info] > git for-each-ref --sort -committerdate --format %(refname)%00%(objectname)%00%(*objectname) [1ms]
2025-06-09 13:21:26.870 [info] > git ls-tree -l 115c2f382701052be28bddd28fb585262e16805d -- src/presentation/state/questStore.ts [9ms]
2025-06-09 13:21:26.870 [info] > git ls-tree -l 4a75857c173794a100522f2c5d63a584b3831d73 -- src/presentation/panes/QuestsPane.tsx [14ms]
2025-06-09 13:21:26.870 [info] > git ls-tree -l 115c2f382701052be28bddd28fb585262e16805d -- src/presentation/panes/QuestsPane.tsx [20ms]
2025-06-09 13:21:26.870 [info] > git ls-tree -l 4a75857c173794a100522f2c5d63a584b3831d73 -- src/presentation/components/QuestStages.tsx [26ms]
2025-06-09 13:21:26.871 [info] > git ls-tree -l 115c2f382701052be28bddd28fb585262e16805d -- src/presentation/components/QuestStages.tsx [33ms]
2025-06-09 13:21:26.871 [info] > git ls-tree -l 4a75857c173794a100522f2c5d63a584b3831d73 -- src/presentation/components/QuestDropdowns.tsx [39ms]
2025-06-09 13:21:26.871 [info] > git ls-tree -l 115c2f382701052be28bddd28fb585262e16805d -- src/presentation/components/QuestDropdowns.tsx [45ms]
2025-06-09 13:21:26.871 [info] > git ls-tree -l 4a75857c173794a100522f2c5d63a584b3831d73 -- src/presentation/components/QuestDropdownItem.tsx [51ms]
2025-06-09 13:21:26.871 [info] > git ls-tree -l 115c2f382701052be28bddd28fb585262e16805d -- src/presentation/components/QuestDropdownItem.tsx [57ms]
2025-06-09 13:21:26.871 [info] > git ls-tree -l 4a75857c173794a100522f2c5d63a584b3831d73 -- src/presentation/components/QuestDropdown.tsx [62ms]
2025-06-09 13:21:26.872 [info] > git ls-tree -l 115c2f382701052be28bddd28fb585262e16805d -- src/presentation/components/QuestDropdown.tsx [69ms]
2025-06-09 13:21:26.872 [info] > git ls-tree -l 4a75857c173794a100522f2c5d63a584b3831d73 -- src/presentation/components/QuestDescription.tsx [75ms]
2025-06-09 13:21:26.872 [info] > git ls-tree -l 115c2f382701052be28bddd28fb585262e16805d -- src/presentation/components/QuestDescription.tsx [81ms]
2025-06-09 13:21:26.872 [info] > git ls-tree -l 4a75857c173794a100522f2c5d63a584b3831d73 -- src/model/quest.ts [86ms]
2025-06-09 13:21:26.872 [info] > git ls-tree -l 115c2f382701052be28bddd28fb585262e16805d -- src/model/quest.ts [92ms]
2025-06-09 13:21:26.874 [info] > git ls-tree -l 4a75857c173794a100522f2c5d63a584b3831d73 -- src/presentation/state/questStore.ts [7ms]
2025-06-09 13:21:26.943 [info] > git show --textconv 115c2f382701052be28bddd28fb585262e16805d:src/presentation/state/questStore.ts [62ms]
2025-06-09 13:21:26.943 [info] > git show --textconv 4a75857c173794a100522f2c5d63a584b3831d73:src/presentation/panes/QuestsPane.tsx [56ms]
2025-06-09 13:21:26.943 [info] > git show --textconv 115c2f382701052be28bddd28fb585262e16805d:src/presentation/panes/QuestsPane.tsx [50ms]
2025-06-09 13:21:26.943 [info] > git show --textconv 4a75857c173794a100522f2c5d63a584b3831d73:src/presentation/components/QuestStages.tsx [44ms]
2025-06-09 13:21:26.943 [info] > git show --textconv 115c2f382701052be28bddd28fb585262e16805d:src/presentation/components/QuestStages.tsx [37ms]
2025-06-09 13:21:26.943 [info] > git show --textconv 4a75857c173794a100522f2c5d63a584b3831d73:src/presentation/components/QuestDropdowns.tsx [31ms]
2025-06-09 13:21:26.943 [info] > git show --textconv 115c2f382701052be28bddd28fb585262e16805d:src/presentation/components/QuestDropdowns.tsx [25ms]
2025-06-09 13:21:26.943 [info] > git show --textconv 4a75857c173794a100522f2c5d63a584b3831d73:src/presentation/components/QuestDropdownItem.tsx [19ms]
2025-06-09 13:21:26.943 [info] > git show --textconv 115c2f382701052be28bddd28fb585262e16805d:src/presentation/components/QuestDropdownItem.tsx [14ms]
2025-06-09 13:21:26.943 [info] > git show --textconv 4a75857c173794a100522f2c5d63a584b3831d73:src/presentation/components/QuestDropdown.tsx [8ms]
2025-06-09 13:21:26.943 [info] > git show --textconv 115c2f382701052be28bddd28fb585262e16805d:src/presentation/components/QuestDropdown.tsx [2ms]
2025-06-09 13:21:26.977 [info] > git show --textconv 4a75857c173794a100522f2c5d63a584b3831d73:src/presentation/components/QuestDescription.tsx [25ms]
2025-06-09 13:21:26.977 [info] > git show --textconv 115c2f382701052be28bddd28fb585262e16805d:src/presentation/components/QuestDescription.tsx [19ms]
2025-06-09 13:21:26.977 [info] > git show --textconv 4a75857c173794a100522f2c5d63a584b3831d73:src/model/quest.ts [14ms]
2025-06-09 13:21:26.977 [info] > git show --textconv 115c2f382701052be28bddd28fb585262e16805d:src/model/quest.ts [8ms]
2025-06-09 13:21:26.977 [info] > git show --textconv 4a75857c173794a100522f2c5d63a584b3831d73:src/presentation/state/questStore.ts [2ms]
2025-06-09 13:21:36.159 [info] > git ls-tree -l 115c2f382701052be28bddd28fb585262e16805d -- src/model/quest.ts [12ms]
2025-06-09 13:21:36.160 [info] > git ls-tree -l 4a75857c173794a100522f2c5d63a584b3831d73 -- src/presentation/components/QuestDescription.tsx [26ms]
2025-06-09 13:21:36.160 [info] > git ls-tree -l 115c2f382701052be28bddd28fb585262e16805d -- src/presentation/components/QuestDescription.tsx [36ms]
2025-06-09 13:21:36.160 [info] > git config --get commit.template [49ms]
2025-06-09 13:21:36.161 [info] > git ls-tree -l 4a75857c173794a100522f2c5d63a584b3831d73 -- src/model/quest.ts [3ms]
2025-06-09 13:21:36.173 [info] [Git][getRemotes] No remotes found in the git config file
2025-06-09 13:21:36.174 [info] > git for-each-ref --format %(refname)%00%(objectname)%00%(*objectname) refs/tags [1ms]
2025-06-09 13:21:36.193 [info] > git status -z -uall [11ms]
2025-06-09 13:21:36.193 [info] > git for-each-ref --sort -committerdate --format %(refname)%00%(objectname)%00%(*objectname) [1ms]
2025-06-09 13:21:42.074 [info] > git diff-tree -r --name-status -z --diff-filter=ADMR --find-renames=50% 4a75857c173794a100522f2c5d63a584b3831d73 c49ec105f598774f80edbac71df4d90d489b1fc2 [2ms]
2025-06-09 13:21:42.141 [info] > git show --textconv 4a75857c173794a100522f2c5d63a584b3831d73:src/index.css [52ms]
2025-06-09 13:21:42.141 [info] > git show --textconv c49ec105f598774f80edbac71df4d90d489b1fc2:src/index.css [44ms]
2025-06-09 13:21:42.141 [info] > git show --textconv 4a75857c173794a100522f2c5d63a584b3831d73:src/presentation/components/styles/QuestDropdown.css [35ms]
2025-06-09 13:21:42.141 [info] > git show --textconv c49ec105f598774f80edbac71df4d90d489b1fc2:src/presentation/components/styles/QuestDropdown.css [29ms]
2025-06-09 13:21:42.141 [info] > git ls-tree -l c49ec105f598774f80edbac71df4d90d489b1fc2 -- src/presentation/components/styles/QuestDropdown.css [2ms]
2025-06-09 13:21:42.141 [info] > git ls-tree -l 4a75857c173794a100522f2c5d63a584b3831d73 -- src/presentation/components/styles/QuestDropdown.css [9ms]
2025-06-09 13:21:42.142 [info] > git ls-tree -l c49ec105f598774f80edbac71df4d90d489b1fc2 -- src/index.css [17ms]
2025-06-09 13:21:42.142 [info] > git ls-tree -l 4a75857c173794a100522f2c5d63a584b3831d73 -- src/index.css [24ms]
2025-06-09 13:21:42.280 [info] > git ls-tree -l 4a75857c173794a100522f2c5d63a584b3831d73 -- src/index.css [11ms]
2025-06-09 13:21:42.280 [info] > git ls-tree -l c49ec105f598774f80edbac71df4d90d489b1fc2 -- src/index.css [1ms]
2025-06-09 13:21:42.327 [info] > git ls-tree -l 4a75857c173794a100522f2c5d63a584b3831d73 -- src/index.css [6ms]
2025-06-09 13:21:42.327 [info] > git ls-tree -l c49ec105f598774f80edbac71df4d90d489b1fc2 -- src/index.css [1ms]
2025-06-09 13:21:42.649 [info] > git check-ignore -v -z --stdin [1ms]
2025-06-09 13:21:43.103 [info] > git checkout -q --detach c49ec105f598774f80edbac71df4d90d489b1fc2 [3ms]
2025-06-09 13:21:43.122 [info] [Git][getRemotes] No remotes found in the git config file
2025-06-09 13:21:43.122 [info] > git config --get commit.template [9ms]
2025-06-09 13:21:43.122 [info] > git for-each-ref --format %(refname)%00%(objectname)%00%(*objectname) refs/tags [1ms]
2025-06-09 13:21:43.137 [info] > git status -z -uall [8ms]
2025-06-09 13:21:43.138 [info] > git for-each-ref --sort -committerdate --format %(refname)%00%(objectname)%00%(*objectname) [2ms]
2025-06-09 13:21:43.150 [info] > git for-each-ref --sort -committerdate --format %(refname)%00%(objectname)%00%(*objectname) refs/heads/main [1ms]
2025-06-09 13:21:43.169 [info] > git log --format=%H%n%aN%n%aE%n%at%n%ct%n%P%n%D%n%B -z --shortstat --diff-merges=first-parent -n50 --skip=0 --topo-order --decorate=full --stdin [8ms]
2025-06-09 13:21:47.326 [info] > git ls-tree -l 4a75857c173794a100522f2c5d63a584b3831d73 -- src/index.css [14ms]
2025-06-09 13:21:47.326 [info] > git ls-tree -l c49ec105f598774f80edbac71df4d90d489b1fc2 -- src/presentation/components/styles/QuestDropdown.css [24ms]
2025-06-09 13:21:47.326 [info] > git ls-tree -l 4a75857c173794a100522f2c5d63a584b3831d73 -- src/presentation/components/styles/QuestDropdown.css [35ms]
2025-06-09 13:21:47.327 [info] > git config --get commit.template [48ms]
2025-06-09 13:21:47.366 [info] > git ls-tree -l 4a75857c173794a100522f2c5d63a584b3831d73 -- src/presentation/components/styles/QuestDropdown.css [8ms]
2025-06-09 13:21:47.366 [info] > git ls-tree -l c49ec105f598774f80edbac71df4d90d489b1fc2 -- src/index.css [19ms]
2025-06-09 13:21:47.366 [info] > git ls-tree -l 4a75857c173794a100522f2c5d63a584b3831d73 -- src/index.css [27ms]
2025-06-09 13:21:47.366 [info] > git ls-tree -l c49ec105f598774f80edbac71df4d90d489b1fc2 -- src/index.css [41ms]
2025-06-09 13:21:47.385 [info] [Git][getRemotes] No remotes found in the git config file
2025-06-09 13:21:47.391 [info] > git show --textconv 4a75857c173794a100522f2c5d63a584b3831d73:src/index.css [19ms]
2025-06-09 13:21:47.391 [info] > git show --textconv c49ec105f598774f80edbac71df4d90d489b1fc2:src/presentation/components/styles/QuestDropdown.css [13ms]
2025-06-09 13:21:47.391 [info] > git show --textconv 4a75857c173794a100522f2c5d63a584b3831d73:src/presentation/components/styles/QuestDropdown.css [7ms]
2025-06-09 13:21:47.391 [info] > git ls-tree -l c49ec105f598774f80edbac71df4d90d489b1fc2 -- src/presentation/components/styles/QuestDropdown.css [27ms]
2025-06-09 13:21:47.416 [info] > git show --textconv 4a75857c173794a100522f2c5d63a584b3831d73:src/presentation/components/styles/QuestDropdown.css [19ms]
2025-06-09 13:21:47.416 [info] > git show --textconv c49ec105f598774f80edbac71df4d90d489b1fc2:src/index.css [12ms]
2025-06-09 13:21:47.416 [info] > git show --textconv 4a75857c173794a100522f2c5d63a584b3831d73:src/index.css [6ms]
2025-06-09 13:21:47.417 [info] > git for-each-ref --format %(refname)%00%(objectname)%00%(*objectname) refs/tags [27ms]
2025-06-09 13:21:47.436 [info] > git show --textconv c49ec105f598774f80edbac71df4d90d489b1fc2:src/index.css [21ms]
2025-06-09 13:21:47.436 [info] > git status -z -uall [13ms]
2025-06-09 13:21:47.436 [info] > git for-each-ref --sort -committerdate --format %(refname)%00%(objectname)%00%(*objectname) [8ms]
2025-06-09 13:21:47.438 [info] > git show --textconv c49ec105f598774f80edbac71df4d90d489b1fc2:src/presentation/components/styles/QuestDropdown.css [3ms]
2025-06-09 13:21:48.398 [info] > git diff-tree -r --name-status -z --diff-filter=ADMR --find-renames=50% c49ec105f598774f80edbac71df4d90d489b1fc2 609d2006e02651d84fbafc1bf6814f1d8a890e08 [2ms]
2025-06-09 13:21:48.437 [info] > git show --textconv c49ec105f598774f80edbac71df4d90d489b1fc2:src/presentation/components/QuestDescription.tsx [24ms]
2025-06-09 13:21:48.437 [info] > git show --textconv 609d2006e02651d84fbafc1bf6814f1d8a890e08:src/presentation/components/QuestDescription.tsx [15ms]
2025-06-09 13:21:48.437 [info] > git ls-tree -l c49ec105f598774f80edbac71df4d90d489b1fc2 -- src/presentation/components/QuestDescription.tsx [8ms]
2025-06-09 13:21:48.438 [info] > git ls-tree -l 609d2006e02651d84fbafc1bf6814f1d8a890e08 -- src/presentation/components/QuestDescription.tsx [3ms]
2025-06-09 13:21:48.947 [info] > git check-ignore -v -z --stdin [2ms]
2025-06-09 13:21:49.552 [info] > git checkout -q --detach 609d2006e02651d84fbafc1bf6814f1d8a890e08 [2ms]
2025-06-09 13:21:49.571 [info] [Git][getRemotes] No remotes found in the git config file
2025-06-09 13:21:49.571 [info] > git config --get commit.template [9ms]
2025-06-09 13:21:49.571 [info] > git for-each-ref --format %(refname)%00%(objectname)%00%(*objectname) refs/tags [0ms]
2025-06-09 13:21:49.586 [info] > git status -z -uall [9ms]
2025-06-09 13:21:49.587 [info] > git for-each-ref --sort -committerdate --format %(refname)%00%(objectname)%00%(*objectname) [1ms]
2025-06-09 13:21:49.598 [info] > git for-each-ref --sort -committerdate --format %(refname)%00%(objectname)%00%(*objectname) refs/heads/main [2ms]
2025-06-09 13:21:49.617 [info] > git log --format=%H%n%aN%n%aE%n%at%n%ct%n%P%n%D%n%B -z --shortstat --diff-merges=first-parent -n50 --skip=0 --topo-order --decorate=full --stdin [6ms]
2025-06-09 13:21:54.801 [info] > git ls-tree -l c49ec105f598774f80edbac71df4d90d489b1fc2 -- src/presentation/components/QuestDescription.tsx [10ms]
2025-06-09 13:21:54.802 [info] > git ls-tree -l c49ec105f598774f80edbac71df4d90d489b1fc2 -- src/presentation/components/styles/QuestDropdown.css [25ms]
2025-06-09 13:21:54.802 [info] > git ls-tree -l 4a75857c173794a100522f2c5d63a584b3831d73 -- src/presentation/components/styles/QuestDropdown.css [37ms]
2025-06-09 13:21:54.803 [info] > git config --get commit.template [49ms]
2025-06-09 13:21:54.860 [info] > git ls-tree -l c49ec105f598774f80edbac71df4d90d489b1fc2 -- src/presentation/components/QuestDescription.tsx [8ms]
2025-06-09 13:21:54.860 [info] > git ls-tree -l c49ec105f598774f80edbac71df4d90d489b1fc2 -- src/presentation/components/styles/QuestDropdown.css [16ms]
2025-06-09 13:21:54.860 [info] > git ls-tree -l 4a75857c173794a100522f2c5d63a584b3831d73 -- src/presentation/components/styles/QuestDropdown.css [25ms]
2025-06-09 13:21:54.861 [info] > git ls-tree -l c49ec105f598774f80edbac71df4d90d489b1fc2 -- src/index.css [36ms]
2025-06-09 13:21:54.861 [info] > git ls-tree -l 4a75857c173794a100522f2c5d63a584b3831d73 -- src/index.css [47ms]
2025-06-09 13:21:54.861 [info] > git ls-tree -l 609d2006e02651d84fbafc1bf6814f1d8a890e08 -- src/presentation/components/QuestDescription.tsx [61ms]
2025-06-09 13:21:54.890 [info] [Git][getRemotes] No remotes found in the git config file
2025-06-09 13:21:54.890 [info] > git show --textconv c49ec105f598774f80edbac71df4d90d489b1fc2:src/presentation/components/QuestDescription.tsx [21ms]
2025-06-09 13:21:54.890 [info] > git show --textconv c49ec105f598774f80edbac71df4d90d489b1fc2:src/presentation/components/styles/QuestDropdown.css [14ms]
2025-06-09 13:21:54.890 [info] > git show --textconv 4a75857c173794a100522f2c5d63a584b3831d73:src/presentation/components/styles/QuestDropdown.css [8ms]
2025-06-09 13:21:54.891 [info] > git ls-tree -l 609d2006e02651d84fbafc1bf6814f1d8a890e08 -- src/presentation/components/QuestDescription.tsx [32ms]
2025-06-09 13:21:54.933 [info] > git show --textconv c49ec105f598774f80edbac71df4d90d489b1fc2:src/presentation/components/QuestDescription.tsx [36ms]
2025-06-09 13:21:54.933 [info] > git show --textconv c49ec105f598774f80edbac71df4d90d489b1fc2:src/presentation/components/styles/QuestDropdown.css [28ms]
2025-06-09 13:21:54.933 [info] > git show --textconv 4a75857c173794a100522f2c5d63a584b3831d73:src/presentation/components/styles/QuestDropdown.css [21ms]
2025-06-09 13:21:54.933 [info] > git show --textconv c49ec105f598774f80edbac71df4d90d489b1fc2:src/index.css [13ms]
2025-06-09 13:21:54.933 [info] > git show --textconv 4a75857c173794a100522f2c5d63a584b3831d73:src/index.css [7ms]
2025-06-09 13:21:54.933 [info] > git show --textconv 609d2006e02651d84fbafc1bf6814f1d8a890e08:src/presentation/components/QuestDescription.tsx [1ms]
2025-06-09 13:21:54.934 [info] > git for-each-ref --format %(refname)%00%(objectname)%00%(*objectname) refs/tags [45ms]
2025-06-09 13:21:54.954 [info] > git status -z -uall [14ms]
2025-06-09 13:21:54.954 [info] > git for-each-ref --sort -committerdate --format %(refname)%00%(objectname)%00%(*objectname) [8ms]
2025-06-09 13:21:54.955 [info] > git show --textconv 609d2006e02651d84fbafc1bf6814f1d8a890e08:src/presentation/components/QuestDescription.tsx [2ms]
2025-06-09 13:21:55.888 [info] > git diff-tree -r --name-status -z --diff-filter=ADMR --find-renames=50% 609d2006e02651d84fbafc1bf6814f1d8a890e08 8e6c4cd9ebd76fc16f6300ecdcf839c8f42b3679 [2ms]
2025-06-09 13:21:55.924 [info] > git show --textconv 609d2006e02651d84fbafc1bf6814f1d8a890e08:src/presentation/components/styles/Header.css [22ms]
2025-06-09 13:21:55.924 [info] > git show --textconv 8e6c4cd9ebd76fc16f6300ecdcf839c8f42b3679:src/presentation/components/styles/Header.css [14ms]
2025-06-09 13:21:55.924 [info] > git ls-tree -l 609d2006e02651d84fbafc1bf6814f1d8a890e08 -- src/presentation/components/styles/Header.css [7ms]
2025-06-09 13:21:55.925 [info] > git ls-tree -l 8e6c4cd9ebd76fc16f6300ecdcf839c8f42b3679 -- src/presentation/components/styles/Header.css [2ms]
2025-06-09 13:22:02.375 [info] > git checkout -q --detach 8e6c4cd9ebd76fc16f6300ecdcf839c8f42b3679 [3ms]
2025-06-09 13:22:02.392 [info] [Git][getRemotes] No remotes found in the git config file
2025-06-09 13:22:02.392 [info] > git config --get commit.template [7ms]
2025-06-09 13:22:02.393 [info] > git for-each-ref --format %(refname)%00%(objectname)%00%(*objectname) refs/tags [1ms]
2025-06-09 13:22:02.407 [info] > git status -z -uall [7ms]
2025-06-09 13:22:02.408 [info] > git for-each-ref --sort -committerdate --format %(refname)%00%(objectname)%00%(*objectname) [1ms]
2025-06-09 13:22:02.420 [info] > git for-each-ref --sort -committerdate --format %(refname)%00%(objectname)%00%(*objectname) refs/heads/main [2ms]
2025-06-09 13:22:02.434 [info] > git log --format=%H%n%aN%n%aE%n%at%n%ct%n%P%n%D%n%B -z --shortstat --diff-merges=first-parent -n50 --skip=0 --topo-order --decorate=full --stdin [7ms]
2025-06-09 13:22:03.485 [info] [Git][getRemotes] No remotes found in the git config file
2025-06-09 13:22:03.485 [info] > git config --get commit.template [16ms]
2025-06-09 13:22:03.486 [info] > git for-each-ref --format %(refname)%00%(objectname)%00%(*objectname) refs/tags [2ms]
2025-06-09 13:22:03.503 [info] > git status -z -uall [9ms]
2025-06-09 13:22:03.503 [info] > git for-each-ref --sort -committerdate --format %(refname)%00%(objectname)%00%(*objectname) [1ms]
2025-06-09 13:22:07.215 [info] > git ls-tree -l c49ec105f598774f80edbac71df4d90d489b1fc2 -- src/presentation/components/QuestDescription.tsx [9ms]
2025-06-09 13:22:07.216 [info] > git ls-tree -l 8e6c4cd9ebd76fc16f6300ecdcf839c8f42b3679 -- src/presentation/components/styles/Header.css [23ms]
2025-06-09 13:22:07.216 [info] > git ls-tree -l 609d2006e02651d84fbafc1bf6814f1d8a890e08 -- src/presentation/components/styles/Header.css [37ms]
2025-06-09 13:22:07.252 [info] > git ls-tree -l 609d2006e02651d84fbafc1bf6814f1d8a890e08 -- src/presentation/components/styles/Header.css [9ms]
2025-06-09 13:22:07.252 [info] > git ls-tree -l 609d2006e02651d84fbafc1bf6814f1d8a890e08 -- src/presentation/components/QuestDescription.tsx [16ms]
2025-06-09 13:22:07.253 [info] > git ls-tree -l c49ec105f598774f80edbac71df4d90d489b1fc2 -- src/presentation/components/QuestDescription.tsx [26ms]
2025-06-09 13:22:07.253 [info] > git ls-tree -l 609d2006e02651d84fbafc1bf6814f1d8a890e08 -- src/presentation/components/QuestDescription.tsx [39ms]
2025-06-09 13:22:07.272 [info] > git show --textconv c49ec105f598774f80edbac71df4d90d489b1fc2:src/presentation/components/QuestDescription.tsx [11ms]
2025-06-09 13:22:07.272 [info] > git show --textconv 8e6c4cd9ebd76fc16f6300ecdcf839c8f42b3679:src/presentation/components/styles/Header.css [6ms]
2025-06-09 13:22:07.273 [info] > git ls-tree -l 8e6c4cd9ebd76fc16f6300ecdcf839c8f42b3679 -- src/presentation/components/styles/Header.css [23ms]
2025-06-09 13:22:07.296 [info] > git show --textconv 609d2006e02651d84fbafc1bf6814f1d8a890e08:src/presentation/components/styles/Header.css [24ms]
2025-06-09 13:22:07.296 [info] > git show --textconv 609d2006e02651d84fbafc1bf6814f1d8a890e08:src/presentation/components/styles/Header.css [18ms]
2025-06-09 13:22:07.296 [info] > git show --textconv 609d2006e02651d84fbafc1bf6814f1d8a890e08:src/presentation/components/QuestDescription.tsx [12ms]
2025-06-09 13:22:07.296 [info] > git show --textconv c49ec105f598774f80edbac71df4d90d489b1fc2:src/presentation/components/QuestDescription.tsx [6ms]
2025-06-09 13:22:07.296 [info] > git show --textconv 609d2006e02651d84fbafc1bf6814f1d8a890e08:src/presentation/components/QuestDescription.tsx [1ms]
2025-06-09 13:22:07.305 [info] > git show --textconv 8e6c4cd9ebd76fc16f6300ecdcf839c8f42b3679:src/presentation/components/styles/Header.css [1ms]
2025-06-09 13:22:08.516 [info] [Git][getRemotes] No remotes found in the git config file
2025-06-09 13:22:08.523 [info] > git config --get commit.template [7ms]
2025-06-09 13:22:08.524 [info] > git for-each-ref --format %(refname)%00%(objectname)%00%(*objectname) refs/tags [1ms]
2025-06-09 13:22:08.535 [info] > git status -z -uall [6ms]
2025-06-09 13:22:08.536 [info] > git for-each-ref --sort -committerdate --format %(refname)%00%(objectname)%00%(*objectname) [1ms]
2025-06-09 13:22:10.376 [info] > git show --textconv :src/presentation/panes/styles/QuestsPane.css [8ms]
2025-06-09 13:22:10.376 [info] > git ls-files --stage -- src/presentation/panes/styles/QuestsPane.css [1ms]
2025-06-09 13:22:10.383 [info] > git cat-file -s 825e9f283a0322a98042b62fe455187d741d46bd [1ms]
2025-06-09 13:22:14.811 [info] > git show --textconv :src/presentation/components/styles/Header.css [8ms]
2025-06-09 13:22:14.812 [info] > git ls-files --stage -- src/presentation/components/styles/Header.css [1ms]
2025-06-09 13:22:14.819 [info] > git cat-file -s c5727c56ca7ef4aa33057e678e78b42781c87e5a [1ms]
2025-06-09 13:22:14.830 [info] > git blame --root --incremental 8e6c4cd9ebd76fc16f6300ecdcf839c8f42b3679 -- src/presentation/components/styles/Header.css [2ms]
2025-06-09 13:22:25.508 [info] > git ls-tree -l c49ec105f598774f80edbac71df4d90d489b1fc2 -- src/presentation/components/QuestDescription.tsx [13ms]
2025-06-09 13:22:25.508 [info] > git ls-tree -l 8e6c4cd9ebd76fc16f6300ecdcf839c8f42b3679 -- src/presentation/components/styles/Header.css [24ms]
2025-06-09 13:22:25.509 [info] > git ls-tree -l 609d2006e02651d84fbafc1bf6814f1d8a890e08 -- src/presentation/components/styles/Header.css [37ms]
2025-06-09 13:22:25.509 [info] > git config --get commit.template [50ms]
2025-06-09 13:22:25.509 [info] > git ls-tree -l 609d2006e02651d84fbafc1bf6814f1d8a890e08 -- src/presentation/components/QuestDescription.tsx [2ms]
2025-06-09 13:22:25.519 [info] [Git][getRemotes] No remotes found in the git config file
2025-06-09 13:22:25.521 [info] > git for-each-ref --format %(refname)%00%(objectname)%00%(*objectname) refs/tags [2ms]
2025-06-09 13:22:25.535 [info] > git status -z -uall [9ms]
2025-06-09 13:22:25.536 [info] > git for-each-ref --sort -committerdate --format %(refname)%00%(objectname)%00%(*objectname) [2ms]
2025-06-09 13:22:28.714 [info] > git ls-tree -l c49ec105f598774f80edbac71df4d90d489b1fc2 -- src/presentation/components/QuestDescription.tsx [6ms]
2025-06-09 13:22:28.715 [info] > git ls-tree -l 8e6c4cd9ebd76fc16f6300ecdcf839c8f42b3679 -- src/presentation/components/styles/Header.css [15ms]
2025-06-09 13:22:28.715 [info] > git ls-tree -l 609d2006e02651d84fbafc1bf6814f1d8a890e08 -- src/presentation/components/styles/Header.css [25ms]
2025-06-09 13:22:28.716 [info] > git ls-tree -l 609d2006e02651d84fbafc1bf6814f1d8a890e08 -- src/presentation/components/QuestDescription.tsx [2ms]
2025-06-09 13:22:29.638 [info] > git ls-tree -l c49ec105f598774f80edbac71df4d90d489b1fc2 -- src/presentation/components/QuestDescription.tsx [10ms]
2025-06-09 13:22:29.638 [info] > git ls-tree -l 8e6c4cd9ebd76fc16f6300ecdcf839c8f42b3679 -- src/presentation/components/styles/Header.css [17ms]
2025-06-09 13:22:29.638 [info] > git ls-tree -l 609d2006e02651d84fbafc1bf6814f1d8a890e08 -- src/presentation/components/styles/Header.css [27ms]
2025-06-09 13:22:29.639 [info] > git checkout -q -- src/presentation/components/styles/Header.css [37ms]
2025-06-09 13:22:29.647 [info] > git ls-tree -l 609d2006e02651d84fbafc1bf6814f1d8a890e08 -- src/presentation/components/QuestDescription.tsx [9ms]
2025-06-09 13:22:29.648 [info] > git config --get commit.template [2ms]
2025-06-09 13:22:29.656 [info] [Git][getRemotes] No remotes found in the git config file
2025-06-09 13:22:29.657 [info] > git for-each-ref --format %(refname)%00%(objectname)%00%(*objectname) refs/tags [1ms]
2025-06-09 13:22:29.671 [info] > git status -z -uall [9ms]
2025-06-09 13:22:29.671 [info] > git for-each-ref --sort -committerdate --format %(refname)%00%(objectname)%00%(*objectname) [1ms]
2025-06-09 13:22:30.691 [info] > git config --get commit.template [2ms]
2025-06-09 13:22:30.698 [info] [Git][getRemotes] No remotes found in the git config file
2025-06-09 13:22:30.699 [info] > git for-each-ref --format %(refname)%00%(objectname)%00%(*objectname) refs/tags [1ms]
2025-06-09 13:22:30.710 [info] > git status -z -uall [5ms]
2025-06-09 13:22:30.711 [info] > git for-each-ref --sort -committerdate --format %(refname)%00%(objectname)%00%(*objectname) [1ms]
2025-06-09 13:22:30.761 [info] > git diff-tree -r --name-status -z --diff-filter=ADMR --find-renames=50% 8e6c4cd9ebd76fc16f6300ecdcf839c8f42b3679 9d52c1fa17c80013f91615b4e31feef3d07b2eaf [2ms]
2025-06-09 13:22:30.874 [info] > git show --textconv 9d52c1fa17c80013f91615b4e31feef3d07b2eaf:src/presentation/components/NewQuestButton.tsx [97ms]
2025-06-09 13:22:30.874 [info] > git show --textconv 9d52c1fa17c80013f91615b4e31feef3d07b2eaf:src/presentation/components/styles/NewQuestButton.css [91ms]
2025-06-09 13:22:30.874 [info] > git show --textconv 8e6c4cd9ebd76fc16f6300ecdcf839c8f42b3679:src/presentation/panes/QuestsPane.tsx [83ms]
2025-06-09 13:22:30.874 [info] > git show --textconv 9d52c1fa17c80013f91615b4e31feef3d07b2eaf:src/presentation/panes/QuestsPane.tsx [77ms]
2025-06-09 13:22:30.874 [info] > git show --textconv 8e6c4cd9ebd76fc16f6300ecdcf839c8f42b3679:src/presentation/panes/styles/QuestsPane.css [70ms]
2025-06-09 13:22:30.874 [info] > git show --textconv 9d52c1fa17c80013f91615b4e31feef3d07b2eaf:src/presentation/panes/styles/QuestsPane.css [64ms]
2025-06-09 13:22:30.874 [info] > git show --textconv 8e6c4cd9ebd76fc16f6300ecdcf839c8f42b3679:src/presentation/state/questStore.ts [57ms]
2025-06-09 13:22:30.874 [info] > git show --textconv 9d52c1fa17c80013f91615b4e31feef3d07b2eaf:src/presentation/state/questStore.ts [49ms]
2025-06-09 13:22:30.874 [info] > git ls-tree -l 8e6c4cd9ebd76fc16f6300ecdcf839c8f42b3679 -- src/presentation/state/questStore.ts [6ms]
2025-06-09 13:22:30.875 [info] > git ls-tree -l 9d52c1fa17c80013f91615b4e31feef3d07b2eaf -- src/presentation/panes/styles/QuestsPane.css [13ms]
2025-06-09 13:22:30.875 [info] > git ls-tree -l 8e6c4cd9ebd76fc16f6300ecdcf839c8f42b3679 -- src/presentation/panes/styles/QuestsPane.css [18ms]
2025-06-09 13:22:30.875 [info] > git ls-tree -l 9d52c1fa17c80013f91615b4e31feef3d07b2eaf -- src/presentation/panes/QuestsPane.tsx [24ms]
2025-06-09 13:22:30.875 [info] > git ls-tree -l 8e6c4cd9ebd76fc16f6300ecdcf839c8f42b3679 -- src/presentation/panes/QuestsPane.tsx [31ms]
2025-06-09 13:22:30.875 [info] > git ls-tree -l 9d52c1fa17c80013f91615b4e31feef3d07b2eaf -- src/presentation/components/styles/NewQuestButton.css [37ms]
2025-06-09 13:22:30.876 [info] > git ls-tree -l 9d52c1fa17c80013f91615b4e31feef3d07b2eaf -- src/presentation/components/NewQuestButton.tsx [46ms]
2025-06-09 13:22:30.879 [info] > git ls-tree -l 9d52c1fa17c80013f91615b4e31feef3d07b2eaf -- src/presentation/state/questStore.ts [6ms]
2025-06-09 13:22:30.956 [info] > git ls-tree -l 9d52c1fa17c80013f91615b4e31feef3d07b2eaf -- src/presentation/panes/styles/QuestsPane.css [14ms]
2025-06-09 13:22:30.956 [info] > git ls-tree -l 8e6c4cd9ebd76fc16f6300ecdcf839c8f42b3679 -- src/presentation/panes/styles/QuestsPane.css [24ms]
2025-06-09 13:22:30.957 [info] > git ls-tree -l 9d52c1fa17c80013f91615b4e31feef3d07b2eaf -- src/presentation/components/styles/NewQuestButton.css [33ms]
2025-06-09 13:22:30.957 [info] > git ls-files --stage -- src/presentation/components/styles/Header.css [39ms]
2025-06-09 13:22:30.968 [info] > git ls-tree -l 8e6c4cd9ebd76fc16f6300ecdcf839c8f42b3679 -- src/presentation/components/styles/Header.css [57ms]
2025-06-09 13:22:30.969 [info] > git ls-tree -l 609d2006e02651d84fbafc1bf6814f1d8a890e08 -- src/presentation/components/styles/Header.css [66ms]
2025-06-09 13:22:30.969 [info] > git ls-tree -l 609d2006e02651d84fbafc1bf6814f1d8a890e08 -- src/presentation/components/QuestDescription.tsx [73ms]
2025-06-09 13:22:30.969 [info] > git ls-tree -l c49ec105f598774f80edbac71df4d90d489b1fc2 -- src/presentation/components/QuestDescription.tsx [79ms]
2025-06-09 13:22:31.014 [info] > git ls-tree -l 9d52c1fa17c80013f91615b4e31feef3d07b2eaf -- src/presentation/components/NewQuestButton.tsx [7ms]
2025-06-09 13:22:31.014 [info] > git ls-tree -l 8e6c4cd9ebd76fc16f6300ecdcf839c8f42b3679 -- src/presentation/panes/QuestsPane.tsx [20ms]
2025-06-09 13:22:31.015 [info] > git ls-tree -l 9d52c1fa17c80013f91615b4e31feef3d07b2eaf -- src/presentation/panes/QuestsPane.tsx [31ms]
2025-06-09 13:22:31.015 [info] > git ls-tree -l 9d52c1fa17c80013f91615b4e31feef3d07b2eaf -- src/presentation/state/questStore.ts [38ms]
2025-06-09 13:22:31.015 [info] > git cat-file -s c5727c56ca7ef4aa33057e678e78b42781c87e5a [47ms]
2025-06-09 13:22:31.015 [info] > git ls-tree -l 8e6c4cd9ebd76fc16f6300ecdcf839c8f42b3679 -- src/presentation/state/questStore.ts [61ms]
2025-06-09 13:22:31.133 [info] > git show --textconv 9d52c1fa17c80013f91615b4e31feef3d07b2eaf:src/presentation/panes/styles/QuestsPane.css [93ms]
2025-06-09 13:22:31.133 [info] > git show --textconv 8e6c4cd9ebd76fc16f6300ecdcf839c8f42b3679:src/presentation/panes/styles/QuestsPane.css [85ms]
2025-06-09 13:22:31.133 [info] > git show --textconv 9d52c1fa17c80013f91615b4e31feef3d07b2eaf:src/presentation/components/styles/NewQuestButton.css [76ms]
2025-06-09 13:22:31.133 [info] > git show --textconv 8e6c4cd9ebd76fc16f6300ecdcf839c8f42b3679:src/presentation/components/styles/Header.css [68ms]
2025-06-09 13:22:31.133 [info] > git show --textconv 609d2006e02651d84fbafc1bf6814f1d8a890e08:src/presentation/components/styles/Header.css [60ms]
2025-06-09 13:22:31.133 [info] > git show --textconv 609d2006e02651d84fbafc1bf6814f1d8a890e08:src/presentation/components/QuestDescription.tsx [53ms]
2025-06-09 13:22:31.133 [info] > git show --textconv c49ec105f598774f80edbac71df4d90d489b1fc2:src/presentation/components/QuestDescription.tsx [45ms]
2025-06-09 13:22:31.133 [info] > git show --textconv 9d52c1fa17c80013f91615b4e31feef3d07b2eaf:src/presentation/components/NewQuestButton.tsx [37ms]
2025-06-09 13:22:31.133 [info] > git show --textconv 8e6c4cd9ebd76fc16f6300ecdcf839c8f42b3679:src/presentation/panes/QuestsPane.tsx [29ms]
2025-06-09 13:22:31.133 [info] > git show --textconv 9d52c1fa17c80013f91615b4e31feef3d07b2eaf:src/presentation/panes/QuestsPane.tsx [21ms]
2025-06-09 13:22:31.133 [info] > git show --textconv :src/presentation/components/styles/Header.css [11ms]
2025-06-09 13:22:31.133 [info] > git show --textconv 8e6c4cd9ebd76fc16f6300ecdcf839c8f42b3679:src/presentation/state/questStore.ts [2ms]
2025-06-09 13:22:32.668 [info] > git checkout -q main [3ms]
2025-06-09 13:22:32.688 [info] [Git][getRemotes] No remotes found in the git config file
2025-06-09 13:22:32.688 [info] > git config --get commit.template [11ms]
2025-06-09 13:22:32.689 [info] > git for-each-ref --format=%(refname)%00%(upstream:short)%00%(objectname)%00%(upstream:track)%00%(upstream:remotename)%00%(upstream:remoteref) refs/heads/main refs/remotes/main [1ms]
2025-06-09 13:22:32.709 [info] > git status -z -uall [10ms]
2025-06-09 13:22:32.710 [info] > git for-each-ref --sort -committerdate --format %(refname)%00%(objectname)%00%(*objectname) [1ms]
2025-06-09 13:22:32.723 [info] > git for-each-ref --format=%(refname)%00%(upstream:short)%00%(objectname)%00%(upstream:track)%00%(upstream:remotename)%00%(upstream:remoteref) refs/heads/main refs/remotes/main [2ms]
2025-06-09 13:22:32.732 [info] > git config --get --local branch.main.vscode-merge-base [1ms]
2025-06-09 13:22:32.732 [warning] [Git][config] git config failed: Failed to execute git
2025-06-09 13:22:32.743 [info] > git reflog main --grep-reflog=branch: Created from *. [3ms]
2025-06-09 13:22:32.754 [info] > git for-each-ref --sort -committerdate --format %(refname)%00%(objectname)%00%(*objectname) refs/heads/main [2ms]
2025-06-09 13:22:32.768 [info] > git log --format=%H%n%aN%n%aE%n%at%n%ct%n%P%n%D%n%B -z --shortstat --diff-merges=first-parent -n50 --skip=0 --topo-order --decorate=full --stdin [6ms]
2025-06-09 13:22:33.899 [info] > git ls-tree -l 8e6c4cd9ebd76fc16f6300ecdcf839c8f42b3679 -- src/presentation/state/questStore.ts [7ms]
2025-06-09 13:22:33.899 [info] > git ls-tree -l 9d52c1fa17c80013f91615b4e31feef3d07b2eaf -- src/presentation/panes/styles/QuestsPane.css [12ms]
2025-06-09 13:22:33.899 [info] > git ls-tree -l 8e6c4cd9ebd76fc16f6300ecdcf839c8f42b3679 -- src/presentation/panes/styles/QuestsPane.css [19ms]
2025-06-09 13:22:33.899 [info] > git ls-tree -l 9d52c1fa17c80013f91615b4e31feef3d07b2eaf -- src/presentation/panes/QuestsPane.tsx [24ms]
2025-06-09 13:22:33.900 [info] > git ls-tree -l 8e6c4cd9ebd76fc16f6300ecdcf839c8f42b3679 -- src/presentation/panes/QuestsPane.tsx [31ms]
2025-06-09 13:22:33.900 [info] > git ls-tree -l 9d52c1fa17c80013f91615b4e31feef3d07b2eaf -- src/presentation/components/styles/NewQuestButton.css [37ms]
2025-06-09 13:22:33.900 [info] > git ls-tree -l 9d52c1fa17c80013f91615b4e31feef3d07b2eaf -- src/presentation/components/NewQuestButton.tsx [43ms]
2025-06-09 13:22:33.901 [info] > git ls-tree -l 9d52c1fa17c80013f91615b4e31feef3d07b2eaf -- src/presentation/state/questStore.ts [3ms]
2025-06-09 13:22:33.926 [info] > git show --textconv 8e6c4cd9ebd76fc16f6300ecdcf839c8f42b3679:src/presentation/state/questStore.ts [19ms]
2025-06-09 13:22:33.926 [info] > git show --textconv 9d52c1fa17c80013f91615b4e31feef3d07b2eaf:src/presentation/panes/styles/QuestsPane.css [13ms]
2025-06-09 13:22:33.926 [info] > git show --textconv 8e6c4cd9ebd76fc16f6300ecdcf839c8f42b3679:src/presentation/panes/styles/QuestsPane.css [7ms]
2025-06-09 13:22:33.951 [info] > git show --textconv 9d52c1fa17c80013f91615b4e31feef3d07b2eaf:src/presentation/panes/QuestsPane.tsx [26ms]
2025-06-09 13:22:33.952 [info] > git show --textconv 8e6c4cd9ebd76fc16f6300ecdcf839c8f42b3679:src/presentation/panes/QuestsPane.tsx [18ms]
2025-06-09 13:22:33.952 [info] > git show --textconv 9d52c1fa17c80013f91615b4e31feef3d07b2eaf:src/presentation/components/styles/NewQuestButton.css [13ms]
2025-06-09 13:22:33.952 [info] > git show --textconv 9d52c1fa17c80013f91615b4e31feef3d07b2eaf:src/presentation/components/NewQuestButton.tsx [8ms]
2025-06-09 13:22:33.952 [info] > git show --textconv 9d52c1fa17c80013f91615b4e31feef3d07b2eaf:src/presentation/state/questStore.ts [2ms]
2025-06-09 13:22:34.974 [info] > git show --textconv :src/presentation/components/styles/Header.css [9ms]
2025-06-09 13:22:34.974 [info] > git ls-files --stage -- src/presentation/components/styles/Header.css [1ms]
2025-06-09 13:22:34.982 [info] > git cat-file -s c5727c56ca7ef4aa33057e678e78b42781c87e5a [1ms]
2025-06-09 13:22:35.729 [info] [Git][getRemotes] No remotes found in the git config file
2025-06-09 13:22:35.729 [info] > git config --get commit.template [7ms]
2025-06-09 13:22:35.729 [info] > git for-each-ref --format=%(refname)%00%(upstream:short)%00%(objectname)%00%(upstream:track)%00%(upstream:remotename)%00%(upstream:remoteref) refs/heads/main refs/remotes/main [1ms]
2025-06-09 13:22:35.746 [info] > git status -z -uall [9ms]
2025-06-09 13:22:35.746 [info] > git for-each-ref --sort -committerdate --format %(refname)%00%(objectname)%00%(*objectname) [1ms]
2025-06-09 13:22:38.574 [info] > git ls-tree -l 9d52c1fa17c80013f91615b4e31feef3d07b2eaf -- src/presentation/components/styles/NewQuestButton.css [14ms]
2025-06-09 13:22:38.575 [info] > git ls-tree -l 9d52c1fa17c80013f91615b4e31feef3d07b2eaf -- src/presentation/components/NewQuestButton.tsx [2ms]
2025-06-09 13:22:48.680 [info] > git ls-tree -l 9d52c1fa17c80013f91615b4e31feef3d07b2eaf -- src/presentation/components/styles/NewQuestButton.css [15ms]
2025-06-09 13:22:48.682 [info] > git config --get commit.template [25ms]
2025-06-09 13:22:48.682 [info] > git ls-tree -l 9d52c1fa17c80013f91615b4e31feef3d07b2eaf -- src/presentation/components/NewQuestButton.tsx [3ms]
2025-06-09 13:22:48.694 [info] [Git][getRemotes] No remotes found in the git config file
2025-06-09 13:22:48.695 [info] > git for-each-ref --format=%(refname)%00%(upstream:short)%00%(objectname)%00%(upstream:track)%00%(upstream:remotename)%00%(upstream:remoteref) refs/heads/main refs/remotes/main [1ms]
2025-06-09 13:22:48.713 [info] > git status -z -uall [6ms]
2025-06-09 13:22:48.714 [info] > git for-each-ref --sort -committerdate --format %(refname)%00%(objectname)%00%(*objectname) [1ms]
2025-06-09 13:23:01.960 [info] > git ls-tree -l 9d52c1fa17c80013f91615b4e31feef3d07b2eaf -- src/presentation/components/styles/NewQuestButton.css [13ms]
2025-06-09 13:23:01.961 [info] > git ls-tree -l 9d52c1fa17c80013f91615b4e31feef3d07b2eaf -- src/presentation/components/NewQuestButton.tsx [1ms]
2025-06-09 13:23:16.997 [info] > git ls-tree -l 9d52c1fa17c80013f91615b4e31feef3d07b2eaf -- src/presentation/components/styles/NewQuestButton.css [10ms]
2025-06-09 13:23:16.998 [info] > git config --get commit.template [21ms]
2025-06-09 13:23:16.998 [info] > git ls-tree -l 9d52c1fa17c80013f91615b4e31feef3d07b2eaf -- src/presentation/components/NewQuestButton.tsx [2ms]
2025-06-09 13:23:17.008 [info] [Git][getRemotes] No remotes found in the git config file
2025-06-09 13:23:17.008 [info] > git for-each-ref --format=%(refname)%00%(upstream:short)%00%(objectname)%00%(upstream:track)%00%(upstream:remotename)%00%(upstream:remoteref) refs/heads/main refs/remotes/main [1ms]
2025-06-09 13:23:17.025 [info] > git status -z -uall [8ms]
2025-06-09 13:23:17.025 [info] > git for-each-ref --sort -committerdate --format %(refname)%00%(objectname)%00%(*objectname) [1ms]
2025-06-09 13:23:18.463 [info] > git ls-tree -l 9d52c1fa17c80013f91615b4e31feef3d07b2eaf -- src/presentation/components/styles/NewQuestButton.css [13ms]
2025-06-09 13:23:18.464 [info] > git ls-tree -l 9d52c1fa17c80013f91615b4e31feef3d07b2eaf -- src/presentation/components/NewQuestButton.tsx [2ms]
2025-06-09 13:23:51.200 [info] > git ls-tree -l 9d52c1fa17c80013f91615b4e31feef3d07b2eaf -- src/presentation/components/styles/NewQuestButton.css [16ms]
2025-06-09 13:23:51.201 [info] > git config --get commit.template [31ms]
2025-06-09 13:23:51.211 [info] [Git][getRemotes] No remotes found in the git config file
2025-06-09 13:23:51.211 [info] > git ls-tree -l 9d52c1fa17c80013f91615b4e31feef3d07b2eaf -- src/presentation/components/NewQuestButton.tsx [12ms]
2025-06-09 13:23:51.212 [info] > git for-each-ref --format=%(refname)%00%(upstream:short)%00%(objectname)%00%(upstream:track)%00%(upstream:remotename)%00%(upstream:remoteref) refs/heads/main refs/remotes/main [1ms]
2025-06-09 13:23:51.233 [info] > git status -z -uall [9ms]
2025-06-09 13:23:51.234 [info] > git for-each-ref --sort -committerdate --format %(refname)%00%(objectname)%00%(*objectname) [3ms]
2025-06-09 13:23:54.744 [info] > git ls-tree -l 9d52c1fa17c80013f91615b4e31feef3d07b2eaf -- src/presentation/components/styles/NewQuestButton.css [13ms]
2025-06-09 13:23:54.745 [info] > git ls-tree -l 9d52c1fa17c80013f91615b4e31feef3d07b2eaf -- src/presentation/components/NewQuestButton.tsx [2ms]
2025-06-09 13:23:57.857 [info] > git ls-tree -l 9d52c1fa17c80013f91615b4e31feef3d07b2eaf -- src/presentation/components/styles/NewQuestButton.css [14ms]
2025-06-09 13:23:57.858 [info] > git ls-tree -l 9d52c1fa17c80013f91615b4e31feef3d07b2eaf -- src/presentation/components/NewQuestButton.tsx [1ms]
2025-06-09 13:24:16.183 [info] > git ls-tree -l 9d52c1fa17c80013f91615b4e31feef3d07b2eaf -- src/presentation/components/styles/NewQuestButton.css [13ms]
2025-06-09 13:24:16.185 [info] > git ls-tree -l 9d52c1fa17c80013f91615b4e31feef3d07b2eaf -- src/presentation/components/NewQuestButton.tsx [3ms]
2025-06-09 13:24:17.038 [info] > git ls-tree -l 9d52c1fa17c80013f91615b4e31feef3d07b2eaf -- src/presentation/components/styles/NewQuestButton.css [13ms]
2025-06-09 13:24:17.039 [info] > git ls-tree -l 9d52c1fa17c80013f91615b4e31feef3d07b2eaf -- src/presentation/components/NewQuestButton.tsx [1ms]
2025-06-09 13:26:25.076 [info] > git ls-tree -l 9d52c1fa17c80013f91615b4e31feef3d07b2eaf -- src/presentation/components/styles/NewQuestButton.css [10ms]
2025-06-09 13:26:25.077 [info] > git ls-tree -l 9d52c1fa17c80013f91615b4e31feef3d07b2eaf -- src/presentation/components/NewQuestButton.tsx [2ms]
2025-06-09 13:27:42.664 [info] > git ls-tree -l 9d52c1fa17c80013f91615b4e31feef3d07b2eaf -- src/presentation/components/styles/NewQuestButton.css [11ms]
2025-06-09 13:27:42.665 [info] > git ls-tree -l 9d52c1fa17c80013f91615b4e31feef3d07b2eaf -- src/presentation/components/NewQuestButton.tsx [1ms]
2025-06-09 13:28:07.856 [info] > git ls-tree -l 9d52c1fa17c80013f91615b4e31feef3d07b2eaf -- src/presentation/components/styles/NewQuestButton.css [15ms]
2025-06-09 13:28:07.857 [info] > git ls-tree -l 9d52c1fa17c80013f91615b4e31feef3d07b2eaf -- src/presentation/components/NewQuestButton.tsx [2ms]
2025-06-09 13:30:15.462 [info] > git ls-tree -l 9d52c1fa17c80013f91615b4e31feef3d07b2eaf -- src/presentation/components/styles/NewQuestButton.css [14ms]
2025-06-09 13:30:15.463 [info] > git ls-tree -l 9d52c1fa17c80013f91615b4e31feef3d07b2eaf -- src/presentation/components/NewQuestButton.tsx [1ms]
2025-06-09 13:32:37.700 [info] > git ls-tree -l 9d52c1fa17c80013f91615b4e31feef3d07b2eaf -- src/presentation/components/styles/NewQuestButton.css [15ms]
2025-06-09 13:32:37.701 [info] > git ls-tree -l 9d52c1fa17c80013f91615b4e31feef3d07b2eaf -- src/presentation/components/NewQuestButton.tsx [3ms]
2025-06-09 13:32:39.918 [info] > git check-ignore -v -z --stdin [1ms]
2025-06-09 13:32:45.838 [info] > git show --textconv :vite.config.ts [10ms]
2025-06-09 13:32:45.838 [info] > git ls-files --stage -- vite.config.ts [1ms]
2025-06-09 13:32:45.849 [info] > git cat-file -s 8b0f57b91aeb45c54467e29f983a0893dc83c4d9 [1ms]
2025-06-09 13:32:49.411 [info] > git ls-tree -l 9d52c1fa17c80013f91615b4e31feef3d07b2eaf -- src/presentation/components/styles/NewQuestButton.css [14ms]
2025-06-09 13:32:49.413 [info] > git ls-tree -l 9d52c1fa17c80013f91615b4e31feef3d07b2eaf -- src/presentation/components/NewQuestButton.tsx [3ms]
2025-06-09 13:32:50.727 [info] > git show --textconv :package.json [12ms]
2025-06-09 13:32:50.730 [info] > git ls-files --stage -- package.json [4ms]
2025-06-09 13:32:50.739 [info] > git cat-file -s a9f7b10f4f68ae2d5a176eb80636759178b78bee [2ms]
2025-06-09 13:32:54.593 [info] > git ls-tree -l 9d52c1fa17c80013f91615b4e31feef3d07b2eaf -- src/presentation/components/styles/NewQuestButton.css [19ms]
2025-06-09 13:32:54.594 [info] > git ls-tree -l 9d52c1fa17c80013f91615b4e31feef3d07b2eaf -- src/presentation/components/NewQuestButton.tsx [5ms]
2025-06-09 13:33:03.962 [info] > git ls-tree -l 9d52c1fa17c80013f91615b4e31feef3d07b2eaf -- src/presentation/components/styles/NewQuestButton.css [14ms]
2025-06-09 13:33:03.963 [info] > git ls-tree -l 9d52c1fa17c80013f91615b4e31feef3d07b2eaf -- src/presentation/components/NewQuestButton.tsx [2ms]
2025-06-09 13:33:05.347 [info] > git blame --root --incremental 9d52c1fa17c80013f91615b4e31feef3d07b2eaf -- package.json [3ms]
2025-06-09 13:33:09.759 [info] [Git][getRemotes] No remotes found in the git config file
2025-06-09 13:33:09.759 [info] > git config --get commit.template [7ms]
2025-06-09 13:33:09.760 [info] > git for-each-ref --format=%(refname)%00%(upstream:short)%00%(objectname)%00%(upstream:track)%00%(upstream:remotename)%00%(upstream:remoteref) refs/heads/main refs/remotes/main [1ms]
2025-06-09 13:33:09.770 [info] > git status -z -uall [5ms]
2025-06-09 13:33:09.771 [info] > git for-each-ref --sort -committerdate --format %(refname)%00%(objectname)%00%(*objectname) [1ms]
2025-06-09 13:33:10.226 [info] > git ls-tree -l 9d52c1fa17c80013f91615b4e31feef3d07b2eaf -- src/presentation/components/styles/NewQuestButton.css [15ms]
2025-06-09 13:33:10.227 [info] > git ls-tree -l 9d52c1fa17c80013f91615b4e31feef3d07b2eaf -- src/presentation/components/NewQuestButton.tsx [2ms]
2025-06-09 13:33:14.568 [info] > git ls-tree -l 9d52c1fa17c80013f91615b4e31feef3d07b2eaf -- src/presentation/components/styles/NewQuestButton.css [14ms]
2025-06-09 13:33:14.569 [info] > git ls-tree -l 9d52c1fa17c80013f91615b4e31feef3d07b2eaf -- src/presentation/components/NewQuestButton.tsx [2ms]
2025-06-09 13:33:16.702 [info] [Git][getRemotes] No remotes found in the git config file
2025-06-09 13:33:16.703 [info] > git config --get commit.template [7ms]
2025-06-09 13:33:16.703 [info] > git for-each-ref --format=%(refname)%00%(upstream:short)%00%(objectname)%00%(upstream:track)%00%(upstream:remotename)%00%(upstream:remoteref) refs/heads/main refs/remotes/main [1ms]
2025-06-09 13:33:16.718 [info] > git status -z -uall [8ms]
2025-06-09 13:33:16.719 [info] > git for-each-ref --sort -committerdate --format %(refname)%00%(objectname)%00%(*objectname) [2ms]
2025-06-09 13:33:28.186 [info] [Git][getRemotes] No remotes found in the git config file
2025-06-09 13:33:28.187 [info] > git config --get commit.template [8ms]
2025-06-09 13:33:28.187 [info] > git for-each-ref --format=%(refname)%00%(upstream:short)%00%(objectname)%00%(upstream:track)%00%(upstream:remotename)%00%(upstream:remoteref) refs/heads/main refs/remotes/main [1ms]
2025-06-09 13:33:28.198 [info] > git status -z -uall [6ms]
2025-06-09 13:33:28.199 [info] > git for-each-ref --sort -committerdate --format %(refname)%00%(objectname)%00%(*objectname) [1ms]
2025-06-09 13:33:29.438 [info] > git show --textconv :src/presentation/components/styles/Header.css [9ms]
2025-06-09 13:33:29.438 [info] > git ls-files --stage -- src/presentation/components/styles/Header.css [1ms]
2025-06-09 13:33:29.446 [info] > git cat-file -s c5727c56ca7ef4aa33057e678e78b42781c87e5a [1ms]
2025-06-09 13:33:30.440 [info] > git ls-tree -l 9d52c1fa17c80013f91615b4e31feef3d07b2eaf -- src/presentation/components/styles/NewQuestButton.css [13ms]
2025-06-09 13:33:30.441 [info] > git ls-tree -l 9d52c1fa17c80013f91615b4e31feef3d07b2eaf -- src/presentation/components/NewQuestButton.tsx [3ms]
2025-06-09 13:47:34.731 [info] > git ls-tree -l 9d52c1fa17c80013f91615b4e31feef3d07b2eaf -- src/presentation/components/styles/NewQuestButton.css [18ms]
2025-06-09 13:47:34.732 [info] > git ls-tree -l 9d52c1fa17c80013f91615b4e31feef3d07b2eaf -- src/presentation/components/NewQuestButton.tsx [2ms]
2025-06-09 13:48:23.110 [info] > git ls-tree -l 9d52c1fa17c80013f91615b4e31feef3d07b2eaf -- src/presentation/components/styles/NewQuestButton.css [13ms]
2025-06-09 13:48:23.111 [info] > git ls-tree -l 9d52c1fa17c80013f91615b4e31feef3d07b2eaf -- src/presentation/components/NewQuestButton.tsx [3ms]
2025-06-09 13:48:23.466 [info] > git ls-tree -l 9d52c1fa17c80013f91615b4e31feef3d07b2eaf -- src/presentation/components/styles/NewQuestButton.css [15ms]
2025-06-09 13:48:23.467 [info] > git ls-tree -l 9d52c1fa17c80013f91615b4e31feef3d07b2eaf -- src/presentation/components/NewQuestButton.tsx [2ms]
2025-06-09 13:48:24.446 [info] > git ls-tree -l 9d52c1fa17c80013f91615b4e31feef3d07b2eaf -- src/presentation/components/styles/NewQuestButton.css [16ms]
2025-06-09 13:48:24.447 [info] > git ls-tree -l 9d52c1fa17c80013f91615b4e31feef3d07b2eaf -- src/presentation/components/NewQuestButton.tsx [2ms]
2025-06-09 13:49:38.796 [info] > git ls-tree -l 9d52c1fa17c80013f91615b4e31feef3d07b2eaf -- src/presentation/components/styles/NewQuestButton.css [9ms]
2025-06-09 13:49:38.798 [info] > git ls-tree -l 9d52c1fa17c80013f91615b4e31feef3d07b2eaf -- src/presentation/components/NewQuestButton.tsx [2ms]
2025-06-09 13:50:33.158 [info] > git ls-tree -l 9d52c1fa17c80013f91615b4e31feef3d07b2eaf -- src/presentation/components/styles/NewQuestButton.css [13ms]
2025-06-09 13:50:33.159 [info] > git ls-tree -l 9d52c1fa17c80013f91615b4e31feef3d07b2eaf -- src/presentation/components/NewQuestButton.tsx [2ms]
2025-06-09 13:51:36.441 [info] > git ls-tree -l 9d52c1fa17c80013f91615b4e31feef3d07b2eaf -- src/presentation/components/styles/NewQuestButton.css [13ms]
2025-06-09 13:51:36.442 [info] > git ls-tree -l 9d52c1fa17c80013f91615b4e31feef3d07b2eaf -- src/presentation/components/NewQuestButton.tsx [2ms]
2025-06-09 13:51:37.139 [info] > git ls-tree -l 9d52c1fa17c80013f91615b4e31feef3d07b2eaf -- src/presentation/components/styles/NewQuestButton.css [13ms]
2025-06-09 13:51:37.140 [info] > git ls-tree -l 9d52c1fa17c80013f91615b4e31feef3d07b2eaf -- src/presentation/components/NewQuestButton.tsx [2ms]
2025-06-09 13:52:15.027 [info] > git ls-tree -l 9d52c1fa17c80013f91615b4e31feef3d07b2eaf -- src/presentation/components/styles/NewQuestButton.css [11ms]
2025-06-09 13:52:15.028 [info] > git ls-tree -l 9d52c1fa17c80013f91615b4e31feef3d07b2eaf -- src/presentation/components/NewQuestButton.tsx [1ms]
2025-06-09 13:56:11.546 [info] > git ls-tree -l 9d52c1fa17c80013f91615b4e31feef3d07b2eaf -- src/presentation/components/styles/NewQuestButton.css [12ms]
2025-06-09 13:56:11.547 [info] > git ls-tree -l 9d52c1fa17c80013f91615b4e31feef3d07b2eaf -- src/presentation/components/NewQuestButton.tsx [2ms]
2025-06-09 13:57:26.168 [info] > git ls-tree -l 9d52c1fa17c80013f91615b4e31feef3d07b2eaf -- src/presentation/components/styles/NewQuestButton.css [12ms]
2025-06-09 13:57:26.169 [info] > git ls-tree -l 9d52c1fa17c80013f91615b4e31feef3d07b2eaf -- src/presentation/components/NewQuestButton.tsx [2ms]
2025-06-09 14:02:29.868 [info] > git ls-tree -l 9d52c1fa17c80013f91615b4e31feef3d07b2eaf -- src/presentation/components/styles/NewQuestButton.css [11ms]
2025-06-09 14:02:29.869 [info] > git ls-tree -l 9d52c1fa17c80013f91615b4e31feef3d07b2eaf -- src/presentation/components/NewQuestButton.tsx [2ms]
2025-06-09 14:22:26.582 [info] > git ls-tree -l 9d52c1fa17c80013f91615b4e31feef3d07b2eaf -- src/presentation/components/styles/NewQuestButton.css [10ms]
2025-06-09 14:22:26.582 [info] > git ls-tree -l 9d52c1fa17c80013f91615b4e31feef3d07b2eaf -- src/presentation/components/NewQuestButton.tsx [1ms]
