Locating server…
Checking if /home/dan/projects/quest/src/presentation/panes/styles/QuestsPane.css may be Tailwind-related…
Checking if /home/dan/projects/quest/src/presentation/panes/styles/QuestsPane.css may be Tailwind-related…
Checking if /home/dan/projects/quest/src/presentation/panes/styles/QuestsPane.css may be Tailwind-related…
Checking if /home/dan/projects/quest/src/presentation/panes/styles/QuestsPane.css may be Tailwind-related…
Checking if /home/dan/projects/quest/src/presentation/panes/styles/QuestsPane.css may be Tailwind-related…
Checking if /home/dan/projects/quest/src/presentation/components/styles/NewQuestButton.css may be Tailwind-related…
Checking if /home/dan/projects/quest/src/presentation/panes/styles/QuestsPane.css may be Tailwind-related…
Checking if /home/dan/projects/quest/src/index.css may be Tailwind-related…
Checking if /home/dan/projects/quest/src/presentation/components/styles/Header.css may be Tailwind-related…
Checking if /home/dan/projects/quest/src/presentation/components/styles/QuestDropdown.css may be Tailwind-related…
Checking if /home/dan/projects/quest/src/presentation/panes/styles/QuestsPane.css may be Tailwind-related…
Checking if /home/dan/projects/quest/src/index.css may be Tailwind-related…
Checking if /home/dan/projects/quest/src/presentation/components/styles/QuestDropdown.css may be Tailwind-related…
Checking if /home/dan/projects/quest/src/presentation/components/styles/Header.css may be Tailwind-related…
Checking if /home/dan/projects/quest/src/presentation/components/styles/Header.css may be Tailwind-related…
Checking if /home/dan/projects/quest/src/presentation/components/styles/Header.css may be Tailwind-related…
Checking if /home/dan/projects/quest/src/presentation/components/styles/NewQuestButton.css may be Tailwind-related…
Checking if /home/dan/projects/quest/src/presentation/panes/styles/QuestsPane.css may be Tailwind-related…
Checking if /home/dan/projects/quest/src/presentation/components/styles/Header.css may be Tailwind-related…
Checking if /home/dan/projects/quest/src/presentation/components/styles/Header.css may be Tailwind-related…
Checking if /home/dan/projects/quest/src/presentation/components/styles/Header.css may be Tailwind-related…
Checking if /home/dan/projects/quest/src/presentation/components/styles/Header.css may be Tailwind-related…
Checking if /home/dan/projects/quest/src/presentation/components/styles/Header.css may be Tailwind-related…
