2025-06-19 11:57:38.399 [info] Extension host with pid 2971 started
2025-06-19 11:57:38.444 [info] ExtensionService#_doActivateExtension vscode.configuration-editing, startup: false, activationEvent: 'onLanguage:jsonc'
2025-06-19 11:57:38.458 [info] ExtensionService#_doActivateExtension vscode.json-language-features, startup: false, activationEvent: 'onLanguage:jsonc'
2025-06-19 11:57:38.528 [info] ExtensionService#_doActivateExtension vscode.typescript-language-features, startup: false, activationEvent: 'onLanguage:jsonc'
2025-06-19 11:57:38.594 [info] ExtensionService#_doActivateExtension vscode.emmet, startup: false, activationEvent: 'onLanguage'
2025-06-19 11:57:38.875 [info] ExtensionService#_doActivateExtension vscode.git-base, startup: true, activationEvent: '*', root cause: vscode.git
2025-06-19 11:57:38.880 [info] ExtensionService#_doActivateExtension vscode.git, startup: true, activationEvent: '*'
2025-06-19 11:57:38.927 [info] ExtensionService#_doActivateExtension vscode.github, startup: true, activationEvent: '*'
2025-06-19 11:57:39.026 [info] Eager extensions activated
2025-06-19 11:57:39.028 [info] ExtensionService#_doActivateExtension vscode.debug-auto-launch, startup: false, activationEvent: 'onStartupFinished'
2025-06-19 11:57:39.030 [info] ExtensionService#_doActivateExtension vscode.merge-conflict, startup: false, activationEvent: 'onStartupFinished'
2025-06-19 11:58:45.670 [info] ExtensionService#_doActivateExtension dbaeumer.vscode-eslint, startup: false, activationEvent: 'onStartupFinished'
2025-06-19 11:59:18.180 [info] ExtensionService#_doActivateExtension Gruntfuggly.todo-tree, startup: false, activationEvent: 'onStartupFinished'
2025-06-19 12:00:51.031 [info] ExtensionService#_doActivateExtension usernamehw.errorlens, startup: false, activationEvent: 'onStartupFinished'
2025-06-19 12:01:01.060 [info] ExtensionService#_doActivateExtension esbenp.prettier-vscode, startup: false, activationEvent: 'onStartupFinished'
2025-06-19 12:01:19.427 [info] ExtensionService#_doActivateExtension dsznajder.es7-react-js-snippets, startup: false, activationEvent: 'onStartupFinished'
2025-06-19 12:04:36.829 [info] ExtensionService#_doActivateExtension bradlc.vscode-tailwindcss, startup: false, activationEvent: 'onStartupFinished'
2025-06-19 12:06:00.361 [info] Extension host terminating: renderer closed the MessagePort
2025-06-19 12:06:00.373 [error] An error occurred when disposing the subscriptions for extension 'Gruntfuggly.todo-tree':
2025-06-19 12:06:00.373 [error] AggregateError: Encountered errors while disposing of store
	at Ei (file:///opt/vscodium-bin/resources/app/out/vs/workbench/api/node/extensionHostProcess.js:25:822)
	at file:///opt/vscodium-bin/resources/app/out/vs/workbench/api/node/extensionHostProcess.js:124:18462
	at file:///opt/vscodium-bin/resources/app/out/vs/workbench/api/node/extensionHostProcess.js:25:1056
	at Object.dispose (file:///opt/vscodium-bin/resources/app/out/vs/workbench/api/node/extensionHostProcess.js:8:705)
	at yJ._deactivate (file:///opt/vscodium-bin/resources/app/out/vs/workbench/api/node/extensionHostProcess.js:124:14727)
	at file:///opt/vscodium-bin/resources/app/out/vs/workbench/api/node/extensionHostProcess.js:124:12013
	at Array.map (<anonymous>)
	at yJ._deactivateAll (file:///opt/vscodium-bin/resources/app/out/vs/workbench/api/node/extensionHostProcess.js:124:12001)
	at yJ.terminate (file:///opt/vscodium-bin/resources/app/out/vs/workbench/api/node/extensionHostProcess.js:124:12354)
	at B9.terminate (file:///opt/vscodium-bin/resources/app/out/vs/workbench/api/node/extensionHostProcess.js:126:1082)
	at ms (file:///opt/vscodium-bin/resources/app/out/vs/workbench/api/node/extensionHostProcess.js:361:5320)
	at MessagePortMain.<anonymous> (file:///opt/vscodium-bin/resources/app/out/vs/workbench/api/node/extensionHostProcess.js:361:1775)
	at MessagePortMain.emit (node:events:518:28)
	at MessagePortMain._internalPort.emit (node:electron/js2c/utility_init:2:3073)
2025-06-19 12:06:00.375 [info] Extension host with pid 2971 exiting with code 0
