2025-06-19 13:04:38.920 [info] [main] Log level: Info
2025-06-19 13:04:38.920 [info] [main] Validating found git in: "git"
2025-06-19 13:04:38.920 [info] [main] Using git "2.50.0" from "git"
2025-06-19 13:04:38.920 [info] [Model][doInitialScan] Initial repository scan started
2025-06-19 13:04:38.920 [info] > git rev-parse --show-toplevel [115ms]
2025-06-19 13:04:38.920 [info] > git rev-parse --git-dir --git-common-dir [439ms]
2025-06-19 13:04:38.920 [info] [Model][openRepository] Opened repository (path): /home/dan/Documents/projects/quest
2025-06-19 13:04:38.920 [info] [Model][openRepository] Opened repository (real path): /home/dan/Documents/projects/quest
2025-06-19 13:04:38.920 [info] > git rev-parse --show-toplevel [19ms]
2025-06-19 13:04:38.920 [info] > git config --get commit.template [24ms]
2025-06-19 13:04:38.936 [info] > git rev-parse --show-toplevel [9ms]
2025-06-19 13:04:38.936 [info] [Model][doInitialScan] Initial repository scan completed - repositories (1), closed repositories (0), parent repositories (0), unsafe repositories (0)
2025-06-19 13:04:38.938 [info] > git for-each-ref --format=%(refname)%00%(upstream:short)%00%(objectname)%00%(upstream:track)%00%(upstream:remotename)%00%(upstream:remoteref) refs/heads/main refs/remotes/main [3ms]
2025-06-19 13:04:38.945 [warning] [Git][revParse] Unable to read file: ENOENT: no such file or directory, open '/home/dan/Documents/projects/quest/.git/refs/remotes/origin/main'
2025-06-19 13:04:38.946 [info] > git rev-parse refs/remotes/origin/main [1ms]
2025-06-19 13:04:38.960 [info] > git status -z -uall [8ms]
2025-06-19 13:04:38.961 [info] > git for-each-ref --sort -committerdate --format %(refname)%00%(objectname)%00%(*objectname) [2ms]
2025-06-19 13:04:38.979 [info] > git for-each-ref --format=%(refname)%00%(upstream:short)%00%(objectname)%00%(upstream:track)%00%(upstream:remotename)%00%(upstream:remoteref) refs/heads/main refs/remotes/main [8ms]
2025-06-19 13:04:38.986 [info] > git config --get --local branch.main.vscode-merge-base [1ms]
2025-06-19 13:04:38.992 [info] > git config --get commit.template [13ms]
2025-06-19 13:04:39.014 [info] > git for-each-ref --format=%(refname)%00%(upstream:short)%00%(objectname)%00%(upstream:track)%00%(upstream:remotename)%00%(upstream:remoteref) refs/heads/origin/main refs/remotes/origin/main [22ms]
2025-06-19 13:04:39.022 [info] > git merge-base refs/heads/main refs/remotes/origin/main [2ms]
2025-06-19 13:04:39.028 [info] > git for-each-ref --format=%(refname)%00%(upstream:short)%00%(objectname)%00%(upstream:track)%00%(upstream:remotename)%00%(upstream:remoteref) refs/heads/main refs/remotes/main [15ms]
2025-06-19 13:04:39.033 [warning] [Git][revParse] Unable to read file: ENOENT: no such file or directory, open '/home/dan/Documents/projects/quest/.git/refs/remotes/origin/main'
2025-06-19 13:04:39.042 [info] > git rev-parse refs/remotes/origin/main [9ms]
2025-06-19 13:04:39.052 [info] > git diff --name-status -z --diff-filter=ADMR 36f212a9031bca0b2433185739ea635533011070...refs/remotes/origin/main [24ms]
2025-06-19 13:04:39.053 [info] > git status -z -uall [6ms]
2025-06-19 13:04:39.054 [info] > git for-each-ref --sort -committerdate --format %(refname)%00%(objectname)%00%(*objectname) [2ms]
2025-06-19 13:04:39.408 [info] > git check-ignore -v -z --stdin [2ms]
2025-06-19 13:04:45.992 [info] > git config --get commit.template [7ms]
2025-06-19 13:04:45.993 [info] > git for-each-ref --format=%(refname)%00%(upstream:short)%00%(objectname)%00%(upstream:track)%00%(upstream:remotename)%00%(upstream:remoteref) refs/heads/main refs/remotes/main [1ms]
2025-06-19 13:04:45.997 [warning] [Git][revParse] Unable to read file: ENOENT: no such file or directory, open '/home/dan/Documents/projects/quest/.git/refs/remotes/origin/main'
2025-06-19 13:04:45.998 [info] > git rev-parse refs/remotes/origin/main [1ms]
2025-06-19 13:04:46.008 [info] > git status -z -uall [5ms]
2025-06-19 13:04:46.009 [info] > git for-each-ref --sort -committerdate --format %(refname)%00%(objectname)%00%(*objectname) [1ms]
2025-06-19 13:05:22.410 [info] > git config --get commit.template [6ms]
2025-06-19 13:05:22.411 [info] > git check-ignore -v -z --stdin [2ms]
2025-06-19 13:05:22.417 [info] > git for-each-ref --format=%(refname)%00%(upstream:short)%00%(objectname)%00%(upstream:track)%00%(upstream:remotename)%00%(upstream:remoteref) refs/heads/main refs/remotes/main [1ms]
2025-06-19 13:05:22.422 [warning] [Git][revParse] Unable to read file: ENOENT: no such file or directory, open '/home/dan/Documents/projects/quest/.git/refs/remotes/origin/main'
2025-06-19 13:05:22.423 [info] > git rev-parse refs/remotes/origin/main [1ms]
2025-06-19 13:05:22.433 [info] > git status -z -uall [5ms]
2025-06-19 13:05:22.434 [info] > git for-each-ref --sort -committerdate --format %(refname)%00%(objectname)%00%(*objectname) [1ms]
2025-06-19 13:05:27.457 [info] > git config --get commit.template [8ms]
2025-06-19 13:05:27.457 [info] > git for-each-ref --format=%(refname)%00%(upstream:short)%00%(objectname)%00%(upstream:track)%00%(upstream:remotename)%00%(upstream:remoteref) refs/heads/main refs/remotes/main [1ms]
2025-06-19 13:05:27.462 [warning] [Git][revParse] Unable to read file: ENOENT: no such file or directory, open '/home/dan/Documents/projects/quest/.git/refs/remotes/origin/main'
2025-06-19 13:05:27.463 [info] > git rev-parse refs/remotes/origin/main [1ms]
2025-06-19 13:05:27.473 [info] > git status -z -uall [5ms]
2025-06-19 13:05:27.474 [info] > git for-each-ref --sort -committerdate --format %(refname)%00%(objectname)%00%(*objectname) [1ms]
2025-06-19 13:06:24.488 [info] > git config --get commit.template [11ms]
2025-06-19 13:06:24.489 [info] > git for-each-ref --format=%(refname)%00%(upstream:short)%00%(objectname)%00%(upstream:track)%00%(upstream:remotename)%00%(upstream:remoteref) refs/heads/main refs/remotes/main [2ms]
2025-06-19 13:06:24.496 [warning] [Git][revParse] Unable to read file: ENOENT: no such file or directory, open '/home/dan/Documents/projects/quest/.git/refs/remotes/origin/main'
2025-06-19 13:06:24.498 [info] > git rev-parse refs/remotes/origin/main [2ms]
2025-06-19 13:06:24.513 [info] > git status -z -uall [7ms]
2025-06-19 13:06:24.514 [info] > git for-each-ref --sort -committerdate --format %(refname)%00%(objectname)%00%(*objectname) [2ms]
